600 200 161730 90 576 512
132 1
185 2
15 3
95 4
457 5
38 6
64 2
576 5
114 4
413 7
429 1
158 8
199 8
514 9
310 10
190 11
593 12
238 9
115 7
66 13
504 13
191 10
286 6
237 14
587 15
440 15
325 16
11 9
454 8
7 17
35 18
255 19
79 20
51 21
485 22
334 23
43 11
432 12
245 23
144 24
521 24
344 14
409 25
205 26
298 27
229 17
30 28
84 22
39 21
167 20
446 29
436 14
563 30
149 18
473 16
223 28
304 31
148 27
393 32
2 19
548 29
135 19
73 33
277 31
111 34
536 35
214 36
387 32
241 37
218 23
24 38
466 39
256 20
510 30
487 3
349 40
565 3
495 33
290 41
337 36
401 42
3 39
227 38
428 37
143 25
361 43
168 44
502 11
145 44
342 18
407 45
141 42
400 34
509 46
444 1
78 47
492 48
86 41
257 40
9 49
437 50
346 16
202 49
388 7
147 28
508 5
53 13
525 48
319 45
480 29
203 50
600 35
216 26
506 10
233 50
37 51
597 27
293 43
411 52
82 53
153 6
323 52
364 46
543 43
281 54
137 41
251 55
213 56
403 57
139 58
125 47
4 57
69 59
570 45
302 53
555 55
33 60
451 40
483 61
101 54
120 62
212 52
197 58
179 61
404 63
326 37
193 33
263 46
371 55
96 56
180 64
331 65
18 64
507 38
526 66
105 12
540 15
303 67
501 62
498 68
579 32
94 51
1 69
56 70
592 71
266 63
178 40
235 63
598 59
380 72
5 73
65 69
52 74
397 39
312 70
108 66
594 31
398 44
476 71
358 75
321 65
402 10
77 76
425 77
453 78
230 79
500 59
435 67
129 80
109 81
136 76
489 74
91 82
208 72
456 82
123 83
90 84
29 82
467 85
572 26
209 84
26 73
475 86
261 68
416 87
418 67
157 75
252 53
271 15
67 81
544 86
392 60
253 85
566 88
384 89
522 72
486 88
8 90
107 80
98 77
301 51
254 78
127 91
571 78
44 64
103 73
294 71
515 92
154 89
399 93
595 94
537 79
187 95
117 96
87 97
452 98
219 83
532 91
89 96
170 24
162 87
365 6
359 35
28 94
588 43
171 99
317 100
265 101
150 86
49 102
130 103
562 85
54 97
192 77
320 104
128 105
10 90
14 106
270 30
155 93
391 16
163 99
554 1
97 107
247 98
232 101
116 108
367 109
538 92
173 110
62 110
210 88
207 87
529 65
345 111
350 103
378 67
406 112
184 111
493 113
375 102
81 104
449 25
585 108
528 106
124 93
459 58
131 60
225 107
584 109
460 95
201 70
291 68
204 74
533 60
71 4
441 108
482 89
468 113
469 114
385 115
513 116
283 115
315 79
70 117
239 107
518 69
295 112
278 100
133 114
313 118
327 119
335 120
410 56
243 27
211 94
450 116
324 119
80 121
516 95
534 20
224 121
260 122
370 123
222 124
85 125
57 126
421 105
383 30
285 122
329 127
316 120
496 17
464 128
438 124
47 129
22 130
564 36
58 131
104 127
569 123
426 132
472 61
200 91
581 133
527 116
590 118
347 2
395 132
503 119
280 99
181 134
300 92
59 130
488 125
126 135
574 126
31 129
156 126
236 38
259 136
424 76
596 81
420 84
333 128
443 111
142 134
328 136
169 100
470 137
267 138
231 139
311 117
524 133
490 140
431 138
348 140
447 141
146 131
134 117
292 135
557 139
463 142
376 98
19 133
106 143
477 144
122 125
322 145
568 109
556 146
13 147
226 148
360 7
307 99
61 149
121 148
264 142
46 146
479 64
220 132
279 54
48 150
423 114
110 143
186 151
362 152
41 129
246 141
250 57
75 153
34 144
520 154
505 24
72 155
288 156
523 34
262 140
511 121
433 149
577 145
559 48
42 148
394 107
546 137
586 49
484 39
339 58
74 153
177 157
589 158
439 159
272 75
318 101
274 152
458 139
471 152
151 155
567 160
481 14
244 61
234 159
419 161
541 112
491 154
442 162
461 113
474 128
217 150
118 122
76 163
228 90
462 115
83 164
512 157
159 165
102 166
175 146
164 120
166 167
547 162
165 49
196 154
194 159
396 104
330 97
6 158
430 168
174 165
140 167
386 151
539 117
369 161
341 83
299 169
287 169
50 170
332 166
36 147
372 171
338 172
351 72
560 137
417 163
23 173
465 160
206 23
152 168
340 127
113 174
161 170
16 175
100 176
93 156
27 172
188 177
25 178
138 179
412 145
382 171
448 118
242 170
273 141
99 174
189 158
575 105
558 180
336 175
573 162
172 143
21 181
368 182
92 183
549 184
497 185
550 50
374 35
478 157
427 182
182 131
305 62
405 186
551 178
390 93
445 177
284 173
12 187
215 186
176 184
377 136
282 124
494 103
535 183
366 188
357 189
381 150
40 108
553 52
268 42
414 155
542 173
582 190
258 22
499 105
519 48
240 151
198 84
195 191
314 42
119 164
306 147
545 186
17 192
343 123
20 135
309 177
379 193
297 187
389 179
583 180
249 87
275 121
55 192
353 66
289 194
415 32
578 128
531 195
373 188
308 172
160 196
112 191
45 197
221 102
296 185
434 115
355 194
422 142
552 65
63 190
248 156
455 12
356 25
88 154
599 176
68 198
530 199
580 189
32 53
408 193
60 181
517 195
276 171
591 176
269 197
561 200
352 198
354 182
183 200
363 160

