600 100 107820 60 477 301
54 1
587 1
270 2
240 2
26 3
599 3
58 4
233 5
22 6
408 4
122 1
222 4
56 2
82 5
263 7
151 6
140 8
249 7
369 8
463 9
490 3
315 8
471 7
180 7
185 9
479 10
388 3
267 11
402 8
125 10
14 12
378 9
397 12
290 11
412 5
528 11
255 10
241 5
483 11
296 9
329 7
227 3
354 13
521 14
234 14
199 15
141 16
236 6
581 14
50 15
524 15
564 12
94 6
405 17
184 18
440 7
480 2
91 13
406 13
433 17
429 12
77 16
437 19
546 14
213 20
396 8
98 19
152 18
99 10
187 17
427 20
565 20
150 21
550 22
366 12
47 22
274 16
24 21
289 3
568 21
142 15
318 23
355 4
69 19
220 17
400 1
536 11
162 20
229 7
492 14
540 22
454 18
115 17
183 24
356 5
3 23
598 21
301 1
393 2
557 17
394 23
367 11
55 24
525 18
571 7
12 20
18 25
172 26
165 9
239 18
552 25
133 16
57 27
342 25
119 26
43 24
562 20
534 6
127 28
181 26
248 14
428 8
501 27
555 22
398 2
526 26
20 29
313 12
551 4
475 18
294 13
83 25
231 12
457 30
410 26
430 30
235 31
144 25
33 28
582 10
153 32
491 21
1 33
310 19
281 31
200 31
178 32
377 34
324 11
282 23
288 9
62 27
110 28
170 34
6 29
30 35
478 30
489 23
287 13
314 36
553 32
114 35
509 33
351 33
473 36
59 37
211 18
459 32
474 38
373 31
486 20
103 39
149 31
218 8
588 34
16 37
303 34
455 34
308 10
477 24
136 38
424 40
291 38
192 35
96 41
583 42
195 33
535 40
468 40
215 5
160 37
138 43
517 37
548 14
600 36
124 42
541 44
591 32
158 2
362 11
340 29
196 42
482 22
130 28
414 30
476 36
533 41
173 24
494 34
419 11
88 41
214 30
413 39
379 44
42 45
46 43
246 45
121 46
45 39
458 44
52 47
5 45
207 29
415 45
188 48
357 19
35 38
252 49
278 4
245 30
464 39
467 50
510 36
135 43
307 40
285 24
190 19
277 13
545 15
298 47
212 9
166 42
9 40
34 51
198 48
469 12
108 52
155 15
448 46
174 47
556 48
439 53
76 35
597 44
66 49
232 32
461 50
95 43
411 26
496 51
87 53
19 46
484 26
259 53
159 51
532 4
101 54
549 50
380 50
450 49
106 55
131 46
134 55
592 19
268 51
123 56
273 48
370 31
522 36
418 54
386 57
499 58
36 52
275 56
586 59
493 37
364 15
163 54
304 35
466 44
210 50
443 47
570 57
78 54
75 55
189 42
391 44
321 58
49 52
67 59
460 16
434 57
360 60
109 61
186 33
327 57
514 58
520 42
128 52
504 57
409 33
575 48
399 58
435 47
204 54
113 62
503 37
334 63
300 47
470 60
558 27
244 59
350 56
381 9
569 34
271 52
512 48
585 23
116 62
143 64
147 55
317 60
118 64
117 61
506 65
74 66
38 63
449 65
194 60
176 20
311 29
27 67
537 7
337 65
97 66
593 64
297 36
73 68
392 64
243 15
280 63
257 66
344 62
197 56
387 69
456 70
544 66
383 44
451 66
579 68
168 14
590 24
531 13
157 39
580 42
146 67
595 59
79 70
508 49
365 38
596 45
368 56
563 33
331 59
102 70
352 62
389 3
206 69
31 71
242 61
80 68
90 60
265 72
572 51
539 65
272 67
4 73
505 69
299 53
223 57
574 41
560 72
359 27
164 65
371 74
507 48
497 74
566 50
209 62
65 75
120 76
37 71
438 77
323 42
111 73
107 68
573 78
384 63
21 76
260 67
264 56
276 38
567 60
262 72
452 31
295 78
498 73
332 22
171 75
216 50
8 79
293 70
515 67
60 71
68 80
346 77
444 49
375 58
32 78
112 75
81 76
167 32
72 79
85 81
543 74
445 82
363 59
224 6
219 49
266 29
132 82
251 17
487 71
237 74
348 48
11 64
250 5
13 83
258 50
182 63
175 72
284 36
481 28
105 41
511 84
309 18
401 58
447 4
84 85
100 54
161 82
179 53
89 85
500 67
93 77
92 86
193 80
577 31
86 81
177 84
485 2
279 51
145 65
41 86
17 46
416 59
10 83
578 35
341 51
7 82
338 32
15 87
283 88
205 87
431 84
302 79
53 83
319 30
169 28
256 89
63 89
358 79
261 69
538 80
529 16
292 66
2 90
202 87
349 17
589 88
426 48
39 39
339 91
385 19
328 91
44 73
154 89
395 14
420 88
40 90
208 81
254 92
70 71
330 30
335 76
228 65
441 53
446 92
226 88
51 93
28 93
422 91
495 85
559 89
230 78
238 85
421 93
453 94
530 70
325 77
527 58
382 61
320 60
372 72
306 86
374 40
139 22
513 43
286 21
518 91
23 95
584 96
322 65
465 90
253 63
432 93
48 92
436 90
201 96
104 97
404 90
247 57
29 96
312 49
71 73
203 86
126 69
225 94
519 7
425 58
361 41
547 84
417 95
221 83
25 72
502 67
353 76
333 44
403 94
64 81
423 80
336 92
594 77
191 86
554 94
129 85
488 1
137 97
148 89
316 94
576 98
561 88
343 3
305 89
523 55
269 78
516 98
390 96
542 70
61 99
376 73
442 74
347 98
326 92
407 91
156 25
462 9
217 99
472 100
345 10

