600 50 71880 40 334 140
552 1
411 1
482 1
448 1
131 2
301 3
126 3
523 1
539 1
443 1
382 1
54 4
95 2
513 1
453 1
588 1
170 4
467 1
477 1
78 5
73 2
325 2
41 4
476 1
442 1
436 1
491 1
535 1
317 6
44 6
417 1
416 1
600 1
579 1
185 3
367 1
258 7
129 3
46 5
332 1
178 4
364 1
313 7
446 1
149 3
399 1
368 1
120 8
374 1
124 4
145 6
259 2
556 1
273 6
496 1
87 6
246 8
506 1
216 5
127 9
583 1
299 8
471 1
94 9
401 1
576 1
480 1
564 1
464 1
5 5
354 1
537 1
493 1
295 10
383 1
208 10
422 1
339 1
192 11
112 10
137 6
283 3
199 12
130 11
227 9
160 7
171 11
348 1
13 5
72 8
343 1
24 7
473 1
373 1
150 8
516 1
281 12
307 13
141 13
85 11
294 14
277 13
35 13
466 1
437 1
151 15
376 1
276 15
510 1
578 1
553 1
115 16
580 1
16 14
561 1
347 1
48 7
570 1
236 2
53 14
77 2
155 9
297 17
271 16
203 4
316 16
214 13
481 1
235 5
440 1
181 18
91 15
47 8
323 12
75 10
409 1
29 15
177 4
526 1
88 9
61 14
111 17
451 1
528 1
418 1
252 14
7 18
336 1
268 10
205 12
284 3
266 3
225 9
488 1
28 8
326 18
86 17
551 1
385 1
154 2
433 1
390 1
147 18
230 19
465 1
328 19
238 20
191 12
240 21
520 1
224 19
64 6
50 17
308 18
358 1
25 20
52 20
226 12
74 11
515 1
285 21
242 22
592 1
168 12
262 16
296 19
311 22
269 23
248 23
303 6
244 10
58 21
585 1
543 1
351 1
572 1
514 1
394 1
525 1
395 1
474 1
595 1
169 24
62 25
222 22
388 1
202 11
196 24
384 1
37 7
180 20
468 1
189 21
55 20
430 1
194 19
406 1
575 1
45 17
106 23
449 1
280 26
318 25
393 1
186 25
93 5
405 1
426 1
542 1
107 22
463 1
206 26
445 1
499 1
335 1
81 8
590 1
452 1
245 21
344 1
174 25
125 13
135 24
596 1
591 1
163 19
18 26
184 27
243 27
429 1
334 1
36 22
68 23
231 23
175 15
60 28
167 26
359 1
408 1
166 28
38 14
527 1
387 1
71 29
6 27
274 30
250 29
241 4
15 4
70 28
438 1
139 31
327 16
158 25
380 1
489 1
114 29
563 1
110 30
398 1
589 1
441 1
161 6
391 1
211 23
118 21
8 8
413 1
402 1
304 27
403 1
260 28
104 26
217 31
487 1
22 12
264 12
349 1
82 27
80 29
519 1
42 32
562 1
27 33
361 1
96 26
407 1
566 1
289 22
128 32
522 1
531 1
501 1
432 1
143 32
156 16
103 31
362 1
457 1
567 1
483 1
176 30
207 28
23 34
12 19
164 20
462 1
599 1
421 1
573 1
288 17
548 1
101 33
109 29
500 1
293 34
89 31
213 34
355 1
98 35
263 33
337 1
247 36
302 37
59 10
239 30
494 1
366 1
470 1
414 1
431 1
286 38
538 1
179 23
4 35
51 27
20 34
172 32
404 1
113 36
447 1
360 1
229 38
165 9
159 11
26 37
65 31
30 36
486 1
187 39
195 30
11 7
83 29
79 40
479 1
319 41
508 1
312 18
469 1
559 1
372 1
381 1
267 35
34 37
19 39
314 40
97 31
450 1
1 36
279 14
342 1
549 1
555 1
554 1
518 1
3 39
533 1
234 38
517 1
221 37
157 41
485 1
550 1
425 1
146 32
223 42
69 26
529 1
392 1
424 1
14 30
324 43
357 1
134 24
475 1
329 1
536 1
121 35
105 40
309 44
331 1
173 41
472 1
278 36
21 33
454 1
341 1
228 24
201 40
547 1
305 42
254 21
558 1
57 25
140 35
108 34
540 1
534 1
212 43
541 1
495 1
410 1
545 1
574 1
419 1
504 1
565 1
272 42
40 34
116 18
524 1
345 1
43 26
119 23
39 14
509 1
292 38
253 20
546 1
492 1
193 16
397 1
138 3
581 1
204 9
76 25
378 1
571 1
99 15
291 33
63 39
17 9
369 1
321 24
122 10
183 44
315 44
569 1
152 18
84 26
371 1
497 1
249 42
320 28
502 1
598 1
2 35
458 1
577 1
568 1
220 35
32 5
587 1
530 1
270 22
298 44
257 44
400 1
90 30
557 1
459 1
182 37
330 1
218 39
582 1
375 1
232 45
444 1
275 27
322 45
233 46
162 47
340 1
338 1
92 32
261 29
427 1
123 38
237 38
190 41
560 1
594 1
584 1
352 1
209 31
428 1
144 42
377 1
197 13
507 1
490 1
255 46
412 1
434 1
456 1
33 46
198 48
200 22
498 1
356 1
49 45
505 1
365 1
461 1
210 15
142 41
300 43
350 1
512 1
544 1
287 48
353 1
511 1
66 47
133 49
56 20
435 1
521 1
593 1
117 36
256 41
102 46
503 1
396 1
586 1
346 1
219 44
386 1
265 25
484 1
370 1
306 48
67 47
136 49
148 48
478 1
290 41
251 17
10 45
455 1
363 1
420 1
379 1
423 1
532 1
132 34
439 1
460 1
389 1
415 1
153 49
9 47
31 46
100 28
597 1
282 50
215 45
188 43
310 49
333 1

