600 51 71880 40 330 138
431 1
552 1
476 1
344 1
400 1
68 2
85 2
443 1
137 3
355 1
372 1
567 1
273 4
144 3
35 5
123 6
433 1
467 1
395 1
251 4
491 1
193 5
309 2
280 7
303 3
54 3
331 6
375 1
24 8
558 1
247 5
60 2
229 7
101 9
160 3
169 7
417 1
33 4
44 8
178 5
410 1
489 1
348 1
313 9
168 6
599 1
289 10
545 1
361 1
268 5
418 1
593 1
365 1
253 7
537 1
462 1
275 8
287 9
47 4
359 1
100 10
542 1
517 1
461 1
575 1
153 10
79 11
40 6
401 1
483 1
206 8
17 11
190 12
298 13
551 1
135 10
463 1
194 12
487 1
129 11
444 1
543 1
315 13
573 1
369 1
516 1
126 11
181 14
180 11
90 7
347 1
550 1
574 1
320 6
312 8
370 1
237 14
338 1
497 1
564 1
80 13
91 6
5 15
597 1
111 9
52 16
248 17
177 2
212 12
172 14
265 6
436 1
459 1
362 1
329 18
99 6
12 9
548 1
43 14
472 1
262 16
447 1
520 1
541 1
430 1
140 15
67 17
41 13
490 1
429 1
4 9
36 16
274 8
89 17
63 12
409 1
254 10
122 18
437 1
55 19
364 1
307 18
62 20
526 1
413 1
582 1
384 1
538 1
27 8
528 1
270 19
71 7
380 1
97 19
39 15
566 1
83 21
475 1
88 17
484 1
151 12
149 21
340 1
592 1
482 1
225 2
220 13
557 1
22 12
594 1
252 15
219 21
322 22
143 10
148 14
102 14
176 3
191 4
330 16
246 9
368 1
310 20
70 5
434 1
276 13
441 1
189 23
448 1
199 22
505 1
531 1
31 19
259 8
105 8
93 23
383 1
37 18
171 21
588 1
507 1
424 1
164 23
255 24
591 1
471 1
200 22
109 25
30 2
500 1
502 1
14 19
360 1
81 26
232 20
321 11
95 15
544 1
351 1
138 22
385 1
521 1
530 1
170 25
553 1
227 24
184 27
363 1
335 1
560 1
308 20
457 1
163 16
494 1
242 24
478 1
258 28
159 12
48 18
1 25
2 15
485 1
449 1
18 26
337 1
481 1
119 23
142 17
131 18
84 27
522 1
188 28
405 1
50 27
198 28
118 26
571 1
57 7
98 3
394 1
74 29
203 29
336 1
423 1
561 1
297 26
9 25
187 24
391 1
263 22
356 1
285 25
513 1
371 1
529 1
523 1
103 30
175 30
501 1
572 1
146 31
154 28
96 32
236 14
306 24
382 1
578 1
515 1
366 1
556 1
3 3
72 31
218 23
345 1
397 1
377 1
540 1
294 21
293 31
367 1
202 6
442 1
474 1
125 30
376 1
226 30
8 27
112 16
301 22
311 26
324 11
244 16
354 1
13 30
115 20
460 1
565 1
230 29
86 33
503 1
450 1
504 1
173 5
392 1
506 1
209 32
534 1
288 29
117 28
21 21
128 13
510 1
278 14
110 25
192 33
427 1
387 1
249 4
19 5
468 1
25 29
295 13
343 1
38 34
512 1
373 1
222 7
106 27
495 1
92 29
419 1
69 34
563 1
332 32
493 1
379 1
406 1
407 1
133 28
261 26
239 10
45 33
51 33
147 20
341 1
49 35
279 35
532 1
156 35
339 1
328 21
440 1
549 1
408 1
511 1
579 1
357 1
264 21
486 1
204 34
257 36
451 1
456 1
455 1
77 36
214 37
210 34
525 1
58 37
130 38
465 1
458 1
228 27
439 1
492 1
150 15
223 39
353 1
316 36
319 29
438 1
300 40
23 31
302 32
158 5
446 1
182 36
524 1
240 17
165 34
104 39
585 1
314 39
124 35
183 35
342 1
250 37
496 1
464 1
291 31
134 37
584 1
318 36
196 34
358 1
453 1
390 1
334 1
7 36
167 31
186 17
587 1
399 1
78 39
42 12
296 38
107 30
221 40
234 7
64 17
233 39
499 1
269 33
428 1
416 1
217 41
174 37
286 25
284 41
271 42
389 1
28 12
15 41
547 1
378 1
576 1
46 43
350 1
509 1
305 24
414 1
238 14
466 1
59 10
349 1
113 30
53 39
580 1
470 1
201 4
595 1
277 31
94 41
155 40
20 38
327 38
205 20
87 37
421 1
508 1
586 1
75 16
108 42
420 1
82 23
426 1
11 36
211 39
581 1
402 1
323 32
396 1
346 1
207 33
555 1
121 44
411 1
241 45
195 43
26 2
452 1
256 35
536 1
422 1
590 1
65 34
598 1
546 1
527 1
145 37
66 9
577 1
386 1
533 1
473 1
6 44
333 45
208 40
224 27
398 1
235 26
197 46
425 1
216 46
388 1
166 47
29 19
283 40
243 15
213 24
76 4
114 41
185 41
469 1
272 42
120 44
215 42
477 1
583 1
412 1
415 1
569 1
488 1
562 1
136 3
519 1
73 38
454 1
404 1
435 1
479 1
139 48
290 42
299 44
161 45
266 48
374 1
514 1
403 1
304 46
260 47
127 17
317 49
245 29
535 1
518 1
282 48
568 1
445 1
231 30
393 1
352 1
381 1
554 1
589 1
570 1
56 50
179 48
132 46
61 49
600 1
480 1
325 15
498 1
16 44
539 1
157 50
596 1
10 48
281 40
162 22
267 50
34 45
141 51
559 1
326 2
292 51
152 43
116 47
32 41
432 1

