1000 375 171375 0 374 374
376 1
92 1
140 2
60 3
397 2
663 3
412 4
830 1
936 2
988 3
974 4
193 4
250 5
815 5
158 6
40 7
152 8
317 9
853 6
102 10
938 7
290 11
767 8
293 12
507 5
129 13
214 14
995 9
11 15
224 16
725 6
404 7
680 8
661 9
111 17
692 10
619 11
897 10
160 18
238 19
920 11
966 12
258 20
503 12
74 21
430 13
658 14
75 22
720 15
769 13
3 23
610 16
494 17
216 24
727 18
635 19
866 14
484 20
959 15
260 25
49 26
6 27
664 21
611 22
349 28
588 23
463 24
707 25
731 26
368 29
613 27
648 28
701 29
35 30
433 30
358 31
786 16
542 31
505 32
960 17
448 33
176 32
862 18
141 33
169 34
126 35
289 36
255 37
572 34
321 38
603 35
274 39
148 40
817 19
26 41
803 20
585 36
347 42
586 37
849 21
378 38
465 39
460 40
696 41
93 43
506 42
299 44
232 45
455 43
58 46
509 44
247 47
937 22
63 48
986 23
123 49
389 45
464 46
362 50
654 47
159 51
332 52
422 48
401 49
297 53
188 54
961 24
144 55
671 50
418 51
882 25
314 56
550 52
411 53
596 54
352 57
674 55
279 58
511 56
355 59
302 60
636 57
470 58
357 61
984 26
142 62
573 59
286 63
237 64
143 65
617 60
223 66
180 67
441 61
277 68
222 69
57 70
209 71
645 62
65 72
499 63
52 73
131 74
267 75
600 64
137 76
234 77
914 27
315 78
154 79
304 80
870 28
477 65
845 29
532 66
793 30
206 81
70 82
980 31
195 83
475 67
84 84
424 68
146 85
519 69
288 86
989 32
323 87
889 33
978 34
497 70
871 35
846 36
406 71
13 88
802 37
179 89
41 90
1 91
83 92
633 72
121 93
874 38
583 73
751 39
764 40
186 94
650 74
568 75
98 95
44 96
164 97
443 76
366 98
662 77
753 41
625 78
153 99
95 100
508 79
421 80
879 42
794 43
256 101
472 81
919 44
579 82
431 83
275 102
890 45
697 84
359 103
122 104
338 105
383 85
860 46
616 86
370 106
269 107
450 87
337 108
563 88
471 89
447 90
905 47
814 48
818 49
261 109
524 91
215 110
945 50
365 111
128 112
515 92
492 93
668 94
681 95
77 113
762 51
868 52
900 53
620 96
264 114
249 115
777 54
481 97
810 55
763 56
700 98
526 99
341 116
310 117
114 118
309 119
970 57
709 100
207 120
530 101
630 102
694 103
564 104
17 121
452 105
979 58
333 122
254 123
502 106
292 124
652 107
816 59
690 108
416 109
850 60
554 110
336 125
162 126
78 127
16 128
659 111
419 112
263 129
233 130
201 131
46 132
981 61
780 62
200 133
749 113
784 63
103 134
898 64
955 65
724 114
518 115
528 116
859 66
891 67
493 117
836 68
918 69
679 118
857 70
429 119
881 71
402 120
624 121
377 122
287 135
560 123
590 124
734 125
489 126
744 127
388 128
385 129
838 72
361 136
902 73
614 130
916 74
386 131
689 132
892 75
399 133
350 137
344 138
733 134
251 139
107 140
451 135
774 76
245 141
950 77
843 78
823 79
183 142
246 143
20 144
729 136
637 137
736 138
483 139
457 140
968 80
547 141
569 142
8 145
85 146
230 147
213 148
783 81
295 149
392 143
45 150
520 144
992 82
91 151
958 83
933 84
360 152
517 145
228 153
427 146
426 147
488 148
571 149
667 150
829 85
50 154
943 86
104 155
97 156
595 151
676 152
15 157
686 153
607 154
199 158
390 155
453 156
567 157
423 158
504 159
512 160
182 159
393 161
982 87
474 162
396 163
675 164
305 160
208 161
757 88
462 165
577 166
548 167
713 168
115 162
800 89
708 169
776 90
538 170
307 163
710 171
576 172
432 173
369 164
634 174
575 175
735 176
685 177
695 178
252 165
954 91
531 179
439 180
739 181
94 166
467 182
157 167
566 183
409 184
285 168
787 92
527 185
374 169
257 170
807 93
738 186
759 94
30 171
703 187
608 188
236 172
469 189
415 190
535 191
743 192
446 193
43 173
797 95
808 96
559 194
184 174
737 195
766 97
300 175
911 98
841 99
790 100
510 196
747 197
947 101
219 176
124 177
702 198
533 199
438 200
788 102
364 178
278 179
459 201
646 202
904 103
631 203
908 104
66 180
732 204
240 181
522 205
847 105
949 106
87 182
33 183
537 206
875 107
589 207
712 208
356 184
281 185
869 108
581 209
618 210
466 211
996 109
135 186
291 187
917 110
398 212
36 188
192 189
82 190
748 213
425 214
584 215
593 216
523 217
61 191
67 192
598 218
622 219
235 193
108 194
242 195
76 196
322 197
956 111
202 198
570 220
525 221
944 112
19 199
963 113
858 114
320 200
983 115
952 116
819 117
896 118
211 201
280 202
167 203
217 204
458 222
863 119
552 223
717 224
728 225
926 120
606 226
972 121
649 227
73 205
627 228
313 206
379 229
171 207
373 208
582 230
133 209
851 122
86 210
921 123
574 231
125 211
485 232
922 124
806 125
541 233
903 126
204 212
253 213
931 127
112 214
820 128
651 234
384 235
218 215
101 216
138 217
822 129
549 236
601 237
42 218
80 219
578 238
758 130
591 239
861 131
191 220
755 132
476 240
414 241
895 133
449 242
765 134
638 243
688 244
885 135
639 245
39 221
942 136
241 222
660 246
561 247
643 248
501 249
602 250
540 251
308 223
887 137
9 224
516 252
120 225
172 226
682 253
116 227
190 228
282 229
272 230
440 254
2 231
678 255
196 232
51 233
4 234
831 138
677 256
48 235
813 139
884 140
400 257
721 258
801 141
296 236
491 259
435 260
64 237
325 238
139 239
934 142
597 261
754 143
395 262
382 263
565 264
468 265
436 266
756 144
604 267
391 268
770 145
969 146
987 147
809 148
479 269
621 270
239 240
442 271
642 272
545 273
88 241
778 149
434 274
268 242
329 243
609 275
812 150
265 244
244 245
835 151
877 152
31 246
723 276
69 247
403 277
473 278
7 248
907 153
804 154
298 249
371 250
495 279
628 280
536 281
848 155
480 282
781 156
772 157
775 158
718 283
410 284
487 285
827 159
901 160
173 251
34 252
12 253
25 254
54 255
106 256
551 286
343 257
562 287
53 258
331 259
605 288
381 289
587 290
413 291
886 161
994 162
691 292
825 163
372 260
276 261
301 262
873 164
864 165
23 263
779 166
89 264
170 265
556 293
867 167
657 294
165 266
930 168
227 267
976 169
380 295
394 296
62 268
478 297
704 298
964 170
178 269
555 299
189 270
855 171
782 172
670 300
965 173
752 174
730 301
971 175
795 176
161 271
910 177
132 272
271 273
999 178
927 179
865 180
925 181
351 274
915 182
760 183
318 275
482 302
940 184
156 276
259 277
79 278
5 279
10 280
243 281
56 282
833 185
221 283
266 284
330 285
705 303
798 186
558 304
346 286
828 187
71 287
799 188
623 305
166 288
212 289
99 290
665 306
335 291
948 189
22 292
68 293
21 294
226 295
840 190
644 307
722 308
912 191
844 192
29 296
785 193
340 297
110 298
553 309
789 194
796 195
746 310
454 311
284 299
656 312
514 313
198 300
771 196
174 301
168 302
687 314
294 303
420 315
345 304
632 316
880 197
773 198
134 305
693 317
991 199
826 200
923 201
761 202
834 203
353 306
177 307
750 318
878 204
854 205
876 206
283 308
913 207
888 208
354 309
306 310
328 311
37 312
899 209
456 319
546 320
496 321
334 313
612 322
47 314
641 323
928 210
990 211
935 212
225 315
544 324
741 325
72 316
324 317
303 318
118 319
768 213
985 214
932 215
486 326
839 216
327 320
856 217
90 321
163 322
18 323
929 218
220 324
684 327
939 219
529 328
197 325
977 220
151 326
326 327
716 329
175 328
666 330
742 331
906 221
997 222
407 332
55 329
100 330
821 223
909 224
145 331
924 225
194 332
957 226
811 227
534 333
417 334
14 333
973 228
38 334
273 335
181 336
805 229
248 337
998 230
706 335
262 338
842 231
348 339
698 336
640 337
59 340
543 338
96 341
745 339
312 342
109 343
683 340
367 344
210 345
672 341
428 342
967 232
832 233
655 343
32 346
155 347
319 348
500 344
445 345
408 346
719 347
363 349
147 350
490 348
316 351
130 352
711 349
203 353
975 234
437 350
673 351
594 352
669 353
953 235
951 236
405 354
852 237
893 238
615 355
521 356
311 354
740 357
962 239
714 358
647 359
715 360
580 361
498 362
993 240
837 241
342 355
941 242
81 356
946 243
629 363
792 244
444 364
592 365
119 357
117 358
149 359
726 366
113 360
387 367
187 361
136 362
28 363
185 364
24 365
824 245
127 366
894 246
513 368
150 367
205 368
653 369
339 369
626 370
105 370
883 247
375 371
270 372
27 373
229 374
791 248
599 371
539 372
461 373
699 374
231 375
872 249
557 375
1000 250

