1000 250 124500 0 249 249
53 1
906 1
129 2
641 1
846 2
84 3
241 4
46 5
530 2
360 1
50 6
940 3
983 4
72 7
423 2
158 8
912 5
107 9
998 6
12 10
334 3
688 3
818 7
616 4
188 11
392 4
914 8
205 12
378 5
778 9
500 6
600 5
507 6
488 7
71 13
87 14
111 15
586 7
85 16
938 10
313 8
523 8
726 9
829 11
33 17
871 12
941 13
572 10
715 11
952 14
228 18
56 19
306 9
756 15
112 20
960 16
316 10
631 12
388 11
256 12
433 13
268 14
49 21
4 22
410 15
126 23
443 16
549 13
335 17
315 18
729 14
563 15
506 16
820 17
704 17
464 19
218 24
337 20
283 21
453 22
593 18
329 23
157 25
706 19
232 26
503 20
766 18
144 27
447 24
247 28
291 25
226 29
610 21
894 19
661 22
141 30
420 26
801 20
987 21
478 27
989 22
151 31
128 32
813 23
979 24
921 25
654 23
681 24
267 28
290 29
362 30
585 25
962 26
102 33
261 31
699 26
466 32
402 33
724 27
532 28
874 27
623 29
279 34
775 28
164 34
655 30
672 31
638 32
17 35
70 36
999 29
996 30
430 35
178 37
216 38
398 36
322 37
162 39
559 33
456 38
990 31
431 39
171 40
19 41
542 34
830 32
435 40
780 33
342 41
152 42
791 34
587 35
690 36
382 42
254 43
970 35
481 44
635 37
161 43
237 44
767 36
383 45
742 38
624 39
626 40
687 41
797 37
967 38
81 45
185 46
149 47
391 46
604 42
445 47
166 48
501 43
749 44
377 48
993 39
540 45
816 40
101 49
63 50
311 49
336 50
897 41
479 51
167 51
146 52
492 52
34 53
827 42
119 54
798 43
211 55
288 53
242 56
277 54
543 46
403 55
372 56
555 47
473 57
922 44
59 57
401 58
307 59
774 45
130 58
750 48
38 59
393 60
143 60
760 46
861 47
214 61
900 48
908 49
895 50
5 62
44 63
471 61
193 64
14 65
262 62
376 63
154 66
680 49
806 51
696 50
944 52
8 67
969 53
142 68
425 64
748 51
153 69
321 65
286 66
186 70
625 52
961 54
253 67
355 68
736 53
235 71
828 55
752 56
991 57
181 72
727 54
554 55
202 73
406 69
711 56
343 70
982 58
278 71
947 59
761 60
652 57
591 58
745 59
832 61
461 72
108 74
251 73
95 75
632 60
375 74
584 61
414 75
165 76
529 62
606 63
670 64
927 62
574 65
89 77
493 76
511 66
229 78
720 67
881 63
807 64
628 68
369 77
64 79
594 69
198 80
933 65
305 78
387 79
614 70
773 66
700 71
785 67
723 72
109 81
419 80
562 73
293 81
994 68
701 74
741 75
504 76
551 77
899 69
359 82
248 82
934 70
592 78
409 83
30 83
446 84
332 85
637 79
209 84
39 85
581 80
404 86
550 81
777 71
708 82
535 83
495 87
779 72
297 88
83 86
413 89
338 90
260 91
78 87
195 88
51 89
682 84
888 73
509 85
177 90
659 86
172 91
946 74
754 75
566 87
491 92
32 92
582 88
984 76
69 93
454 93
396 94
223 94
772 77
855 78
868 79
513 89
31 95
683 90
643 91
10 96
100 97
790 80
133 98
824 81
295 95
578 92
834 82
901 83
837 84
879 85
964 86
885 87
222 99
939 88
16 100
432 96
255 97
213 101
531 93
588 94
265 98
399 99
521 95
114 102
294 100
667 96
3 103
686 97
298 101
411 102
759 89
353 103
866 90
29 104
948 91
602 98
238 105
250 106
698 99
502 100
653 101
281 104
444 105
437 106
782 92
776 93
98 107
956 94
609 102
477 107
769 95
274 108
857 96
847 97
909 98
215 108
317 109
11 109
977 99
345 110
924 100
867 101
786 102
918 103
794 104
634 103
275 111
371 112
13 110
272 113
579 104
580 105
258 114
757 105
145 111
486 115
889 106
718 106
597 107
831 107
450 116
884 108
552 108
522 109
236 112
935 109
374 117
755 110
328 118
743 110
721 111
217 113
620 112
517 113
394 119
469 120
271 121
301 122
263 123
27 114
455 124
783 111
476 125
870 112
139 115
18 116
739 114
621 115
858 113
23 117
327 126
753 114
135 118
106 119
405 127
351 128
627 116
233 120
644 117
76 121
853 115
422 129
923 116
693 118
544 119
913 117
671 120
373 130
41 122
276 131
651 121
440 132
92 123
665 122
323 133
553 123
168 124
312 134
763 118
170 125
189 126
231 127
524 124
646 125
839 119
356 135
533 126
573 127
320 136
340 137
438 138
252 139
303 140
714 128
973 120
950 121
564 129
891 122
282 141
474 142
68 128
380 143
35 129
880 123
893 124
174 130
557 130
427 144
561 131
127 131
468 145
702 132
57 132
457 146
953 125
678 133
331 147
902 126
65 133
629 134
204 134
224 135
318 148
630 135
246 136
689 136
911 127
712 137
645 138
25 137
910 128
642 139
358 149
2 138
386 150
428 151
136 139
541 140
475 152
942 129
326 153
986 130
7 140
105 141
981 131
460 154
733 141
36 142
28 143
125 144
770 132
556 142
465 155
289 156
599 143
590 144
768 133
489 157
536 145
368 158
22 145
296 159
324 160
421 161
147 146
42 147
694 146
257 162
137 148
62 149
568 147
896 134
449 163
91 150
183 151
284 164
692 148
496 165
949 135
799 136
856 137
385 166
539 149
636 150
463 167
280 168
826 138
968 139
429 169
210 152
971 140
169 153
669 151
52 154
658 152
917 141
731 153
640 154
907 142
992 143
679 155
26 155
60 156
55 157
965 144
617 156
925 145
395 170
845 146
705 157
546 158
155 158
333 171
958 147
156 159
538 159
808 148
159 160
245 161
675 160
77 162
287 172
931 149
319 173
796 150
220 163
848 151
264 174
93 164
648 161
259 175
802 152
234 165
954 153
487 176
58 166
792 154
416 177
734 162
728 163
285 178
412 179
800 155
784 156
842 157
596 164
619 165
196 167
505 166
890 158
225 168
649 167
833 159
892 160
547 168
814 161
384 180
24 169
860 162
304 181
508 169
747 170
735 171
131 170
534 172
526 173
518 174
347 182
361 183
685 175
451 184
192 171
221 172
765 163
972 164
163 173
744 176
79 174
74 175
116 176
199 177
919 165
442 185
367 186
354 187
611 177
793 166
904 167
605 178
805 168
821 169
943 170
80 178
299 188
758 171
458 189
812 172
811 173
325 190
875 174
514 179
525 180
173 179
660 181
207 180
179 181
467 191
113 182
717 182
352 192
67 183
512 183
219 184
37 185
710 184
441 193
905 175
415 194
865 176
674 185
966 177
997 178
928 179
88 186
709 186
528 187
366 195
548 188
197 187
607 189
603 190
716 191
452 196
930 180
187 188
691 192
684 193
249 189
462 197
815 181
835 182
308 198
732 194
519 195
118 190
575 196
862 183
738 197
854 184
803 185
915 186
656 198
122 191
771 187
310 199
175 192
99 193
873 188
978 189
822 190
124 194
66 195
697 199
781 191
390 200
470 201
850 192
40 196
567 200
300 202
349 203
45 197
810 193
400 204
836 194
825 195
243 198
558 201
104 199
622 202
843 196
381 205
887 197
499 206
75 200
762 198
985 199
722 203
472 207
389 208
269 209
194 201
613 204
370 210
350 211
140 202
160 203
527 205
569 206
664 207
859 200
520 208
498 212
929 201
132 204
309 213
598 209
576 210
841 202
73 205
1 206
434 214
817 203
740 211
975 204
974 205
707 212
589 213
963 206
565 214
988 207
515 215
180 207
666 216
103 208
795 208
407 215
417 216
201 209
448 217
819 209
482 218
348 219
43 210
959 210
330 220
240 211
86 212
863 211
864 212
480 221
439 222
920 213
341 223
110 213
545 217
647 218
788 214
840 215
346 224
838 216
97 214
424 225
789 217
426 226
418 227
148 215
601 219
737 220
94 216
227 217
273 228
339 229
650 221
176 218
365 230
673 222
397 231
61 219
937 218
615 223
570 224
314 232
203 220
787 219
633 225
872 220
612 226
703 227
676 228
82 221
852 221
182 222
932 222
608 229
134 223
730 230
484 233
1000 223
436 234
150 224
618 231
869 224
6 225
926 225
120 226
115 227
945 226
117 228
886 227
96 229
878 228
936 229
483 235
851 230
90 230
537 232
292 236
379 237
916 231
677 233
302 238
363 239
577 234
408 240
823 232
9 231
560 235
639 236
206 232
849 233
976 234
663 237
657 238
191 233
357 241
595 239
883 235
882 236
494 242
344 243
516 240
485 244
571 241
54 234
957 237
764 238
719 242
48 235
364 245
490 246
266 247
510 243
244 236
877 239
190 237
668 244
239 238
583 245
980 240
751 241
725 246
20 239
200 240
497 248
123 241
15 242
695 247
746 248
184 243
903 242
951 243
898 244
459 249
212 244
713 249
804 245
995 246
876 247
138 245
121 246
47 247
844 248
955 249
662 250
21 248
809 250
208 249
230 250
270 250

