1000 375 171375 0 374 374
973 1
861 2
173 1
75 2
6 3
510 1
233 4
767 3
931 4
142 5
242 6
478 2
88 7
773 5
908 6
314 8
267 9
122 10
947 7
76 11
66 12
286 13
116 14
167 15
458 3
497 4
168 16
525 5
750 6
932 8
221 17
674 7
461 8
467 9
189 18
992 9
57 19
788 10
288 20
887 11
443 10
70 21
878 12
128 22
244 23
298 24
358 25
2 26
436 11
813 13
150 27
375 28
84 29
500 12
876 14
23 30
623 13
499 14
933 15
317 31
530 15
679 16
989 16
22 32
938 17
16 33
848 18
866 19
591 17
371 34
906 20
916 21
396 18
166 35
388 19
849 22
610 20
860 23
609 21
413 22
182 36
431 23
502 24
201 37
796 24
354 38
576 25
141 39
18 40
701 26
3 41
699 27
692 28
390 29
236 42
880 25
495 30
803 26
812 27
571 31
331 43
644 32
614 33
971 28
928 29
336 44
44 45
281 46
838 30
449 34
152 47
477 35
334 48
169 49
921 31
294 50
399 36
333 51
584 37
335 52
179 53
587 38
911 32
56 54
231 55
506 39
974 33
479 40
199 56
350 57
569 41
185 58
363 59
177 60
615 42
47 61
412 43
969 34
647 44
780 35
222 62
682 45
470 46
81 63
276 64
459 47
163 65
870 36
758 37
387 48
17 66
676 49
905 38
562 50
329 67
772 39
627 51
781 40
625 52
97 68
564 53
492 54
736 55
616 56
442 57
301 69
418 58
465 59
213 70
252 71
316 72
318 73
272 74
945 41
602 60
234 75
872 42
829 43
893 44
27 76
632 61
867 45
311 77
411 62
534 63
120 78
512 64
719 65
389 66
471 67
450 68
637 69
810 46
194 79
951 47
598 70
805 48
995 49
392 71
77 80
226 81
678 72
639 73
457 74
43 82
71 83
42 84
852 50
240 85
894 51
552 75
365 86
253 87
188 88
638 76
451 77
218 89
857 52
724 78
15 90
148 91
299 92
395 79
304 93
275 94
895 53
10 95
929 54
212 96
197 97
180 98
30 99
323 100
732 80
551 81
645 82
437 83
662 84
476 85
846 55
987 56
341 101
653 86
283 102
285 103
223 104
72 105
51 106
850 57
607 87
93 107
420 88
377 89
570 90
63 108
859 58
508 91
864 59
902 60
718 92
694 93
174 109
513 94
628 95
505 96
419 97
651 98
246 110
795 61
707 99
445 100
617 101
856 62
760 63
581 102
890 64
463 103
430 104
729 105
833 65
583 106
284 111
14 112
164 113
416 107
824 66
54 114
359 115
804 67
550 108
706 109
738 110
306 116
535 111
930 68
362 117
575 112
60 118
58 119
542 113
592 114
734 115
896 69
159 120
45 121
939 70
4 122
526 116
771 71
635 117
722 118
537 119
659 120
46 123
484 121
79 124
439 122
366 125
383 123
579 124
83 126
131 127
798 72
346 128
61 129
394 125
712 126
157 130
69 131
408 127
892 73
95 132
444 128
845 74
153 133
978 75
843 76
604 129
747 130
656 131
112 134
355 135
386 132
352 136
228 137
884 77
232 138
541 133
527 134
943 78
351 139
778 79
296 140
608 135
768 80
446 136
259 141
393 137
136 142
118 143
254 144
586 138
686 139
257 145
190 146
789 81
869 82
424 140
553 141
532 142
472 143
685 144
106 147
847 83
238 148
770 84
32 149
110 150
762 85
557 145
380 146
165 151
790 86
942 87
270 152
514 147
216 153
115 154
448 148
820 88
837 89
475 149
960 90
868 91
73 155
127 156
117 157
858 92
203 158
369 159
149 160
319 161
646 150
170 162
742 151
146 163
818 93
90 164
941 94
193 165
744 152
48 166
202 167
171 168
841 95
518 153
690 154
78 169
161 170
891 96
994 97
673 155
959 98
993 99
776 100
620 156
733 157
9 171
909 101
409 158
320 172
704 159
176 173
746 160
935 102
827 103
714 161
462 162
650 163
195 174
53 175
657 164
517 165
29 176
594 166
809 104
302 177
612 167
496 168
881 105
488 169
986 106
432 170
855 107
19 178
948 108
556 171
187 179
705 172
37 180
800 109
119 181
370 182
321 183
7 184
277 185
59 186
403 173
567 174
503 175
99 187
435 176
727 177
455 178
670 179
407 180
593 181
954 110
208 188
381 182
379 183
999 111
543 184
206 189
975 112
219 190
531 185
278 191
764 113
539 186
438 187
453 188
702 189
730 190
600 191
494 192
589 193
372 192
220 193
501 194
708 195
353 194
237 195
831 114
140 196
172 197
144 198
523 196
414 197
239 199
691 198
927 115
211 200
483 199
160 201
710 200
997 116
80 202
671 201
528 202
545 203
599 204
250 203
38 204
684 205
560 206
613 207
912 117
751 118
151 205
21 206
178 207
998 119
382 208
94 208
677 209
82 209
815 120
907 121
255 210
522 210
293 211
26 212
985 122
491 211
105 213
711 212
882 123
794 124
723 213
12 214
588 214
490 215
700 216
114 215
340 216
900 125
385 217
138 217
328 218
799 126
397 218
572 219
287 219
103 220
28 221
991 127
40 222
950 128
269 223
784 129
247 224
720 220
125 225
87 226
215 227
251 228
338 229
68 230
643 221
62 231
265 232
473 222
555 223
312 233
204 234
310 235
406 224
104 236
322 237
315 238
889 130
454 225
725 226
844 131
25 239
509 227
183 240
633 228
460 229
91 241
264 242
224 243
427 230
721 231
290 244
830 132
990 133
936 134
970 135
636 232
774 136
782 137
440 233
698 234
98 245
423 235
681 236
50 246
731 237
875 138
41 247
35 248
603 238
186 249
629 239
516 240
313 250
568 241
779 139
297 251
425 242
888 140
229 252
373 253
330 254
209 255
559 243
755 141
898 142
521 244
968 143
447 245
547 246
940 144
279 256
814 145
621 247
658 248
946 146
922 147
504 249
661 250
817 148
405 251
715 252
466 253
811 149
652 254
574 255
289 257
324 258
665 256
749 257
967 150
979 151
660 258
327 259
883 152
826 153
937 154
274 260
198 261
96 262
739 259
134 263
745 260
145 264
787 155
981 156
918 157
752 158
797 159
952 160
693 261
753 161
977 162
402 262
683 263
456 264
703 265
606 266
538 267
368 265
191 266
139 267
391 268
801 163
20 268
793 164
696 269
326 269
464 270
482 271
757 165
147 270
417 272
582 273
268 271
806 166
865 167
675 274
626 275
756 168
786 169
210 272
735 276
540 277
422 278
441 279
655 280
548 281
85 273
663 282
802 170
349 274
342 275
654 283
291 276
743 284
910 171
507 285
65 277
400 286
227 278
282 279
52 280
217 281
36 282
913 172
944 173
597 287
819 174
529 288
536 289
280 283
642 290
904 175
853 176
823 177
871 178
566 291
622 292
130 284
955 179
273 285
241 286
398 293
601 294
649 295
230 287
515 296
874 180
33 288
39 289
225 290
248 291
102 292
611 297
964 181
263 293
668 298
126 294
667 299
129 295
839 182
759 183
261 296
5 297
156 298
360 299
524 300
934 184
775 185
337 300
378 301
89 301
325 302
618 302
808 186
958 187
565 303
766 188
24 303
158 304
956 189
877 190
549 304
309 305
262 306
357 307
135 308
972 191
862 192
573 305
851 193
619 306
769 194
854 195
963 196
86 309
914 197
785 198
292 310
34 311
716 307
580 308
885 199
687 309
631 310
11 312
258 313
563 311
697 312
404 313
835 200
307 314
924 201
343 315
980 202
55 316
920 203
429 314
487 315
596 316
590 317
842 204
737 318
410 319
953 205
207 317
401 320
143 318
64 319
595 321
976 206
966 207
666 322
249 320
634 323
181 321
243 322
558 324
957 208
965 209
356 323
101 324
162 325
669 325
137 326
519 326
452 327
31 327
873 210
300 328
481 328
807 211
266 329
925 212
544 329
783 213
791 214
108 330
917 215
680 330
740 331
585 332
200 331
184 332
919 216
474 333
961 217
469 334
863 218
578 335
641 336
672 337
688 338
624 339
983 219
717 340
832 220
630 341
899 221
792 222
765 223
709 342
761 224
498 343
205 333
511 344
308 334
834 225
13 335
107 336
415 345
816 226
726 346
434 347
828 227
133 337
754 228
821 229
384 348
196 338
695 349
988 230
533 350
822 231
486 351
664 352
648 353
728 354
554 355
836 232
840 233
175 339
271 340
305 341
897 234
741 356
605 357
100 342
303 343
949 235
923 236
154 344
347 345
777 237
245 346
295 347
493 358
361 348
121 349
984 238
480 359
468 360
364 350
49 351
915 239
982 240
903 241
214 352
367 353
8 354
332 355
713 361
74 356
825 242
345 357
996 243
433 362
748 363
689 364
520 365
901 244
640 366
132 358
577 367
109 359
428 368
886 245
256 360
1 361
546 369
344 362
426 370
192 363
926 246
235 364
348 365
879 247
113 366
111 367
962 248
155 368
376 371
485 372
124 369
421 373
763 249
123 370
92 371
260 372
67 373
339 374
374 375
489 374
561 375
1000 250

