600 51 71880 40 335 133
564 1
161 2
550 1
397 1
359 1
49 3
259 3
73 3
97 2
489 1
82 4
495 1
236 3
133 4
225 2
277 5
283 6
172 5
233 7
574 1
402 1
254 6
593 1
255 5
519 1
17 8
452 1
104 9
196 2
487 1
8 2
330 6
110 4
530 1
509 1
573 1
28 9
431 1
309 6
306 7
237 3
66 8
520 1
68 5
305 9
143 10
33 7
382 1
464 1
570 1
91 9
113 11
524 1
72 8
121 12
297 4
544 1
498 1
565 1
539 1
543 1
373 1
340 1
153 10
376 1
173 11
25 7
370 1
182 6
389 1
142 12
540 1
138 10
21 13
395 1
334 1
250 6
424 1
240 11
118 14
197 2
238 13
516 1
15 13
125 14
422 1
169 8
432 1
361 1
220 5
443 1
304 12
456 1
156 4
253 10
435 1
569 1
365 1
258 3
273 15
541 1
5 16
77 11
429 1
185 17
4 7
87 15
62 14
488 1
34 6
322 17
533 1
272 16
299 15
374 1
415 1
568 1
228 8
245 14
187 14
218 18
214 18
198 14
307 15
100 12
445 1
126 12
579 1
529 1
23 16
56 19
241 10
562 1
335 1
421 1
251 13
347 1
287 7
588 1
114 19
26 2
285 20
226 21
478 1
213 5
497 1
502 1
267 20
149 16
500 1
587 1
31 3
310 22
239 13
58 21
178 19
74 17
292 23
584 1
458 1
242 8
426 1
282 12
532 1
436 1
70 15
583 1
265 17
41 22
2 18
244 18
590 1
40 4
337 1
476 1
575 1
377 1
194 23
362 1
356 1
301 20
466 1
511 1
298 21
355 1
154 22
171 20
386 1
442 1
264 9
193 10
408 1
351 1
405 1
152 21
141 15
504 1
427 1
163 17
136 20
313 24
293 5
106 24
151 18
453 1
192 2
462 1
552 1
46 21
378 1
88 22
24 23
548 1
59 25
505 1
367 1
249 11
390 1
354 1
537 1
577 1
578 1
433 1
545 1
281 25
289 26
479 1
179 27
491 1
592 1
517 1
50 26
105 19
423 1
341 1
535 1
576 1
162 26
325 27
38 23
407 1
380 1
246 26
181 11
107 18
230 24
55 11
461 1
165 16
52 9
279 28
364 1
475 1
157 24
457 1
534 1
170 18
60 7
174 27
480 1
444 1
510 1
501 1
27 25
331 28
434 1
551 1
388 1
349 1
200 22
556 1
147 20
499 1
205 17
317 13
6 29
521 1
180 28
594 1
111 26
167 25
320 27
1 29
459 1
336 1
559 1
202 10
599 1
94 16
403 1
80 25
508 1
184 30
16 29
366 1
572 1
270 11
139 24
67 14
217 28
229 23
195 29
447 1
582 1
561 1
522 1
471 1
278 26
446 1
557 1
75 25
398 1
268 19
571 1
123 30
477 1
132 31
211 31
439 1
54 29
379 1
518 1
134 19
596 1
144 30
404 1
414 1
84 31
295 2
463 1
128 32
484 1
300 32
29 33
206 32
51 33
224 8
312 17
12 20
127 25
183 34
586 1
455 1
158 27
496 1
589 1
93 30
101 34
595 1
327 35
69 28
57 33
481 1
30 18
319 31
221 4
338 1
164 27
120 35
252 35
90 33
553 1
175 34
284 36
280 37
536 1
209 29
346 1
81 34
103 31
418 1
79 38
247 38
344 1
204 19
256 31
450 1
42 37
76 32
47 36
286 36
428 1
401 1
486 1
7 30
555 1
257 13
384 1
308 3
63 20
454 1
64 15
600 1
39 34
416 1
430 1
425 1
227 37
591 1
208 39
538 1
547 1
316 37
585 1
513 1
563 1
116 33
598 1
296 30
10 39
43 33
35 18
381 1
383 1
567 1
261 37
417 1
323 38
85 39
494 1
145 36
566 1
45 39
326 40
437 1
290 24
44 41
234 32
369 1
468 1
339 1
274 35
130 19
216 16
358 1
526 1
190 42
36 24
387 1
352 1
318 43
342 1
108 40
357 1
212 41
22 37
396 1
392 1
302 6
148 35
580 1
109 40
223 42
413 1
506 1
275 39
558 1
448 1
507 1
65 35
232 14
288 40
329 44
11 24
438 1
276 41
360 1
155 43
19 38
89 45
394 1
467 1
291 36
350 1
546 1
271 31
512 1
18 23
119 42
419 1
137 45
231 30
482 1
483 1
549 1
328 14
348 1
222 41
86 26
406 1
465 1
485 1
98 22
412 1
515 1
474 1
9 44
391 1
14 43
393 1
368 1
201 36
189 44
243 46
207 47
363 1
203 47
176 23
3 23
37 48
96 9
219 28
32 45
248 38
146 42
48 8
294 43
78 46
124 47
235 42
99 10
13 32
314 22
399 1
263 35
311 40
441 1
597 1
112 46
262 43
324 48
470 1
542 1
343 1
372 1
449 1
440 1
53 21
332 1
411 1
269 13
135 47
560 1
490 1
400 1
527 1
186 49
523 1
168 44
473 1
20 36
525 1
492 1
140 49
385 1
266 41
122 38
92 46
528 1
159 50
160 47
191 46
375 1
321 35
260 49
150 50
493 1
188 50
503 1
315 40
409 1
131 51
451 1
199 41
420 1
554 1
129 49
581 1
102 46
410 1
353 1
115 28
166 42
61 42
472 1
117 48
469 1
177 19
333 1
531 1
514 1
371 1
210 51
83 50
71 51
345 1
303 48
95 51
215 45
460 1

