Programacion Recursiva Par:
Resultado: 6.0
Tiempo: 0.0

5
Resultado: 11.0
Tiempo: 0.0

10
Resultado: 59.0
Tiempo: 0.0

50
Resultado: 100.0
Tiempo: 0.0

100
Resultado: 483.0
Tiempo: 1.0

500
Resultado: 966.0
Tiempo: 5.0

1000
Resultado: 1973.0
Tiempo: 12.0

2000
Resultado: 2970.0
Tiempo: 28.0

3000
Resultado: 3972.0
Tiempo: 52.0

4000
Resultado: 5095.0
Tiempo: 82.0

5000
Resultado: 6069.0
Tiempo: 130.0

6000
Resultado: 7112.0
Tiempo: 146.0

7000
Resultado: 8042.0
Tiempo: 218.0

8000
Resultado: 9006.0
Tiempo: 294.0

9000
Resultado: 10008.0
Tiempo: 340.0

10000
