600 107 107820 60 477 301
247 1
157 2
237 2
279 1
491 2
463 3
82 4
425 3
499 3
239 4
203 5
58 6
6 5
115 4
234 7
141 5
366 1
431 7
458 7
72 8
388 6
47 6
301 9
539 10
129 8
409 9
300 10
154 9
125 11
68 12
258 1
136 9
433 10
454 13
412 4
113 12
253 13
365 1
55 8
45 14
537 15
331 3
103 11
42 14
77 16
155 15
591 17
144 6
147 10
534 18
272 5
11 18
474 4
248 2
166 16
131 19
322 10
314 14
567 16
264 9
111 20
180 19
265 17
254 13
89 14
105 21
510 3
268 20
464 20
158 22
85 17
32 17
12 6
161 15
221 13
118 18
101 23
321 11
341 12
317 24
281 24
196 22
449 19
295 20
139 18
190 25
116 15
191 2
461 2
424 8
418 7
163 7
62 23
10 26
498 25
513 27
597 22
270 19
540 7
383 28
364 1
410 15
219 13
435 29
452 3
358 21
199 4
330 24
503 21
174 2
579 23
305 24
130 30
571 19
109 26
205 28
228 22
184 17
450 10
79 29
259 17
226 22
260 28
370 27
4 25
2 26
494 31
269 27
110 30
598 31
368 32
225 27
371 32
104 33
271 29
216 31
173 24
486 34
594 2
393 5
554 16
315 27
375 27
198 34
30 20
76 34
456 13
206 30
274 1
121 32
185 13
252 24
462 31
292 35
468 36
426 1
117 37
7 38
223 11
19 39
568 31
546 34
46 38
430 21
348 9
309 28
54 33
377 19
256 26
266 39
43 35
40 33
107 36
576 25
63 36
411 38
578 12
558 37
408 35
313 38
429 22
478 40
533 21
380 37
535 40
359 41
446 35
304 41
273 41
160 39
208 40
536 25
337 28
182 42
556 25
402 42
385 2
112 43
261 41
1 30
69 44
238 22
227 3
584 41
162 31
134 42
502 28
399 39
362 45
339 42
289 43
73 46
204 45
287 40
547 44
167 45
33 47
83 48
290 16
346 22
329 35
202 42
508 32
323 11
17 46
156 44
188 47
353 41
61 48
244 49
453 50
543 5
345 40
257 43
318 36
500 50
168 27
250 46
471 50
481 30
29 51
526 1
25 52
504 7
582 31
194 48
379 37
484 9
490 49
465 53
343 24
132 47
428 54
360 15
479 43
308 49
283 52
50 51
21 48
14 55
170 54
263 49
442 44
120 47
210 43
501 53
39 56
80 12
386 36
294 50
466 23
217 26
181 50
71 57
403 50
9 55
87 51
326 52
284 58
211 54
49 59
86 60
349 34
286 53
232 29
22 61
176 58
565 46
517 53
414 33
572 5
52 56
135 62
531 58
186 57
553 63
367 49
587 35
306 54
262 32
564 48
569 59
406 58
417 50
356 52
477 56
138 56
373 7
489 53
288 37
209 44
542 62
5 63
143 8
427 57
335 64
577 20
338 22
415 19
334 40
548 43
56 61
231 45
355 57
97 59
589 60
189 16
99 60
469 51
455 1
94 65
275 29
400 49
518 42
495 58
398 62
580 66
521 66
483 29
67 67
324 33
532 66
413 63
372 68
18 67
95 64
78 69
220 67
8 69
444 59
586 65
302 63
88 21
320 6
207 61
15 70
28 71
590 54
38 62
66 69
561 66
374 55
519 71
570 38
496 11
440 50
57 68
127 72
457 73
245 73
44 71
34 68
439 55
369 34
451 39
251 47
27 74
91 55
506 66
303 63
177 69
480 64
516 45
195 70
387 31
119 75
585 46
401 65
60 74
583 76
528 10
169 47
16 77
447 28
520 67
192 17
507 76
588 54
242 37
75 78
555 73
193 44
344 60
235 73
213 71
342 79
545 75
164 72
436 77
511 80
41 81
215 11
523 78
224 65
59 77
236 40
148 76
438 71
485 79
114 74
443 65
312 76
544 62
550 64
126 72
475 32
48 80
74 81
328 14
352 79
100 82
557 31
581 66
151 38
392 75
124 83
404 80
90 82
551 57
282 52
128 84
200 72
53 83
150 84
310 5
562 85
179 84
336 51
432 45
84 85
37 78
538 17
524 70
26 81
575 25
24 86
384 79
541 73
332 85
552 72
600 75
243 59
214 52
512 76
473 57
23 86
563 53
492 87
467 76
514 42
350 87
293 88
285 84
307 87
152 75
505 20
96 88
333 37
599 45
230 89
241 72
395 53
153 3
146 68
13 74
31 90
381 76
20 82
35 91
197 57
277 90
187 88
140 70
382 18
92 86
267 88
549 15
559 91
573 65
246 85
255 8
280 60
354 37
133 92
527 2
298 64
122 93
175 89
340 89
70 94
3 95
142 94
178 57
319 95
165 92
106 78
482 79
65 96
278 52
405 89
407 80
378 94
390 16
351 91
357 13
363 92
183 67
51 92
423 85
64 97
159 73
560 98
108 29
391 12
397 49
448 46
396 76
434 79
487 93
123 99
493 28
394 91
149 100
201 62
93 100
476 100
460 93
222 68
218 77
376 53
325 97
212 98
522 101
596 99
525 101
420 68
419 101
509 70
296 97
529 39
137 102
299 93
459 103
316 20
470 94
81 103
171 94
172 96
574 19
297 94
595 80
229 98
488 49
441 98
249 87
36 104
311 105
422 66
291 23
102 106
421 58
497 87
416 84
530 15
347 89
240 91
389 63
472 79
566 90
145 106
592 73
233 46
445 27
593 95
515 16
361 83
98 105
276 107
437 104
327 104

