600 211 161730 90 576 512
557 1
210 1
394 2
303 3
81 4
68 5
180 6
247 3
456 7
329 7
390 8
447 9
307 10
19 11
491 2
580 12
262 6
145 4
434 13
103 14
140 8
520 9
405 14
399 8
525 10
349 15
412 15
426 16
73 17
401 2
119 18
148 11
370 19
558 12
152 16
179 18
362 20
443 21
598 19
371 22
345 10
86 13
121 23
144 22
366 23
556 5
251 11
487 20
182 24
62 25
552 26
241 21
448 27
122 28
331 24
26 29
291 30
215 30
244 31
186 26
386 24
169 1
409 32
344 33
457 28
354 25
334 29
151 34
357 9
432 35
171 36
425 27
298 36
194 31
296 37
224 34
77 37
137 38
393 39
562 27
54 40
32 41
42 32
266 5
200 15
87 40
49 42
239 43
308 13
501 44
223 16
431 45
226 20
111 46
253 47
230 48
339 49
320 39
510 35
553 17
218 50
36 21
398 51
85 52
511 53
422 10
178 7
168 38
149 54
133 43
327 45
204 14
155 55
273 48
249 51
314 56
1 52
505 46
31 23
136 33
113 53
343 45
473 22
66 47
59 49
255 55
261 36
418 57
124 8
8 58
37 56
201 59
157 44
319 24
233 43
40 59
350 57
208 18
587 60
56 61
382 62
449 50
306 19
128 60
460 50
114 63
467 64
185 25
195 65
414 66
97 67
90 68
444 48
17 6
53 69
565 46
198 51
258 41
323 3
468 70
591 65
38 71
211 68
478 49
442 62
268 72
532 66
464 54
45 73
257 37
304 64
142 69
475 38
577 15
95 63
496 33
112 71
429 72
283 70
571 37
232 47
134 74
526 75
153 76
138 73
274 61
542 74
156 73
541 77
58 76
375 42
400 78
342 30
154 34
205 79
537 80
202 75
3 81
395 77
361 58
458 82
351 83
74 6
220 84
2 85
110 86
391 79
278 87
312 84
355 80
567 78
533 88
294 78
465 82
276 12
170 89
572 55
237 87
376 88
445 90
518 17
267 83
272 86
285 90
162 91
213 9
199 92
433 93
6 41
360 91
222 90
228 92
346 94
315 84
293 95
190 96
336 89
106 97
495 98
369 59
459 88
301 94
184 26
245 83
592 93
384 94
488 95
461 31
176 99
531 96
263 81
408 100
264 101
167 64
309 96
130 102
39 103
98 97
388 66
27 104
358 45
20 85
63 99
482 68
91 105
435 100
141 21
372 105
259 106
163 106
290 88
492 107
126 108
196 107
325 40
234 101
356 22
229 109
337 98
441 110
383 111
515 112
318 113
450 113
513 104
374 70
573 114
76 115
446 91
407 82
270 110
439 96
326 109
104 69
70 116
332 29
494 102
265 103
99 112
310 28
35 117
585 111
428 118
79 119
65 119
507 120
248 114
43 79
546 65
120 116
324 118
498 95
506 36
116 121
292 108
476 122
472 54
287 123
455 86
538 77
243 44
536 110
207 124
82 117
564 107
216 122
44 61
550 76
471 120
469 89
452 4
100 125
105 126
352 127
225 67
203 101
102 124
256 115
197 126
30 46
281 123
380 128
516 129
582 123
135 121
381 130
402 131
277 132
378 122
177 49
64 133
424 42
80 134
497 131
89 135
522 128
88 134
561 124
363 129
479 91
271 127
93 136
22 137
78 125
150 138
5 139
302 130
389 140
305 113
13 118
373 139
328 141
101 132
246 28
83 141
72 142
508 140
286 143
227 38
192 138
297 144
51 145
71 63
539 144
240 136
61 146
514 39
483 147
489 135
131 133
578 137
466 145
115 142
413 143
206 89
107 35
421 141
512 148
11 146
560 84
94 149
221 100
406 75
474 150
335 144
275 147
535 53
568 151
545 120
387 152
480 57
284 117
574 153
436 129
28 154
437 153
486 150
569 148
14 155
551 156
212 81
530 128
33 154
347 152
48 132
547 130
188 87
300 157
143 156
588 158
481 151
528 74
269 159
25 160
524 161
517 80
490 112
260 36
311 111
96 162
365 163
242 152
161 155
599 67
462 158
280 149
549 157
589 159
509 161
92 164
485 165
295 166
392 127
9 167
523 55
364 102
427 168
60 149
252 155
279 169
463 131
566 166
10 58
183 165
125 164
16 170
69 121
504 163
340 153
57 171
254 172
451 163
543 62
417 173
579 173
544 172
29 174
333 44
127 162
594 105
219 175
484 170
132 171
299 107
563 138
166 169
191 72
403 143
21 176
499 175
84 174
359 169
348 177
34 176
214 178
367 93
316 179
404 126
368 136
534 64
47 139
379 30
521 180
416 156
139 181
235 158
529 182
581 33
181 167
377 183
554 182
559 168
7 184
353 179
15 185
519 56
108 186
117 135
593 187
555 104
590 184
575 178
477 188
250 48
52 183
430 106
527 187
330 90
493 189
236 180
415 114
583 190
540 178
410 161
288 175
397 165
209 191
321 192
322 167
596 193
411 194
217 144
109 190
164 185
420 191
50 160
500 159
189 189
586 110
454 19
123 151
396 195
317 196
18 193
24 197
231 198
595 192
313 130
146 181
548 199
503 194
584 71
419 196
165 149
423 177
502 147
570 200
470 138
193 199
174 201
23 202
173 140
282 195
160 188
158 18
12 203
576 204
338 100
453 205
175 170
147 179
385 182
55 206
172 162
67 190
75 205
159 157
118 197
597 201
238 207
41 208
187 207
289 153
129 209
438 12
440 177
341 210
46 206
4 211
600 27

