600 61 71880 40 334 140
313 1
47 2
218 3
437 2
64 1
141 3
89 4
586 3
528 1
379 1
366 1
299 5
198 4
269 6
256 5
403 1
339 3
585 1
297 5
320 6
239 2
234 7
410 1
173 7
493 2
483 8
12 8
180 2
87 9
474 1
581 1
288 10
290 6
404 8
69 9
262 7
462 4
411 2
109 10
304 5
281 4
504 8
46 11
216 10
568 1
503 8
375 9
225 10
104 5
229 10
214 4
113 12
541 3
103 13
172 13
200 11
17 7
255 9
85 14
75 6
168 12
549 8
182 2
74 11
150 13
367 14
58 12
202 15
301 16
365 8
35 15
36 16
123 6
266 4
389 7
270 10
146 7
558 14
300 17
201 16
564 3
134 14
13 11
386 3
567 17
478 1
251 5
205 16
302 12
199 15
252 15
163 18
195 17
2 2
475 8
329 1
259 9
414 8
243 19
135 19
594 6
144 15
540 14
120 16
174 18
39 5
165 19
298 20
350 16
279 17
59 18
466 8
506 1
7 18
106 21
235 13
385 20
122 22
107 21
327 23
60 20
519 1
472 18
265 22
213 21
246 3
170 20
512 14
25 24
126 21
184 24
274 25
316 17
287 23
321 25
161 24
559 1
157 4
44 15
395 8
480 14
459 1
482 1
192 26
409 3
127 9
237 23
78 10
318 11
295 25
268 22
136 25
222 27
291 13
577 1
421 3
319 26
476 4
359 8
37 24
589 8
501 19
363 14
183 27
11 5
137 19
24 28
220 26
191 24
224 29
524 1
550 2
533 13
335 8
140 28
221 26
592 3
380 1
516 22
230 29
412 14
196 21
310 16
156 30
245 12
232 22
400 8
94 6
447 14
455 8
71 29
33 28
29 28
276 20
305 30
520 1
415 4
238 17
444 8
43 31
241 30
73 31
542 14
98 25
267 27
211 23
76 30
27 26
351 3
536 6
397 32
515 1
522 28
149 28
286 22
67 18
228 29
561 8
260 33
578 1
431 32
215 32
441 4
226 31
115 27
588 20
93 29
429 34
292 25
188 34
477 28
171 33
349 1
208 31
348 8
72 35
382 1
248 26
388 8
197 35
102 36
491 1
570 1
494 1
167 35
546 37
162 32
509 3
448 30
529 14
143 36
166 9
346 1
345 3
392 32
193 27
401 8
347 34
582 1
566 14
275 35
68 38
79 37
190 12
90 33
16 12
108 33
406 19
179 38
422 18
425 8
160 33
328 24
432 3
470 8
154 39
54 40
309 40
511 8
353 32
285 7
358 1
574 1
121 34
308 38
306 37
498 23
284 39
18 38
593 8
4 7
468 1
83 30
203 41
315 41
177 28
497 32
381 8
233 21
185 23
457 8
521 8
210 42
368 8
565 14
55 43
413 8
438 8
378 1
10 11
485 36
597 8
138 39
15 39
242 31
194 29
187 38
250 5
535 14
3 36
369 2
469 1
31 5
461 1
576 1
595 1
439 3
591 14
95 40
223 27
364 1
336 8
496 8
449 36
147 34
114 42
254 37
82 30
282 44
119 9
70 37
111 41
514 2
396 8
548 8
257 40
247 45
57 45
186 34
273 43
407 1
464 34
332 8
384 8
8 38
417 10
118 35
340 8
333 1
402 1
556 1
131 6
362 1
408 8
587 46
427 42
371 14
423 1
61 15
571 46
22 26
418 8
283 21
249 19
416 8
471 3
374 3
317 33
430 3
537 27
92 44
393 1
325 42
398 3
1 45
357 8
583 3
145 39
280 35
5 41
53 12
38 38
312 47
428 1
56 43
383 3
125 44
355 8
124 42
153 26
599 24
518 1
531 34
189 41
465 1
100 27
580 1
454 2
391 32
20 48
271 47
91 48
148 49
452 1
264 31
451 8
442 44
376 8
323 49
314 46
86 47
539 8
596 1
41 49
132 11
169 40
387 1
139 50
572 1
545 43
467 8
277 34
517 3
463 14
84 45
377 19
49 51
560 3
543 8
453 31
547 43
129 50
19 12
258 13
513 8
334 8
435 1
443 8
495 1
460 8
434 14
361 14
9 50
458 3
175 51
6 48
110 36
219 41
510 8
45 13
244 39
77 47
231 52
342 14
575 32
181 50
486 14
204 49
579 8
456 8
446 2
26 49
28 48
289 20
294 24
530 14
63 52
240 51
399 44
534 1
212 53
405 1
236 36
159 54
322 51
492 8
356 22
373 1
557 52
489 1
420 8
296 53
445 8
23 20
21 55
573 8
487 3
62 54
481 1
360 3
370 46
324 17
331 8
151 39
142 40
507 1
51 48
116 43
133 53
525 8
526 8
178 46
130 56
508 1
176 57
538 1
450 14
14 37
261 52
303 56
65 33
330 8
390 2
354 3
552 14
343 8
30 52
97 47
555 3
532 32
164 26
207 42
117 57
490 8
551 43
554 27
523 14
152 38
272 25
562 8
81 39
473 8
158 58
42 55
217 53
263 16
307 54
99 51
40 23
553 2
155 51
341 1
101 54
502 1
563 8
338 37
278 58
598 2
426 1
253 57
544 20
326 56
209 58
424 8
96 31
352 1
206 52
293 59
584 14
433 14
48 57
394 1
569 8
590 1
499 36
527 1
88 59
105 57
50 55
227 44
344 8
34 11
419 1
80 60
500 8
66 54
372 1
436 27
112 45
32 55
484 45
337 1
479 32
128 55
311 41
488 1
505 8
440 61
52 56
600 1

