1000 250 124500 0 249 249
16 1
476 1
46 2
763 1
860 2
254 2
356 3
497 4
119 3
968 3
930 4
435 5
866 5
609 1
642 2
375 6
81 4
653 3
328 7
22 5
296 8
667 4
382 9
64 6
704 5
374 10
734 6
310 11
689 7
769 6
216 7
916 7
500 12
492 13
319 14
389 15
192 8
749 8
926 8
560 9
334 16
472 17
93 9
383 18
674 10
493 19
280 20
774 9
239 10
578 11
432 21
249 11
570 12
437 22
337 23
686 13
800 10
989 11
7 12
541 14
801 12
322 24
531 15
130 13
451 25
48 14
144 15
397 26
936 13
364 27
433 28
467 29
569 16
573 17
629 18
662 19
15 16
217 17
188 18
776 14
399 30
367 31
89 19
163 20
72 21
887 15
55 22
32 23
353 32
351 33
759 16
129 24
149 25
632 20
392 34
261 35
557 21
277 36
529 22
705 23
25 26
181 27
565 24
959 17
218 28
586 25
559 26
733 27
56 29
331 37
448 38
971 18
525 28
534 29
24 30
498 39
302 40
447 41
20 31
499 42
794 19
38 32
514 30
644 31
481 43
874 20
635 32
881 21
368 44
703 33
201 33
407 45
872 22
669 34
932 23
298 46
47 34
233 35
388 47
600 35
502 36
486 48
135 36
195 37
133 38
970 24
615 37
250 39
391 49
3 40
275 50
224 41
658 38
716 39
478 51
84 42
436 52
292 53
80 43
961 25
145 44
339 54
865 26
929 27
427 55
235 45
182 46
100 47
810 28
913 29
458 56
664 40
554 41
752 30
179 48
599 42
871 31
636 43
326 57
741 44
950 32
288 58
385 59
434 60
509 45
503 46
547 47
747 48
940 33
199 49
193 50
327 61
214 51
66 52
796 34
450 62
134 53
210 54
57 55
58 56
564 49
815 35
680 50
190 57
722 51
659 52
445 63
524 53
105 58
468 64
797 36
969 37
665 54
131 59
51 60
303 65
409 66
738 55
798 38
408 67
522 56
991 39
403 68
740 57
610 58
640 59
753 40
306 69
475 70
876 41
143 61
410 71
414 72
159 62
14 63
228 64
612 60
553 61
782 42
469 73
602 62
589 63
359 74
736 64
925 43
357 75
843 44
208 65
6 66
120 67
286 76
696 65
255 77
423 78
245 68
661 66
307 79
358 80
164 69
571 67
527 68
536 69
222 70
847 45
633 70
165 71
802 46
474 81
889 47
104 72
352 82
12 73
344 83
582 71
678 72
836 48
804 49
899 50
293 84
123 74
904 51
97 75
236 76
645 73
920 52
519 74
336 85
921 53
11 77
177 78
888 54
305 86
464 87
301 88
790 55
237 79
837 56
325 89
185 80
977 57
482 90
803 58
274 91
739 75
551 76
630 77
52 81
513 78
816 59
35 82
623 79
9 83
161 84
333 92
673 80
371 93
107 85
809 60
737 81
453 94
419 95
381 96
523 82
618 83
501 84
422 97
859 61
223 86
937 62
290 98
247 87
896 63
799 64
748 85
941 65
232 88
521 86
320 99
146 89
827 66
393 100
112 90
299 101
939 67
402 102
284 103
835 68
491 104
619 87
638 88
898 69
764 70
155 91
789 71
990 72
542 89
568 90
363 105
477 106
471 107
786 73
395 108
62 92
594 91
604 92
446 109
121 93
338 110
852 74
490 111
323 112
824 75
765 76
914 77
258 113
140 94
811 78
890 79
162 95
169 96
830 80
158 97
102 98
413 114
538 93
424 115
229 99
318 116
34 100
276 117
563 94
540 95
687 96
651 97
480 118
29 101
867 81
386 119
820 82
850 83
82 102
355 120
455 121
831 84
178 103
648 98
709 99
787 85
844 86
376 122
166 104
965 87
577 100
260 123
657 101
488 124
655 102
656 103
699 104
154 105
68 106
379 125
561 105
607 106
317 126
840 88
268 127
109 107
426 128
246 108
683 107
74 109
919 89
625 108
572 109
684 110
605 111
756 90
430 129
817 91
251 130
908 92
377 131
504 112
230 110
646 113
701 114
698 115
597 116
173 111
2 112
462 132
854 93
50 113
528 117
550 118
454 133
137 114
975 94
806 95
878 96
186 115
778 97
530 119
243 116
281 134
151 117
562 120
823 98
945 99
566 121
624 122
108 118
670 123
935 100
160 119
438 135
846 101
595 124
285 136
411 137
489 138
964 102
864 103
666 125
212 120
588 126
113 121
412 139
755 104
440 140
592 127
593 128
535 129
613 130
400 141
880 105
772 106
380 142
98 122
963 107
634 131
601 132
708 133
324 143
316 144
510 134
484 145
707 135
603 136
927 108
27 123
401 146
863 109
110 124
332 147
675 137
506 138
142 125
92 126
221 127
241 128
893 110
265 148
99 129
767 111
792 112
545 139
396 149
70 130
744 140
979 113
456 150
167 131
79 132
771 114
420 151
444 152
957 115
732 141
198 133
36 134
726 142
579 143
825 116
457 153
668 144
42 135
297 154
791 117
746 145
548 146
256 155
717 147
795 118
1000 119
845 120
911 121
967 122
417 156
390 157
596 148
627 149
219 136
976 123
8 137
341 158
175 138
88 139
639 150
723 151
157 140
33 141
895 124
347 159
591 152
512 153
103 142
466 160
838 125
231 143
833 126
626 154
758 127
928 128
200 144
533 155
153 145
83 146
944 129
378 161
128 147
67 148
933 130
992 131
204 149
682 156
394 162
949 132
750 157
808 133
269 163
986 134
821 135
728 158
829 136
700 159
244 150
96 151
26 152
31 153
278 164
575 160
418 165
370 166
40 154
608 161
942 137
558 162
4 155
974 138
643 163
641 164
993 139
152 156
917 140
106 157
851 141
75 158
18 159
289 167
304 168
168 160
793 142
688 165
671 166
841 143
517 167
87 161
340 169
868 144
30 162
197 163
309 170
373 171
922 145
580 168
220 164
170 165
652 169
508 170
314 172
63 166
94 167
238 168
768 146
676 171
354 173
150 169
727 172
300 174
985 147
997 148
583 173
685 174
994 149
473 175
879 150
271 176
65 170
681 175
697 176
549 177
783 151
526 178
259 177
77 171
849 152
487 178
938 153
885 154
61 172
240 173
720 179
954 155
567 180
485 179
848 156
760 157
819 158
439 180
882 159
762 160
172 174
951 161
459 181
253 182
537 181
505 182
987 162
213 175
442 183
822 163
266 184
415 185
996 164
69 176
770 165
515 183
773 166
807 167
711 184
39 177
585 185
775 168
754 169
329 186
692 186
546 187
714 188
947 170
695 189
828 171
59 178
679 190
982 172
122 179
710 191
677 192
387 187
257 188
115 180
226 181
855 173
270 189
988 174
479 190
431 191
267 192
751 175
45 182
649 193
125 183
614 194
43 184
174 185
342 193
470 194
360 195
973 176
207 186
869 177
494 196
834 178
742 195
958 179
543 196
369 197
321 198
693 197
694 198
483 199
995 180
416 200
745 199
715 200
757 181
421 201
202 187
73 188
147 189
132 190
313 202
76 191
205 192
581 201
788 182
877 183
966 184
713 202
918 185
263 203
785 186
983 187
909 188
187 193
886 189
892 190
90 194
461 204
984 191
724 203
362 205
449 206
118 195
923 192
620 204
832 193
555 205
884 194
85 196
495 207
731 206
805 195
443 208
511 207
672 208
225 197
95 198
842 196
943 197
209 199
861 198
894 199
981 200
660 209
873 201
857 202
777 203
19 200
10 201
127 202
883 204
242 203
291 209
441 210
23 204
365 211
191 205
931 205
812 206
272 212
516 210
405 213
452 214
784 207
203 206
176 207
294 215
496 216
372 217
86 208
215 209
346 218
21 210
227 211
384 219
264 220
766 208
906 209
348 221
345 222
552 211
116 212
518 212
915 210
315 223
647 213
350 224
194 213
28 214
211 215
956 211
725 214
628 215
282 225
273 226
71 216
654 216
590 217
287 227
41 217
507 218
465 228
781 212
955 213
252 229
978 214
946 215
862 216
902 217
574 219
743 220
780 218
891 219
584 221
611 222
311 230
621 223
78 218
335 231
343 232
779 220
900 221
13 219
5 220
617 224
180 221
156 222
818 222
897 223
953 224
606 225
730 226
875 225
117 223
637 227
587 228
184 224
295 233
853 226
934 227
960 228
406 234
856 229
650 229
912 230
631 230
126 225
37 226
735 231
706 232
702 233
136 227
283 235
901 231
206 228
1 229
349 236
999 232
330 237
924 233
361 238
858 234
148 230
429 239
189 231
312 240
813 235
234 232
576 234
948 236
60 233
972 237
616 235
663 236
544 237
138 234
905 238
691 238
690 239
826 239
719 240
463 241
532 241
366 242
962 240
428 243
460 244
111 235
141 236
539 242
53 237
124 238
998 241
279 245
44 239
17 240
49 241
114 242
718 243
101 243
712 244
729 245
54 244
622 246
952 242
910 243
520 247
814 244
139 245
721 248
248 246
398 246
907 245
404 247
903 246
171 247
183 248
980 247
425 248
839 248
308 249
196 249
870 249
761 250
91 250
262 250
598 249
556 250

