1000 375 171375 0 374 374
538 1
655 2
766 1
855 2
972 3
828 4
319 1
131 2
200 3
114 4
463 3
995 5
978 6
818 7
191 5
550 4
18 6
383 5
586 6
708 7
273 7
419 8
434 9
666 10
1000 8
287 8
82 9
414 11
731 12
789 9
133 10
145 11
727 13
274 12
968 10
113 13
617 14
813 11
402 15
880 12
879 13
797 14
744 16
375 14
884 15
418 17
408 18
831 16
142 15
123 16
741 19
929 17
299 17
614 20
206 18
92 19
152 20
535 21
652 22
482 23
213 21
493 24
694 25
195 22
420 26
416 27
248 23
422 28
654 29
716 30
184 24
625 31
324 25
966 18
503 32
584 33
138 26
84 27
563 34
857 19
445 35
946 20
721 36
600 37
157 28
812 21
60 29
901 22
294 30
458 38
267 31
104 32
54 33
999 23
359 34
295 35
561 39
870 24
622 40
332 36
192 37
98 38
426 41
262 39
315 40
725 42
485 43
506 44
351 41
606 45
147 42
317 43
370 44
852 25
186 45
136 46
473 46
236 47
905 26
516 47
679 48
190 48
443 49
171 49
428 50
631 51
386 52
662 53
892 27
20 50
277 51
117 52
316 53
107 54
781 28
278 55
508 54
513 55
738 56
983 29
444 57
43 56
860 30
312 57
769 31
826 32
210 58
897 33
97 59
406 58
119 60
698 59
798 34
433 60
446 61
740 62
254 61
285 62
139 63
889 35
245 64
325 65
967 36
330 66
121 67
331 68
660 63
569 64
850 37
405 65
522 66
975 38
130 69
350 70
613 67
118 71
93 72
219 73
559 68
924 39
334 74
483 69
197 75
205 76
919 40
802 41
714 70
307 77
160 78
81 79
326 80
272 81
347 82
462 71
778 42
894 43
840 44
69 83
575 72
83 84
933 45
339 85
528 73
398 74
992 46
756 47
899 48
358 86
53 87
378 75
729 76
102 88
364 89
737 77
242 90
974 49
780 50
776 51
172 91
96 92
718 78
501 79
548 80
723 81
166 93
216 94
495 82
132 95
862 52
691 83
411 84
746 85
991 53
412 86
384 87
743 88
348 96
713 89
697 90
540 91
524 92
137 97
168 98
379 93
948 54
488 94
481 95
886 55
808 56
265 99
748 96
529 97
390 98
227 100
320 101
581 99
68 102
612 100
4 103
209 104
638 101
896 57
526 102
674 103
349 105
1 106
243 107
959 58
249 108
328 109
217 110
920 59
66 111
517 104
16 112
533 105
671 106
208 113
286 114
103 115
515 107
874 60
951 61
594 108
17 116
630 109
224 117
648 110
505 111
253 118
10 119
183 120
490 112
441 113
511 114
310 121
269 122
3 123
449 115
844 62
882 63
72 124
578 116
809 64
323 125
335 126
624 117
687 118
791 65
238 127
772 66
677 119
800 67
908 68
51 128
452 120
656 121
922 69
484 122
644 123
400 124
352 129
35 130
263 131
407 125
74 132
722 126
193 133
558 127
372 134
456 128
520 129
158 135
912 70
658 130
230 136
415 131
774 71
223 137
794 72
329 138
126 139
496 132
871 73
509 133
973 74
161 140
311 141
252 142
228 143
174 144
916 75
73 145
88 146
70 147
699 134
993 76
639 135
156 148
464 136
500 137
947 77
568 138
773 78
202 149
650 139
125 150
960 79
801 80
637 140
266 151
241 152
830 81
659 141
86 153
705 142
861 82
343 154
27 155
610 143
360 156
259 157
553 144
853 83
392 145
437 146
46 158
703 147
682 148
620 149
953 84
6 159
819 85
672 150
56 160
447 151
233 161
404 152
549 153
547 154
85 162
399 155
957 86
580 156
634 157
980 87
702 158
128 163
555 159
807 88
203 164
928 89
478 160
751 90
754 91
146 165
712 161
562 162
33 166
804 92
709 163
527 164
155 167
749 165
611 166
877 93
745 167
226 168
178 169
468 168
985 94
750 169
2 170
212 171
796 95
67 172
275 173
507 170
635 171
898 96
670 172
521 173
700 174
465 175
667 176
616 177
545 178
480 179
199 174
663 180
692 181
573 182
560 183
231 175
574 184
284 176
276 177
24 178
111 179
537 185
454 186
76 180
719 187
636 188
8 181
143 182
235 183
678 189
816 97
29 184
838 98
964 99
958 100
854 101
467 190
153 185
393 191
690 192
963 102
615 193
835 103
673 194
337 186
577 195
997 104
58 187
165 188
504 196
817 105
314 189
519 197
759 106
949 107
220 190
823 108
633 198
502 199
207 191
632 200
492 201
917 109
681 202
810 110
438 203
858 111
37 192
640 204
893 112
576 205
188 193
689 206
730 207
163 194
988 113
695 208
466 209
543 210
486 211
15 195
900 114
647 212
261 196
28 197
542 213
827 115
582 214
159 198
661 215
50 199
881 116
986 117
925 118
494 216
950 119
244 200
592 217
439 218
590 219
927 120
225 201
935 121
571 220
251 202
59 203
127 204
859 122
554 221
931 123
926 124
811 125
440 222
943 126
518 223
264 205
109 206
643 224
290 207
357 208
215 209
664 225
602 226
240 210
676 227
792 127
185 211
514 228
460 229
839 128
734 230
591 231
101 212
775 129
218 213
551 232
222 214
979 130
765 131
79 215
895 132
239 216
938 133
932 134
684 233
99 217
469 234
57 218
595 235
806 135
762 136
696 236
55 219
23 220
815 137
167 221
665 237
609 238
71 222
711 239
376 240
790 138
869 139
322 223
12 224
474 241
211 225
531 242
564 243
530 244
135 226
421 245
782 140
282 227
148 228
177 229
387 246
75 230
758 141
457 247
149 231
657 248
873 142
9 232
150 233
327 234
283 235
292 236
878 143
388 249
557 250
686 251
829 144
368 237
385 252
996 145
260 238
834 146
726 253
875 147
448 254
752 148
998 149
344 239
937 150
641 255
534 256
814 151
836 152
100 240
565 257
771 153
907 154
271 241
770 155
512 258
863 156
48 242
229 243
63 244
194 245
976 157
969 158
598 259
246 246
122 247
693 260
353 248
39 249
36 250
257 251
377 261
380 262
413 263
864 159
395 264
432 265
30 252
724 266
247 253
626 267
173 254
945 160
475 268
601 269
913 161
589 270
346 255
305 256
833 162
760 163
618 271
198 257
381 272
410 273
593 274
785 164
936 165
26 258
14 259
430 275
715 276
646 277
341 260
956 166
94 261
461 278
362 262
866 167
89 263
803 168
942 169
757 170
176 264
701 279
41 265
170 266
939 171
394 280
952 172
196 267
572 281
189 268
116 269
38 270
523 282
930 173
675 283
427 284
764 174
431 285
915 175
11 271
112 272
717 286
382 287
918 176
621 288
608 289
680 290
903 177
49 273
961 178
934 179
401 291
169 274
336 275
425 292
108 276
367 277
603 293
965 180
837 181
846 182
525 294
363 278
847 183
982 184
291 279
19 280
541 295
154 281
313 282
436 296
627 297
739 298
735 299
270 283
175 284
567 300
365 285
971 185
851 186
914 187
164 286
706 301
64 287
845 188
52 288
471 302
296 289
585 303
489 304
653 305
544 306
628 307
162 290
668 308
77 291
944 189
848 190
110 292
366 293
237 294
890 191
95 295
303 296
683 309
442 310
487 311
720 312
955 192
753 193
289 297
409 313
747 314
872 194
822 195
887 196
321 298
106 299
180 300
732 315
546 316
805 197
940 198
181 301
453 317
491 318
129 302
304 303
904 199
865 200
688 319
989 201
221 304
570 320
47 305
588 321
629 322
396 323
472 324
954 202
298 306
44 307
373 308
911 203
459 325
902 204
891 205
134 309
318 310
909 206
910 207
214 311
22 312
984 208
141 313
885 209
619 326
783 210
843 211
604 327
821 212
763 213
510 328
599 329
994 214
876 215
256 314
755 216
187 315
470 330
669 331
587 332
306 316
374 317
767 217
32 318
888 218
45 319
65 320
302 321
736 333
728 334
556 335
435 336
338 322
369 323
498 337
552 338
536 339
417 340
784 219
429 341
21 324
645 342
293 325
497 343
25 326
623 344
232 327
13 328
710 345
455 346
981 220
397 347
297 329
91 330
793 221
258 331
78 332
499 348
5 333
921 222
742 349
906 223
87 334
707 350
832 224
309 335
140 336
842 225
849 226
970 227
279 337
354 338
761 228
451 351
61 339
105 340
120 341
450 352
799 229
941 230
301 342
786 231
704 353
597 354
268 343
179 344
733 355
234 345
779 232
340 346
841 233
605 356
62 347
31 348
40 349
649 357
389 358
342 350
867 234
255 351
583 359
90 352
300 353
777 235
539 360
962 236
607 361
990 237
685 362
987 238
768 239
532 363
355 354
423 364
333 355
825 240
566 365
34 356
391 366
182 357
795 241
308 358
977 242
403 367
204 359
371 360
115 361
820 243
281 362
250 363
201 364
80 365
124 366
476 368
288 367
651 369
923 244
479 370
280 368
787 245
856 246
642 371
788 247
356 369
151 370
424 372
883 248
345 371
7 372
361 373
42 374
579 373
477 374
596 375
824 249
144 375
868 250

