600 51 71880 40 330 138
576 1
463 1
393 1
421 1
480 1
565 1
526 1
454 1
473 1
397 1
511 1
479 1
419 1
583 1
477 1
394 1
543 1
482 1
501 1
358 1
520 1
513 1
489 1
507 1
542 1
388 1
398 1
510 1
476 1
368 1
382 1
364 1
485 1
550 1
366 1
418 1
391 1
405 1
443 1
411 1
537 1
399 1
406 1
535 1
361 1
375 1
531 1
416 1
337 1
572 1
348 1
508 1
548 1
579 1
441 1
371 1
407 1
532 1
538 1
580 1
434 1
403 1
400 1
522 1
370 1
439 1
593 1
551 1
541 1
470 1
592 1
467 1
340 1
577 1
422 1
575 1
383 1
396 1
555 1
456 1
475 1
574 1
568 1
447 1
478 1
415 1
517 1
442 1
386 1
545 1
474 1
503 1
573 1
515 1
376 1
486 1
350 1
562 1
414 1
566 1
468 1
559 1
509 1
431 1
497 1
401 1
428 1
390 1
490 1
450 1
499 1
494 1
491 1
458 1
528 1
533 1
581 1
425 1
410 1
433 1
567 1
412 1
360 1
495 1
582 1
600 1
346 1
460 1
402 1
506 1
452 1
556 1
445 1
342 1
498 1
339 1
464 1
492 1
539 1
381 1
369 1
335 1
599 1
343 1
552 1
347 1
455 1
373 1
530 1
387 1
379 1
380 1
589 1
444 1
349 1
563 1
561 1
481 1
359 1
549 1
427 1
558 1
598 1
504 1
344 1
483 1
521 1
529 1
461 1
569 1
384 1
595 1
351 1
469 1
547 1
338 1
404 1
453 1
578 1
362 1
341 1
426 1
466 1
365 1
487 1
540 1
409 1
374 1
590 1
392 1
571 1
446 1
514 1
502 1
534 1
336 1
585 1
560 1
413 1
353 1
377 1
488 1
389 1
345 1
518 1
525 1
372 1
435 1
512 1
546 1
334 1
395 1
523 1
357 1
564 1
438 1
385 1
588 1
484 1
570 1
448 1
420 1
557 1
596 1
432 1
451 1
440 1
544 1
378 1
527 1
459 1
536 1
524 1
465 1
437 1
496 1
493 1
597 1
505 1
367 1
429 1
449 1
424 1
553 1
352 1
408 1
462 1
471 1
430 1
500 1
587 1
519 1
356 1
354 1
591 1
417 1
516 1
363 1
586 1
554 1
436 1
594 1
584 1
355 1
423 1
457 1
472 1
333 2
62 3
65 2
118 3
76 2
64 3
141 4
27 2
144 4
226 3
261 4
106 5
157 5
262 6
182 4
177 7
178 5
1 4
238 6
286 7
117 3
167 8
281 6
3 8
321 9
174 2
323 3
284 2
210 7
137 7
134 8
102 10
149 5
80 9
328 2
67 8
215 5
121 11
248 12
254 9
113 6
251 10
12 6
159 3
219 7
214 9
207 12
57 10
52 10
271 11
139 13
264 13
70 11
133 14
143 14
124 12
79 13
195 14
243 8
305 13
2 5
269 4
190 15
288 15
54 9
235 9
217 8
218 16
9 10
22 12
223 15
206 12
282 17
171 18
173 14
77 16
325 5
164 12
298 6
130 16
245 8
249 17
142 13
125 18
275 10
21 13
247 15
138 18
135 11
20 14
310 16
161 18
14 8
68 19
88 19
73 19
34 17
228 17
317 11
211 12
98 9
208 16
40 19
250 20
285 7
111 6
82 21
277 12
100 21
122 14
136 16
191 22
220 23
329 17
71 16
110 20
290 20
304 15
26 21
241 22
295 20
87 18
45 6
291 23
292 22
308 23
297 20
197 24
289 25
140 11
93 24
232 4
318 25
16 11
181 26
150 25
192 27
170 18
115 10
172 26
132 11
312 24
90 21
283 27
129 26
66 28
302 23
236 26
303 4
231 3
293 8
166 28
112 21
324 29
120 7
221 19
131 17
196 26
72 30
187 28
63 29
311 28
31 31
287 30
260 21
168 14
309 3
81 32
30 22
272 31
154 24
188 27
184 33
234 7
17 25
119 4
15 14
44 29
253 23
307 24
165 19
101 28
276 30
319 13
203 15
10 33
212 2
205 29
99 26
103 34
91 31
60 32
322 27
4 27
233 32
204 19
270 34
230 15
37 30
176 35
315 35
127 22
42 36
200 36
114 32
224 33
108 29
244 36
59 9
86 36
74 37
274 33
49 37
83 27
126 38
41 36
259 22
278 29
153 30
213 20
123 39
216 34
265 39
13 21
145 38
175 7
28 35
48 37
32 38
301 40
128 6
194 40
256 30
198 41
89 42
313 32
267 40
56 25
239 34
306 41
316 31
151 35
33 34
199 43
38 43
255 44
229 42
147 41
51 40
314 43
209 42
186 32
75 38
183 16
94 23
46 45
180 16
201 43
19 45
58 46
332 44
279 26
258 39
29 30
11 46
162 42
257 25
158 39
148 46
268 35
96 45
294 46
69 35
107 37
327 24
5 36
18 9
227 26
8 33
152 45
116 32
104 46
160 27
222 47
23 17
300 44
105 48
55 31
25 25
331 48
35 47
202 34
24 49
36 50
50 35
263 48
252 48
6 43
242 47
246 28
39 31
84 49
189 37
169 29
330 20
47 50
299 40
273 19
240 41
109 41
146 22
85 38
237 41
225 45
280 17
78 18
296 43
53 51
156 46
95 14
326 33
43 51
179 23
61 49
97 51
7 5
320 50
163 39
92 47
185 38
155 35
266 24
193 45

