600 51 71880 40 334 140
393 1
552 1
543 1
395 1
388 1
376 1
486 1
349 1
547 1
536 1
490 1
347 1
594 1
542 1
380 1
478 1
398 1
503 1
556 1
477 1
345 1
417 1
451 1
336 1
401 1
538 1
387 1
441 1
586 1
350 1
482 1
371 1
357 1
526 1
514 1
351 1
574 1
334 1
460 1
596 1
373 1
593 1
374 1
474 1
464 1
541 1
333 1
592 1
422 1
560 1
494 1
513 1
597 1
465 1
457 1
411 1
348 1
359 1
522 1
497 1
424 1
579 1
382 1
577 1
446 1
365 1
463 1
472 1
400 1
531 1
599 1
584 1
454 1
368 1
455 1
341 1
498 1
436 1
340 1
330 1
410 1
413 1
600 1
528 1
598 1
501 1
519 1
418 1
521 1
405 1
565 1
470 1
409 1
582 1
362 1
506 1
525 1
438 1
369 1
447 1
573 1
591 1
481 1
444 1
343 1
554 1
354 1
459 1
445 1
452 1
499 1
507 1
364 1
372 1
548 1
523 1
530 1
595 1
338 1
355 1
508 1
414 1
475 1
361 1
544 1
576 1
346 1
492 1
390 1
407 1
568 1
383 1
484 1
578 1
352 1
342 1
375 1
428 1
406 1
430 1
469 1
389 1
439 1
329 1
391 1
366 1
529 1
489 1
403 1
339 1
466 1
471 1
510 1
412 1
575 1
426 1
377 1
396 1
589 1
420 1
535 1
496 1
476 1
534 1
493 1
384 1
517 1
509 1
448 1
546 1
332 1
504 1
379 1
564 1
425 1
585 1
367 1
378 1
580 1
442 1
404 1
527 1
587 1
437 1
520 1
419 1
432 1
453 1
431 1
434 1
495 1
487 1
415 1
353 1
581 1
505 1
551 1
363 1
558 1
537 1
467 1
402 1
540 1
559 1
491 1
473 1
570 1
569 1
461 1
435 1
337 1
335 1
588 1
356 1
549 1
524 1
515 1
590 1
566 1
421 1
423 1
399 1
561 1
571 1
358 1
443 1
392 1
512 1
555 1
485 1
458 1
539 1
479 1
427 1
572 1
344 1
518 1
381 1
449 1
557 1
567 1
516 1
408 1
511 1
583 1
433 1
416 1
533 1
488 1
386 1
563 1
480 1
483 1
553 1
450 1
360 1
500 1
429 1
468 1
462 1
394 1
532 1
545 1
440 1
331 1
550 1
397 1
562 1
370 1
456 1
502 1
385 1
100 2
190 2
231 3
200 3
281 4
104 2
250 2
80 2
53 3
131 5
242 3
199 4
82 6
244 5
168 4
49 6
217 4
178 4
162 7
13 5
23 6
25 8
145 8
310 7
124 9
84 2
15 3
90 10
313 7
186 9
237 6
328 5
193 5
115 10
317 6
61 9
232 8
189 7
140 6
91 2
10 11
289 10
239 12
290 3
283 8
118 8
228 12
275 13
134 13
119 11
29 12
194 11
251 7
92 7
177 10
105 14
227 4
142 14
297 13
137 11
9 13
16 14
47 15
32 9
132 11
263 15
201 10
240 15
276 16
161 4
303 16
144 17
52 17
27 16
8 18
167 17
257 14
116 18
98 19
28 19
308 12
150 15
277 15
225 20
50 12
5 21
133 9
30 13
213 20
163 20
241 14
265 16
44 9
81 18
38 18
114 20
300 21
17 16
253 13
95 21
235 21
187 15
74 5
31 22
249 4
291 18
214 23
248 11
3 22
230 12
312 24
180 19
65 22
301 7
175 25
67 17
63 21
209 10
211 4
64 8
203 24
120 10
99 22
77 18
106 5
18 6
83 26
266 23
146 19
33 27
271 15
45 18
323 28
68 26
309 26
149 25
264 8
34 27
156 22
24 23
321 25
70 13
246 23
59 14
286 27
272 24
152 19
71 27
123 24
299 12
164 26
236 28
226 27
7 25
207 24
326 6
270 29
54 17
139 29
12 22
285 26
43 8
14 30
127 31
307 30
243 29
4 29
76 26
101 30
252 31
165 31
160 32
185 23
2 19
35 23
319 28
245 25
279 33
136 24
292 34
221 33
48 20
147 32
155 2
86 28
188 35
179 35
274 34
238 21
111 16
51 34
325 17
66 10
166 32
260 32
11 34
97 29
37 23
60 28
196 20
304 15
138 5
296 14
261 32
41 36
102 36
229 36
109 31
195 37
288 38
103 30
298 22
191 30
302 33
198 39
72 38
320 36
183 40
268 33
273 35
78 3
278 33
318 38
20 39
110 24
141 6
182 35
108 37
26 41
117 35
88 26
282 39
87 37
267 28
58 18
212 42
130 29
39 43
208 41
174 35
57 40
204 37
112 6
259 29
42 40
21 41
294 43
218 23
158 9
46 44
306 42
311 30
247 20
256 30
128 39
172 36
56 31
89 25
224 44
143 11
219 45
255 42
36 42
6 26
262 19
148 37
223 31
202 31
197 46
327 33
170 36
159 43
322 43
151 18
73 41
254 45
181 37
126 38
287 47
205 37
125 46
316 40
113 27
216 48
122 16
314 47
121 28
176 48
94 45
96 13
206 44
305 47
234 20
75 42
293 8
153 49
173 49
220 48
222 38
85 43
284 49
169 41
69 22
192 42
62 34
79 3
258 45
19 46
107 38
184 43
324 50
135 49
93 44
154 16
40 41
315 34
215 5
157 39
210 47
129 50
22 27
1 51
55 30
171 7
280 46
295 24
233 34
269 45

