600 104 107820 60 477 301
411 1
197 1
241 2
510 3
192 3
456 4
447 2
336 5
450 4
462 4
430 1
565 1
239 2
395 5
407 5
432 2
301 6
246 6
418 4
259 3
185 7
323 1
362 2
195 8
453 6
264 7
262 8
292 5
464 9
252 10
452 4
582 3
317 8
400 8
383 9
591 11
594 3
554 5
375 10
515 11
356 11
207 4
168 10
547 12
564 7
549 11
508 8
480 12
531 7
562 10
566 8
542 9
173 4
196 13
176 6
385 7
541 14
575 14
514 2
281 15
214 8
488 11
282 9
359 9
455 14
475 2
222 6
445 15
471 13
240 15
572 1
469 13
449 12
397 5
220 12
299 16
251 10
215 6
396 11
243 16
256 12
521 17
237 17
529 16
278 18
345 8
266 7
279 17
556 15
596 9
333 16
590 15
574 13
151 14
589 17
367 5
502 18
473 7
366 4
324 19
140 10
558 15
444 6
501 14
227 20
516 18
260 21
421 21
526 7
206 20
408 18
373 7
436 21
296 9
527 14
479 12
143 13
440 19
257 20
528 22
287 21
389 19
194 20
570 6
182 20
303 12
225 10
344 11
341 11
155 9
573 17
181 19
551 23
274 16
141 16
427 23
291 24
355 19
409 13
600 22
212 21
561 17
304 17
160 24
319 25
585 21
372 1
379 23
386 22
598 22
420 26
519 21
164 18
378 25
156 26
283 18
415 26
425 14
218 27
546 22
467 3
388 27
230 25
349 25
557 25
286 24
500 24
490 23
329 5
169 26
316 18
320 27
454 23
576 28
313 19
428 9
228 28
391 28
459 23
294 25
442 27
312 4
493 28
482 29
426 29
308 17
512 29
288 23
522 22
466 8
503 30
485 30
597 30
484 31
460 16
331 28
334 6
305 32
285 31
472 23
217 32
380 32
242 30
595 33
504 33
577 26
506 34
457 33
392 34
376 33
458 35
586 20
424 34
481 35
579 33
568 24
486 31
438 34
403 3
306 30
384 26
532 31
322 24
238 36
255 32
578 10
198 19
448 35
476 37
550 38
199 20
302 3
147 8
354 38
377 34
335 39
307 38
364 36
189 15
165 37
357 29
233 36
499 15
332 33
405 40
417 36
365 35
477 31
498 39
563 40
224 22
315 41
347 30
249 37
381 27
540 36
492 29
170 32
494 29
325 37
265 40
346 41
404 17
314 28
402 38
276 13
422 21
567 42
280 38
277 24
555 33
544 43
414 39
321 32
154 26
263 35
587 13
390 7
340 41
539 28
284 36
148 39
267 42
461 19
423 44
571 43
161 41
271 45
254 44
318 21
489 46
496 17
463 25
569 31
144 27
401 43
387 28
174 45
275 40
229 29
593 2
419 41
211 43
338 21
166 20
231 38
187 47
221 25
203 40
234 31
398 45
592 30
146 46
553 47
429 13
465 40
583 39
162 42
244 48
300 34
163 36
413 44
406 48
497 49
581 17
236 45
142 45
441 5
158 48
350 49
353 43
371 14
250 49
272 31
298 11
149 46
394 44
205 37
248 47
580 50
290 46
410 42
201 50
157 44
599 29
552 46
337 51
223 34
150 24
268 51
311 48
495 16
216 52
208 53
382 49
219 51
509 27
530 51
412 5
330 52
351 37
535 32
179 54
343 43
348 47
204 55
468 55
232 46
342 52
358 53
435 56
152 50
399 41
293 56
190 21
524 55
183 52
369 42
184 53
560 55
153 53
210 56
188 39
548 47
520 57
360 27
537 54
309 50
588 57
270 48
175 40
433 58
328 22
474 57
559 53
368 54
145 40
226 59
178 42
167 54
200 59
478 52
446 44
247 45
517 48
443 54
416 34
437 60
505 58
483 56
253 51
507 60
534 37
177 16
269 38
363 55
172 61
191 54
370 58
513 39
361 42
487 62
273 62
326 41
202 49
186 59
451 58
193 35
352 60
295 59
470 62
431 20
434 60
261 49
393 59
584 18
245 52
310 16
518 57
491 49
339 56
439 61
543 52
536 53
180 61
533 58
538 63
171 54
525 50
511 61
297 26
213 64
258 64
374 51
289 63
209 43
523 47
235 64
139 1
545 65
159 66
327 56
131 67
116 57
114 66
45 68
89 67
33 68
44 69
100 63
128 70
78 67
52 66
115 68
80 70
84 68
48 71
56 71
10 70
18 72
24 70
74 65
29 73
72 71
108 72
43 71
27 63
7 69
34 66
47 74
39 75
120 76
98 73
92 74
97 65
61 76
83 69
8 75
26 77
25 77
124 78
119 72
68 79
132 80
54 79
2 65
70 78
125 81
90 82
110 72
86 81
67 80
76 73
126 76
136 77
63 62
85 73
46 82
4 83
134 84
66 75
102 63
11 80
103 85
42 70
106 69
95 86
75 84
3 77
88 74
69 87
21 76
58 67
109 82
5 83
30 88
60 88
9 87
20 79
79 84
104 89
93 88
51 81
112 90
19 91
77 85
130 92
138 86
13 56
107 80
73 93
123 89
38 87
99 64
17 90
6 94
55 95
36 91
111 95
135 86
127 92
91 94
94 96
122 86
35 96
105 83
71 93
62 97
40 98
15 74
121 90
16 83
117 85
1 92
49 91
57 97
82 85
41 89
12 79
113 94
101 99
129 99
50 35
96 72
23 94
59 98
32 100
22 97
31 93
37 101
118 95
65 99
137 102
14 90
133 74
87 103
81 103
28 101
64 96
53 104

