600 208 161730 90 576 512
221 1
554 2
227 3
217 4
575 5
346 5
338 1
490 6
210 3
204 4
457 1
202 2
179 7
420 8
456 8
369 6
538 9
298 2
196 4
253 10
460 8
481 7
250 6
340 11
503 1
293 6
183 12
376 3
595 9
381 9
497 10
487 11
586 12
256 13
473 14
164 15
543 7
236 16
440 17
296 18
257 14
304 13
596 16
334 19
459 20
260 15
335 21
375 11
360 22
585 23
480 18
514 19
258 17
560 24
509 20
579 25
566 25
572 15
357 24
423 23
184 26
561 21
147 22
470 27
359 28
519 26
306 29
397 12
211 16
536 28
573 13
352 5
578 30
475 31
189 10
383 32
170 33
448 27
458 34
364 28
207 35
455 18
323 8
563 30
522 35
507 36
435 33
582 31
224 34
295 29
274 37
328 38
347 39
529 24
154 37
371 36
354 40
388 22
374 23
226 26
321 27
362 31
141 38
172 32
399 40
244 14
315 41
580 19
228 42
252 43
348 30
549 35
429 39
523 41
401 33
341 32
426 44
280 4
208 45
363 34
309 3
343 46
218 47
314 19
212 20
285 20
556 42
198 17
350 48
342 49
544 48
533 42
324 50
537 44
358 46
484 51
599 52
431 45
200 50
562 53
416 54
449 47
517 54
468 43
186 52
152 31
506 55
546 56
504 36
564 21
555 6
574 28
479 56
465 57
245 50
339 20
592 51
590 21
547 58
482 37
577 50
492 59
499 49
453 7
214 5
331 25
188 41
302 58
569 52
411 60
344 61
394 62
434 63
576 59
242 53
353 22
439 64
471 64
262 55
361 55
398 32
451 45
406 62
206 25
384 60
235 57
443 65
500 62
150 66
333 51
511 66
476 63
442 34
222 53
232 67
305 68
525 68
424 69
303 70
541 57
203 71
402 70
535 69
366 72
241 65
327 46
382 60
174 73
291 71
418 33
467 74
520 75
600 29
162 76
246 73
168 77
286 72
510 78
233 61
368 68
277 67
249 67
502 79
438 74
469 79
395 38
201 40
444 2
194 80
301 75
220 77
145 81
414 78
387 63
308 82
167 83
165 84
356 82
365 72
311 85
485 44
505 39
378 86
477 87
159 76
240 81
594 88
422 61
373 80
380 89
276 83
143 39
223 71
349 90
584 56
225 89
148 90
187 84
299 86
330 48
297 87
325 91
461 77
151 92
158 93
307 92
192 27
248 92
166 88
269 94
284 95
528 91
197 20
312 96
355 66
392 70
320 85
370 97
530 96
513 98
598 95
403 64
393 93
405 97
290 49
294 99
483 87
182 78
446 76
310 100
441 101
155 102
521 47
534 74
337 103
430 102
428 65
377 80
436 67
390 97
239 94
273 73
149 75
491 104
589 105
407 98
268 96
238 106
432 107
243 108
251 103
144 109
156 110
216 54
557 102
404 99
367 111
408 33
255 112
545 113
454 59
391 101
175 107
176 105
326 100
319 81
593 108
462 109
254 114
171 59
351 115
396 102
300 106
494 98
591 116
181 115
419 112
542 117
581 113
178 110
281 97
215 108
400 118
385 55
558 119
177 86
567 106
270 101
565 58
539 118
157 48
489 120
193 121
199 122
588 123
287 124
173 88
372 13
532 125
322 126
463 104
466 113
409 47
292 91
410 111
190 45
336 44
332 109
316 21
450 83
531 64
472 52
195 116
180 51
140 82
417 124
163 126
389 119
329 127
583 125
501 124
234 112
278 122
263 103
413 128
272 120
421 121
412 126
209 79
386 78
427 129
571 114
185 40
288 35
568 130
161 44
597 90
552 123
478 131
570 53
160 121
540 117
526 132
289 133
237 30
379 94
512 131
213 125
415 132
518 118
553 70
264 131
493 43
587 120
559 89
265 128
318 72
271 134
496 135
345 129
259 107
474 136
279 93
498 137
191 138
551 127
447 24
266 77
433 139
282 140
283 138
488 137
261 133
508 141
229 127
548 142
153 130
524 143
425 139
169 143
267 140
464 136
445 69
146 134
486 94
247 116
317 122
516 144
437 144
313 145
205 56
142 133
52 146
219 147
515 148
44 149
275 150
60 85
495 10
230 149
452 147
550 134
99 135
105 144
527 151
139 105
131 141
29 152
68 153
10 142
138 110
121 149
79 154
80 146
63 135
103 152
24 152
84 155
70 156
98 157
51 158
48 158
124 148
22 159
20 160
40 154
66 155
75 161
129 130
86 159
122 162
16 163
6 164
69 150
30 165
92 156
109 166
35 138
14 161
132 167
77 157
133 160
119 168
231 169
59 170
21 114
130 104
18 153
28 170
125 167
19 165
4 162
32 145
58 163
72 171
76 151
37 172
27 173
88 174
62 175
9 176
135 150
97 176
38 177
96 178
134 166
136 179
2 154
15 180
64 181
101 119
53 178
67 164
43 168
5 172
12 182
46 158
89 178
111 183
110 177
34 184
91 117
90 163
83 153
100 183
41 185
117 173
116 154
127 186
123 187
112 185
118 180
107 181
17 188
7 189
74 188
73 190
71 186
31 171
137 175
47 191
61 186
50 192
45 184
42 193
1 193
8 194
3 161
55 194
106 195
81 196
25 179
78 167
85 162
33 197
120 198
128 199
56 200
104 199
57 128
82 187
65 200
87 192
39 201
36 202
11 182
94 84
108 195
115 203
26 204
114 205
23 168
54 156
102 201
93 206
49 207
113 190
126 208
13 202
95 205

