1000 250 124500 0 249 249
177 1
286 1
679 1
266 2
474 3
929 1
973 2
279 4
353 5
644 2
482 6
638 3
922 3
497 7
949 4
377 8
13 2
566 4
984 5
860 6
208 3
919 7
976 8
600 5
466 9
40 4
809 9
36 5
508 6
398 10
100 6
768 10
357 11
438 12
826 11
343 13
601 7
500 14
776 12
532 8
590 9
513 10
249 7
296 15
135 8
142 9
930 13
884 14
669 11
556 12
462 16
428 17
700 13
277 18
606 14
120 10
898 15
275 19
825 16
676 15
762 17
579 16
205 11
369 20
386 21
299 22
163 12
354 23
752 18
699 17
339 24
63 13
140 14
207 15
912 19
578 18
998 20
785 21
365 25
269 26
546 19
937 22
458 27
518 20
131 16
896 23
310 28
836 24
970 25
169 17
335 29
540 21
127 18
807 26
138 19
531 22
359 30
629 23
743 24
575 25
460 31
933 27
444 32
581 26
79 20
603 27
797 28
975 29
387 33
104 21
683 28
293 34
870 30
272 35
331 36
680 29
273 37
356 38
831 31
88 22
178 23
725 30
304 39
199 24
634 31
251 40
665 32
583 33
224 25
756 32
617 34
233 26
323 41
22 27
604 35
1 28
735 36
507 37
542 38
738 39
737 40
555 41
972 33
946 34
170 29
748 42
696 43
202 30
416 42
550 44
68 31
529 45
472 43
538 46
701 47
882 35
576 48
887 36
595 49
697 50
519 51
330 44
528 52
716 53
574 54
292 45
481 46
442 47
316 48
278 49
631 55
920 37
399 50
236 32
876 38
997 39
6 33
14 34
132 35
727 56
305 51
282 52
371 53
684 57
879 40
824 41
15 36
589 58
775 42
587 59
370 54
708 60
478 55
403 56
734 61
86 37
923 43
568 62
454 57
430 58
188 38
514 63
287 59
26 39
380 60
419 61
471 62
262 63
911 44
237 40
534 64
34 41
871 45
195 42
729 65
27 43
639 66
274 64
173 44
69 45
341 65
483 66
891 46
950 47
48 46
280 67
963 48
329 68
397 69
517 67
921 49
495 70
475 71
348 72
244 47
960 50
623 68
739 69
674 70
83 48
769 51
584 71
657 72
270 73
939 52
852 53
449 74
379 75
682 73
148 49
800 54
234 50
133 51
307 76
774 55
792 56
461 77
450 78
388 79
247 52
46 53
802 57
324 80
582 74
128 54
779 58
17 55
219 56
427 81
431 82
317 83
592 75
822 59
409 84
121 57
804 60
663 76
141 58
168 59
151 60
126 61
806 61
857 62
426 85
425 86
102 62
642 77
227 63
745 78
258 87
586 79
174 64
98 65
961 63
19 66
512 80
916 64
647 81
385 88
470 89
297 90
119 67
795 65
291 91
30 68
668 82
569 83
830 66
200 69
309 92
41 70
261 93
465 94
602 84
780 67
938 68
786 69
368 95
313 96
932 70
476 97
43 71
485 98
903 71
393 99
918 72
221 72
85 73
216 74
766 73
522 85
361 100
484 101
112 75
489 102
445 103
77 76
408 104
185 77
733 86
941 74
374 105
624 87
687 88
338 106
787 75
885 76
260 107
35 78
865 77
150 79
914 78
704 89
154 80
943 79
114 81
139 82
994 80
516 90
54 83
572 91
8 84
646 92
746 93
805 81
303 108
650 94
599 95
81 85
246 86
285 109
58 87
241 88
643 96
336 110
506 97
560 98
12 89
105 90
432 111
765 82
944 83
243 91
856 84
71 92
855 85
867 86
675 99
811 87
851 88
66 93
308 112
712 100
109 94
655 101
527 102
254 113
290 114
952 89
715 103
240 95
9 96
641 104
770 90
928 91
977 92
827 93
705 105
435 115
690 106
318 116
853 94
772 95
311 117
844 96
268 118
530 107
337 119
182 97
728 108
5 98
859 97
707 109
373 120
213 99
886 98
917 99
106 100
164 101
453 121
327 122
874 100
803 101
640 110
862 102
74 102
847 103
82 103
197 104
622 111
571 112
925 104
360 123
686 113
145 105
455 124
648 114
742 115
967 105
525 116
448 125
819 106
628 117
18 106
510 118
689 119
271 126
947 107
248 107
626 120
143 108
562 121
658 122
42 109
320 127
99 110
711 123
108 111
300 128
110 112
618 124
402 129
614 125
910 108
906 109
315 130
265 131
50 113
611 126
312 132
162 114
415 133
37 115
625 127
242 116
452 134
362 135
893 110
94 117
979 111
724 128
666 129
413 136
89 118
23 119
526 130
659 131
681 132
842 112
56 120
981 113
230 121
993 114
758 115
632 133
509 134
544 135
11 122
899 116
936 117
878 118
678 136
468 137
588 137
288 138
321 139
322 140
473 141
880 119
796 120
175 123
788 121
378 142
477 143
557 138
565 139
902 122
57 124
421 144
259 145
80 125
264 146
995 123
137 126
91 127
345 147
608 140
44 128
49 129
52 130
722 141
521 142
799 124
536 143
580 144
194 131
117 132
284 148
718 145
904 125
757 126
619 146
256 149
210 133
551 147
954 127
864 128
422 150
392 151
846 129
593 148
552 149
794 130
883 131
710 150
420 152
488 153
838 132
107 134
548 151
635 152
412 154
196 135
986 133
841 134
732 153
222 136
783 135
92 137
180 138
158 139
520 154
845 136
955 137
440 155
798 138
130 140
982 139
974 140
553 155
436 156
349 157
754 141
301 158
382 159
645 156
791 142
897 143
417 160
991 144
28 141
96 142
753 145
20 143
988 146
670 157
616 158
498 161
561 159
505 160
835 147
866 148
523 161
905 149
692 162
717 163
352 162
463 163
214 144
515 164
439 164
940 150
437 165
407 166
564 165
183 145
499 167
585 166
255 168
153 146
367 169
915 151
334 170
192 147
333 171
401 172
664 167
597 168
375 173
755 152
479 174
212 148
971 153
858 154
122 149
405 175
257 176
656 169
934 155
389 177
605 170
980 156
160 150
821 157
992 158
75 151
781 159
501 171
958 160
84 152
698 172
894 161
414 178
167 153
694 173
570 174
784 162
951 163
189 154
814 164
872 165
38 155
283 179
232 156
543 175
113 157
124 158
172 159
810 166
252 180
298 181
627 176
677 177
166 160
295 182
136 161
171 162
667 178
672 179
33 163
706 180
7 164
812 167
964 168
490 183
344 184
537 181
688 182
64 165
129 166
985 169
721 183
342 185
945 170
594 184
289 186
563 185
294 187
231 167
250 168
837 171
817 172
406 188
111 169
863 173
990 174
750 186
813 175
533 187
144 170
217 171
351 189
146 172
890 176
895 177
840 178
364 190
502 188
118 173
391 191
376 192
913 179
447 193
116 174
591 189
901 180
451 194
235 175
181 176
736 190
276 195
73 177
873 181
695 191
559 192
673 193
612 194
662 195
24 178
651 196
709 197
93 179
818 182
65 180
101 181
989 183
253 196
486 197
953 184
549 198
340 198
907 185
730 199
223 182
487 199
609 200
115 183
358 200
759 186
547 201
390 201
302 202
577 202
567 203
962 187
328 203
829 188
59 184
97 185
155 186
834 189
220 187
165 188
767 190
404 204
615 204
969 191
957 192
263 205
714 205
789 193
134 189
511 206
347 206
778 194
203 190
226 191
598 207
924 195
828 196
815 197
2 192
4 193
782 198
959 199
793 200
39 194
443 207
966 201
467 208
123 195
457 209
10 196
215 197
996 202
630 208
184 198
823 203
204 199
424 210
149 200
70 201
433 211
198 202
726 209
51 203
539 210
808 204
671 211
319 212
25 204
206 205
713 212
218 206
238 207
751 205
32 208
832 206
636 213
469 213
410 214
31 209
446 215
459 216
892 207
418 217
267 218
381 219
691 214
978 208
761 209
21 210
503 215
201 211
394 220
441 221
653 216
763 210
326 222
411 223
281 224
596 217
193 212
573 218
948 211
55 213
909 212
332 225
152 214
480 226
703 219
888 213
773 214
464 227
554 220
801 215
90 215
78 216
429 228
423 229
869 216
306 230
350 231
229 217
881 217
400 232
87 218
956 218
384 233
877 219
850 220
325 234
875 221
843 222
854 223
760 224
926 225
245 219
47 220
620 221
719 222
434 235
45 221
987 226
61 222
3 223
366 236
868 227
157 224
72 225
741 223
186 226
935 228
187 227
613 224
749 225
53 228
491 237
610 226
541 227
889 229
545 228
702 229
16 229
637 230
607 231
685 232
225 230
176 231
660 233
942 230
983 231
900 232
363 238
239 232
76 233
95 234
764 233
492 239
209 235
908 234
62 236
211 237
833 235
744 234
493 240
535 235
383 241
161 238
125 239
159 240
67 241
720 236
456 242
747 237
355 243
1000 236
103 242
494 244
968 237
931 238
652 238
228 243
927 239
999 240
147 244
820 241
558 239
839 242
731 240
771 243
633 241
346 245
654 242
504 243
661 244
740 245
790 244
649 246
693 247
777 245
496 246
861 246
848 247
314 247
190 245
396 248
29 246
372 249
156 247
849 248
191 248
524 248
621 249
816 249
179 249
60 250
395 250
723 250
965 250

