1000 375 171375 0 374 374
790 1
803 2
794 3
806 4
753 5
861 6
901 7
986 8
879 9
885 10
874 11
785 12
967 13
904 14
944 15
987 16
798 17
857 18
937 19
811 20
834 21
972 22
848 23
842 24
821 25
837 26
961 27
984 28
836 29
959 30
751 31
810 32
923 33
979 34
974 35
754 36
833 37
826 38
755 39
900 40
898 41
909 42
989 43
787 44
870 45
819 46
983 47
966 48
929 49
936 50
951 51
927 52
907 53
802 54
890 55
783 56
866 57
865 58
847 59
943 60
919 61
948 62
970 63
946 64
912 65
999 66
977 67
808 68
764 69
780 70
964 71
769 72
831 73
779 74
767 75
789 76
796 77
942 78
896 79
853 80
998 81
954 82
820 83
786 84
886 85
997 86
920 87
882 88
868 89
766 90
814 91
888 92
871 93
924 94
933 95
827 96
965 97
1000 98
845 99
824 100
910 101
957 102
850 103
801 104
777 105
873 106
928 107
962 108
768 109
922 110
935 111
894 112
859 113
982 114
752 115
995 116
825 117
838 118
891 119
876 120
992 121
830 122
932 123
852 124
953 125
781 126
878 127
797 128
906 129
849 130
775 131
930 132
770 133
846 134
934 135
884 136
793 137
828 138
854 139
856 140
931 141
941 142
916 143
950 144
956 145
911 146
883 147
913 148
840 149
832 150
813 151
778 152
938 153
843 154
993 155
788 156
963 157
816 158
835 159
795 160
881 161
855 162
765 163
784 164
815 165
996 166
955 167
973 168
968 169
994 170
949 171
862 172
758 173
869 174
841 175
903 176
776 177
915 178
877 179
925 180
817 181
976 182
771 183
782 184
969 185
863 186
761 187
772 188
792 189
759 190
971 191
880 192
899 193
926 194
805 195
892 196
952 197
799 198
844 199
960 200
867 201
839 202
988 203
872 204
918 205
914 206
864 207
991 208
958 209
945 210
889 211
990 212
940 213
975 214
823 215
773 216
860 217
800 218
818 219
829 220
774 221
905 222
807 223
921 224
980 225
809 226
760 227
756 228
762 229
981 230
822 231
804 232
902 233
978 234
947 235
893 236
812 237
757 238
858 239
791 240
917 241
897 242
895 243
908 244
939 245
763 246
851 247
887 248
985 249
875 250
479 1
576 2
603 3
629 4
454 5
720 6
538 7
79 1
673 8
427 9
158 2
705 10
746 11
523 12
6 3
616 13
383 14
501 15
559 16
116 4
237 5
266 6
9 7
529 17
728 18
173 8
217 9
209 10
87 11
30 12
76 13
554 19
13 14
208 15
395 20
619 21
450 22
617 23
546 24
690 25
670 26
385 27
608 28
26 16
723 29
238 17
711 30
340 18
584 31
494 32
370 19
394 33
712 34
72 20
613 35
655 36
473 37
466 38
71 21
194 22
54 23
229 24
439 39
549 40
309 25
225 26
672 41
75 27
285 28
41 29
108 30
98 31
732 42
634 43
265 32
300 33
371 34
525 44
296 35
113 36
39 37
407 45
150 38
663 46
318 39
184 40
110 41
127 42
276 43
321 44
29 45
235 46
145 47
415 47
48 48
312 49
80 50
60 51
599 48
659 49
62 52
418 50
520 51
335 53
143 54
91 55
604 52
630 53
748 54
155 56
325 57
49 58
611 55
308 59
441 56
507 57
511 58
111 60
12 61
421 59
269 62
329 63
92 64
3 65
57 66
666 60
183 67
725 61
627 62
575 63
578 64
247 68
733 65
635 66
587 67
148 69
580 68
149 70
582 69
547 70
5 71
104 72
661 71
648 72
528 73
405 74
66 73
434 75
323 74
577 76
719 77
277 75
69 76
315 77
591 78
718 79
588 80
524 81
704 82
193 78
243 79
428 83
109 80
698 84
195 81
284 82
699 85
324 83
677 86
614 87
644 88
268 84
702 89
431 90
660 91
15 85
245 86
58 87
526 92
716 93
492 94
191 88
105 89
96 90
684 95
157 91
552 96
28 92
606 97
236 93
436 98
263 94
572 99
475 100
697 101
562 102
124 95
187 96
453 103
688 104
430 105
638 106
506 107
384 108
122 97
597 109
20 98
460 110
257 99
741 111
94 100
586 112
199 101
147 102
745 113
695 114
653 115
662 116
382 117
533 118
346 103
341 104
679 119
642 120
11 105
641 121
410 122
521 123
600 124
640 125
553 126
19 106
233 107
391 127
214 108
694 128
288 109
328 110
442 129
73 111
86 112
499 130
565 131
713 132
451 133
141 113
446 134
77 114
505 135
541 136
351 115
170 116
535 137
254 117
647 138
445 139
166 118
295 119
2 120
138 121
175 122
610 140
483 141
297 123
228 124
242 125
532 142
165 126
455 143
106 127
681 144
64 128
555 145
56 129
686 146
568 147
639 148
304 130
700 149
457 150
177 131
477 151
359 132
230 133
364 134
399 152
646 153
347 135
534 154
130 136
343 137
602 155
132 138
620 156
40 139
696 157
290 140
589 158
567 159
136 141
668 160
260 142
152 143
232 144
378 161
743 162
708 163
89 145
631 164
618 165
251 146
162 147
375 148
367 149
99 150
360 151
342 152
495 166
270 153
544 167
189 154
250 155
493 168
513 169
234 156
7 157
356 158
286 159
330 160
185 161
517 170
316 162
574 171
240 163
128 164
192 165
680 172
678 173
303 166
472 174
560 175
291 167
319 168
468 176
654 177
78 169
287 170
281 171
607 178
32 172
140 173
621 179
461 180
63 174
65 175
426 181
548 182
512 183
188 176
161 177
70 178
609 184
218 179
540 185
103 180
471 186
129 181
43 182
289 183
74 184
172 185
363 186
626 187
566 188
433 189
107 187
488 190
649 191
449 192
333 188
365 189
44 190
557 193
153 191
571 194
685 195
97 192
516 196
703 197
350 193
252 194
307 195
159 196
1 197
481 198
222 198
52 199
156 200
707 199
47 201
292 202
539 200
273 203
169 204
715 201
687 202
23 205
306 206
736 203
443 204
435 205
522 206
135 207
16 208
487 207
416 208
174 209
556 209
181 210
336 211
432 210
313 212
368 213
674 211
735 212
447 213
710 214
518 215
196 214
205 215
537 216
459 217
463 218
590 219
502 220
327 216
531 221
484 222
496 223
4 217
551 224
406 225
573 226
601 227
216 218
53 219
440 228
508 229
389 230
530 231
227 220
117 221
82 222
372 223
179 224
563 232
100 225
401 233
564 234
422 235
658 236
354 226
624 237
369 227
264 228
632 238
734 239
298 229
314 230
485 240
21 231
376 241
652 242
731 243
259 232
190 233
85 234
22 235
592 244
476 245
275 236
93 237
59 238
27 239
536 246
160 240
50 241
334 242
709 247
420 248
8 243
474 249
274 244
278 245
221 246
299 247
33 248
14 249
444 250
83 250
612 251
438 252
667 253
615 254
337 251
490 255
570 256
749 257
272 252
81 253
503 258
398 259
301 254
486 260
231 255
374 256
675 261
256 257
467 262
45 258
692 263
388 264
34 259
305 260
114 261
605 265
239 262
123 263
357 264
204 265
198 266
119 267
248 268
747 266
569 267
714 268
125 269
18 270
37 271
664 269
213 272
310 273
61 274
397 270
628 271
465 272
500 273
178 275
625 274
182 276
262 277
90 278
10 279
258 280
131 281
706 275
701 276
650 277
344 282
112 283
396 278
750 279
458 280
24 284
203 285
403 281
425 282
25 286
212 287
180 288
682 283
665 284
730 285
623 286
417 287
282 289
657 288
42 290
464 289
338 291
255 292
561 290
355 293
691 291
594 292
51 294
497 293
424 294
139 295
669 295
462 296
283 296
478 297
146 297
207 298
271 299
413 298
379 299
390 300
201 300
362 301
224 302
215 303
320 304
200 305
226 306
637 301
581 302
527 303
377 304
724 305
740 306
293 307
326 308
498 307
726 308
102 309
381 309
55 310
302 311
412 310
197 312
643 311
742 312
519 313
121 313
137 314
35 315
151 316
392 314
202 317
380 315
489 316
596 317
404 318
88 318
176 319
253 320
545 319
717 320
133 321
95 322
339 323
206 324
134 325
118 326
36 327
727 321
456 322
598 323
737 324
400 325
387 326
671 327
31 328
636 328
186 329
17 330
595 329
651 330
115 331
171 332
322 333
241 334
348 335
509 331
349 336
67 337
550 332
402 333
261 338
419 334
482 335
311 339
280 340
504 336
361 341
423 337
452 338
480 339
167 342
622 340
210 343
689 341
366 344
491 342
469 343
220 345
676 344
414 345
683 346
645 347
515 348
693 349
163 346
168 347
470 350
279 348
164 349
101 350
510 351
211 351
244 352
353 353
246 354
294 355
429 352
358 356
579 353
332 357
84 358
373 359
448 354
331 360
633 355
249 361
411 356
142 362
739 357
386 358
558 359
409 360
317 363
267 364
656 361
542 362
393 363
437 364
68 365
514 365
744 366
345 366
219 367
126 368
352 369
154 370
46 371
144 372
722 367
585 368
408 369
729 370
738 371
721 372
38 373
583 373
120 374
593 374
543 375
223 375

