600 52 71880 40 335 133
457 1
549 1
588 1
572 1
349 1
458 1
491 1
599 1
512 1
435 1
454 1
431 1
569 1
407 1
378 1
519 1
427 1
370 1
547 1
503 1
476 1
404 1
545 1
563 1
492 1
536 1
552 1
469 1
478 1
598 1
429 1
565 1
352 1
460 1
590 1
481 1
432 1
508 1
522 1
403 1
341 1
488 1
579 1
506 1
424 1
446 1
593 1
336 1
494 1
502 1
437 1
343 1
541 1
363 1
348 1
332 1
428 1
493 1
444 1
436 1
455 1
356 1
359 1
511 1
456 1
518 1
544 1
581 1
374 1
409 1
560 1
377 1
434 1
360 1
562 1
483 1
423 1
384 1
534 1
453 1
515 1
367 1
514 1
418 1
443 1
532 1
513 1
477 1
387 1
425 1
449 1
580 1
345 1
594 1
555 1
551 1
586 1
340 1
597 1
398 1
369 1
414 1
587 1
529 1
554 1
399 1
334 1
584 1
537 1
417 1
419 1
556 1
335 1
361 1
373 1
523 1
466 1
375 1
383 1
440 1
516 1
473 1
390 1
475 1
495 1
542 1
355 1
538 1
589 1
574 1
558 1
381 1
389 1
527 1
559 1
415 1
485 1
546 1
497 1
471 1
351 1
445 1
338 1
347 1
393 1
498 1
568 1
368 1
474 1
571 1
520 1
561 1
524 1
442 1
553 1
402 1
467 1
388 1
595 1
464 1
482 1
528 1
521 1
535 1
405 1
371 1
567 1
396 1
416 1
500 1
566 1
576 1
578 1
501 1
364 1
421 1
479 1
533 1
406 1
447 1
366 1
539 1
394 1
585 1
344 1
357 1
379 1
408 1
550 1
525 1
439 1
376 1
358 1
452 1
450 1
365 1
392 1
484 1
489 1
548 1
463 1
507 1
573 1
448 1
350 1
422 1
582 1
382 1
472 1
504 1
531 1
575 1
496 1
438 1
362 1
354 1
333 1
499 1
583 1
540 1
461 1
372 1
510 1
391 1
600 1
557 1
337 1
509 1
412 1
385 1
451 1
401 1
339 1
342 1
465 1
592 1
530 1
490 1
505 1
413 1
591 1
577 1
353 1
380 1
487 1
564 1
459 1
411 1
526 1
517 1
596 1
397 1
386 1
346 1
430 1
543 1
480 1
468 1
433 1
570 1
410 1
441 1
331 2
395 1
400 1
462 1
470 1
426 1
420 1
486 1
2 2
11 3
7 3
196 4
291 2
163 5
307 4
222 5
245 2
258 3
321 6
283 4
55 4
137 3
259 4
60 6
103 7
9 8
107 2
244 7
254 8
62 8
33 9
43 9
246 8
142 10
79 7
314 7
70 2
242 10
278 3
111 6
127 8
36 5
216 11
199 5
249 5
1 12
6 6
275 4
192 9
83 12
156 11
26 3
251 5
135 7
106 10
148 10
292 10
30 10
90 12
75 13
16 9
134 14
102 11
145 12
309 14
41 12
229 11
289 13
281 14
175 15
91 12
230 8
115 13
299 6
128 15
177 2
136 15
243 6
290 3
68 16
52 4
293 14
255 16
63 5
209 7
172 14
215 17
225 9
174 6
330 13
303 17
312 18
140 8
328 19
171 11
73 19
155 18
239 16
24 19
120 5
59 11
113 19
18 20
58 20
129 19
182 17
234 15
179 21
88 22
219 17
12 16
112 22
189 20
159 21
308 19
85 2
212 21
116 18
87 20
194 20
152 22
274 16
276 20
211 18
311 23
260 11
27 24
203 21
86 23
178 20
320 18
287 24
93 17
238 24
114 13
133 9
277 21
231 12
232 3
47 23
256 25
247 26
284 27
57 26
298 12
35 15
170 22
285 16
305 25
5 27
139 4
161 27
188 25
94 15
78 4
66 28
130 29
240 24
97 20
295 30
324 13
131 30
268 14
202 22
14 18
160 28
4 9
34 28
217 31
56 21
294 22
108 30
226 29
64 14
126 23
267 29
82 28
80 31
162 31
151 30
153 26
220 17
317 23
265 29
141 30
280 31
269 11
201 10
45 29
122 27
197 22
235 25
74 16
165 21
250 15
105 32
224 32
233 33
329 33
315 33
173 34
77 26
84 32
100 24
237 35
227 28
191 36
164 26
125 27
273 35
150 25
325 21
286 35
8 29
124 35
154 5
228 30
183 36
119 34
25 33
13 37
61 17
109 33
218 38
206 25
81 37
241 34
210 30
20 36
95 32
327 37
65 36
323 33
158 18
272 17
29 38
198 34
181 29
193 39
319 38
144 36
176 26
118 32
221 38
301 39
296 35
71 27
54 8
101 39
297 3
39 23
318 30
253 37
50 40
143 41
300 40
121 40
89 42
184 36
302 5
28 41
205 37
67 15
99 41
282 6
53 16
40 43
38 41
149 44
190 24
213 35
17 44
271 43
270 45
322 25
157 34
147 43
288 42
214 46
207 45
168 47
263 42
96 29
248 39
264 45
15 46
104 42
279 43
185 39
31 19
180 47
98 47
208 41
138 44
132 40
37 44
195 19
44 45
49 42
200 22
3 11
92 38
72 48
42 49
304 26
19 49
262 50
117 7
169 28
110 28
166 9
326 43
316 42
69 49
32 47
187 51
46 39
257 48
313 2
22 48
146 46
306 50
10 51
48 50
204 7
186 51
21 49
23 51
310 46
223 52
51 31
236 52
252 47
123 40
167 13
76 32
266 10
261 46

