600 114 107820 60 477 301
411 1
197 1
241 2
456 3
510 4
192 4
447 2
336 5
450 3
565 1
430 1
462 3
395 5
239 2
432 2
407 5
301 6
362 2
418 3
259 4
185 6
323 1
246 7
195 8
453 7
292 5
464 7
582 4
264 6
262 8
452 3
317 8
252 9
375 9
594 4
554 5
207 3
400 8
515 10
383 11
591 10
547 12
356 10
168 9
480 7
549 10
173 3
562 9
531 13
542 11
564 6
508 8
566 8
196 13
541 11
514 2
281 6
385 6
176 13
575 14
214 8
359 11
445 15
471 2
455 10
240 14
488 7
475 9
222 12
282 16
521 15
237 17
220 12
572 1
449 16
243 17
469 18
299 15
396 10
397 5
529 16
251 17
256 12
215 15
596 11
333 17
590 13
278 18
574 13
279 18
589 14
266 9
345 8
367 5
556 14
502 16
151 15
516 15
501 18
558 19
366 3
206 20
140 10
408 10
227 9
473 9
373 19
260 17
444 21
324 22
526 19
421 13
527 20
296 18
182 22
479 7
440 23
257 23
570 12
194 20
436 19
528 7
287 20
143 13
389 21
274 17
141 9
427 21
181 22
551 24
303 25
225 21
341 26
155 11
600 24
573 24
344 16
355 22
409 19
291 25
598 25
386 26
561 14
164 23
212 16
160 27
585 20
378 26
519 6
283 21
156 1
319 27
304 28
372 25
379 11
420 20
388 24
329 1
286 25
230 26
218 29
546 23
349 12
169 29
557 28
425 30
467 4
500 18
415 23
490 24
316 30
454 29
313 6
308 28
428 16
576 25
228 27
320 29
493 27
512 28
482 31
426 30
442 32
294 1
459 31
391 27
312 3
288 33
522 18
217 14
331 32
285 22
460 31
597 33
334 33
466 8
503 33
485 34
305 7
484 15
472 34
380 23
481 31
458 32
242 19
457 35
579 34
403 4
392 30
577 30
438 36
568 32
424 35
486 22
586 32
376 29
504 35
595 35
306 32
506 20
147 8
448 37
238 37
199 34
198 35
302 4
384 36
532 34
322 36
255 36
578 35
476 23
550 31
377 38
307 39
417 17
364 26
498 34
354 38
189 12
335 28
332 40
499 39
165 38
357 28
563 37
405 41
477 5
365 30
233 40
346 36
280 37
347 23
492 21
265 41
170 39
540 26
494 40
325 42
381 38
249 36
422 37
224 41
315 33
402 38
567 40
404 43
314 40
276 42
267 42
423 44
555 36
461 43
414 45
321 39
390 25
571 46
263 37
587 13
544 28
148 6
277 43
271 46
284 44
539 27
154 17
340 33
161 44
338 14
229 45
275 41
221 31
231 47
463 31
254 29
569 46
387 47
144 24
203 44
489 48
593 49
318 48
401 39
419 40
166 45
187 41
496 14
211 29
174 49
234 46
553 24
583 47
146 45
465 48
429 42
398 44
592 50
244 49
300 46
158 25
581 45
162 49
413 29
406 43
142 19
163 50
441 5
236 42
497 50
394 13
250 51
205 52
201 52
552 51
290 51
350 53
580 52
248 52
298 54
599 51
149 42
157 47
272 34
410 53
371 48
353 55
268 14
216 56
208 57
219 48
509 53
150 52
382 56
495 51
311 54
530 57
223 14
337 43
179 55
330 58
468 59
232 21
204 54
343 43
412 57
348 55
535 57
351 59
435 45
152 33
190 57
399 53
369 51
293 41
358 58
524 46
342 56
183 22
184 58
153 30
360 53
188 60
520 12
537 61
548 54
210 60
560 58
433 50
175 62
588 61
328 5
270 43
309 28
474 16
167 59
478 39
446 60
559 58
517 61
178 59
247 60
145 62
226 63
200 20
368 55
443 62
505 56
437 56
177 55
507 64
416 40
253 65
534 38
483 57
269 37
172 32
191 11
363 62
370 63
273 64
513 15
326 66
361 59
487 61
186 65
202 67
193 27
352 51
451 60
295 65
434 67
431 68
261 66
470 50
310 65
393 62
518 55
584 58
245 41
491 64
439 39
339 69
533 47
536 70
543 56
180 68
538 68
171 48
525 28
511 68
213 70
297 71
258 52
374 26
289 63
209 66
523 72
235 50
139 64
545 69
159 71
327 72
131 73
116 69
114 71
45 74
89 73
44 75
33 74
100 63
52 71
78 73
115 74
80 76
128 76
56 72
48 77
84 74
10 76
24 76
74 70
18 78
29 79
72 72
7 75
47 80
34 78
27 77
43 72
39 81
120 82
108 61
92 77
98 79
97 70
26 80
83 75
61 82
8 81
25 78
132 83
119 84
70 85
54 66
2 77
68 86
124 84
86 85
76 79
67 83
125 80
110 84
126 78
90 87
85 79
63 87
136 87
4 87
66 81
134 88
46 89
11 69
102 83
106 75
42 76
95 89
103 86
3 80
75 88
21 82
5 90
109 91
69 91
58 73
88 82
60 85
9 90
30 54
20 66
79 88
112 92
104 67
93 93
51 90
19 94
130 95
77 86
73 96
13 78
107 95
138 89
123 96
17 92
99 97
38 98
127 99
111 93
6 97
91 91
135 89
55 100
36 94
122 93
35 101
105 98
94 100
71 99
40 83
62 77
15 102
121 92
16 103
49 94
117 101
57 102
1 95
41 98
82 104
101 103
113 100
12 105
129 105
50 104
23 106
96 107
59 108
37 104
31 85
118 107
22 102
65 109
32 106
137 110
14 92
133 111
81 112
87 99
28 108
64 113
53 114

