600 221 161730 90 576 512
554 1
221 2
227 3
217 4
575 5
346 5
338 2
490 6
202 1
179 7
420 8
457 2
204 4
210 3
369 6
538 9
456 8
298 1
253 10
481 7
460 8
196 4
183 11
595 9
250 6
503 2
293 6
376 3
340 12
473 10
256 11
497 13
164 14
586 12
381 9
236 13
487 15
543 7
296 15
257 14
304 11
260 16
440 17
596 18
459 16
334 19
375 15
560 19
514 20
585 21
509 22
480 23
258 17
335 14
360 24
579 23
184 20
572 21
397 24
423 25
357 19
566 25
306 24
470 16
561 15
519 18
359 22
147 26
458 23
573 27
448 28
352 5
383 21
323 8
536 29
563 30
189 31
207 27
364 22
455 32
211 33
170 34
475 13
578 30
295 28
522 18
582 26
347 33
328 29
507 32
435 31
224 35
274 26
228 36
226 28
362 35
580 20
523 37
252 38
348 29
141 34
374 39
341 40
549 33
371 41
172 37
429 39
244 12
399 42
388 43
401 34
321 43
354 36
529 27
154 38
315 37
212 40
198 10
556 44
343 35
314 45
309 3
533 44
350 46
280 4
285 47
342 48
363 49
426 32
208 41
218 49
544 46
564 39
479 25
449 49
577 45
590 50
555 6
537 51
592 52
506 53
152 28
200 54
499 48
358 55
484 52
186 51
504 56
547 42
546 57
324 17
517 51
599 47
245 45
482 56
468 58
416 41
562 59
492 55
465 50
339 60
574 61
431 58
242 59
453 7
434 61
344 30
576 62
398 63
439 62
361 53
406 64
411 65
384 63
394 54
214 5
331 66
353 44
451 67
302 68
569 57
188 69
471 62
262 53
206 63
525 61
222 42
541 64
303 70
402 66
305 71
442 46
424 72
366 65
333 52
232 73
511 74
476 40
150 60
235 50
500 54
443 75
203 69
535 72
502 58
174 74
510 71
467 76
168 67
220 21
444 1
418 70
233 77
291 75
520 78
286 76
162 79
246 60
368 80
145 73
395 78
277 73
301 68
469 81
201 36
327 82
382 31
249 79
194 83
241 65
438 84
600 85
143 86
387 59
165 10
414 80
380 87
159 77
378 70
373 83
276 84
311 88
594 81
240 85
223 26
167 66
422 68
187 89
365 82
349 90
356 86
477 91
485 37
505 65
308 92
584 88
225 87
148 90
312 93
461 83
248 91
330 47
284 89
166 81
528 94
307 95
297 67
325 94
197 96
269 43
151 95
299 93
355 96
192 78
158 97
290 48
393 97
441 98
320 92
310 95
446 89
182 69
428 56
294 75
598 99
483 100
430 101
155 101
405 102
521 84
370 98
403 99
377 103
392 104
513 105
530 106
337 104
534 102
156 100
432 107
408 106
319 108
391 105
175 107
243 109
407 108
239 103
462 93
436 38
268 110
557 71
144 111
216 55
367 101
176 112
491 113
545 114
273 110
326 109
255 115
454 97
390 116
251 82
593 24
149 114
404 44
589 112
238 77
542 117
281 115
396 118
171 119
558 86
254 98
494 120
351 120
178 119
419 13
567 121
177 104
215 80
181 122
400 121
581 123
591 43
300 122
385 53
372 100
588 74
287 111
292 94
410 124
157 113
193 125
409 64
565 115
539 126
199 127
489 105
466 123
532 118
463 126
322 128
270 96
173 117
501 109
472 129
190 58
336 74
234 124
332 127
195 130
531 131
140 92
316 132
329 121
263 133
417 99
278 119
389 91
180 52
163 128
450 134
583 114
288 125
478 132
185 135
568 70
412 128
161 131
386 85
209 134
421 136
272 137
571 129
427 138
552 136
413 135
597 34
237 30
264 90
160 139
493 116
553 140
379 141
415 116
526 142
512 143
518 140
540 138
570 108
587 137
559 55
213 124
289 144
474 141
259 107
318 145
279 146
496 147
345 139
271 143
265 123
498 111
266 148
282 142
551 149
433 150
191 148
447 151
283 152
229 144
508 153
488 133
261 137
153 130
548 154
425 146
524 155
445 72
169 133
267 156
464 14
146 157
486 103
247 88
437 155
317 127
313 149
52 158
205 159
516 160
142 65
515 125
44 39
275 161
495 57
60 147
219 126
452 118
230 161
105 10
99 162
527 156
550 152
139 112
68 152
131 153
138 163
29 162
10 150
103 163
121 164
63 165
79 166
80 158
70 167
84 168
24 150
98 169
124 170
22 171
51 145
48 120
122 122
40 106
86 170
6 172
66 151
16 173
20 174
75 175
30 176
69 160
129 168
133 174
35 177
119 166
132 159
92 134
14 175
109 171
77 169
231 177
21 164
28 178
130 179
59 113
18 180
32 157
19 167
125 145
4 154
62 181
97 173
38 130
58 132
88 178
134 182
72 183
37 184
76 172
96 185
9 182
135 175
27 186
2 180
53 185
136 187
64 188
101 189
15 190
111 176
89 185
5 184
12 179
46 87
67 172
43 187
110 191
90 192
83 166
34 193
91 181
112 194
116 195
127 196
123 197
118 189
107 163
100 198
117 186
41 189
7 165
74 199
17 192
71 196
61 196
47 200
73 140
137 201
31 183
45 193
3 202
42 203
8 204
50 205
1 203
55 204
78 198
85 206
81 207
106 191
25 136
56 206
120 188
33 202
57 195
104 208
128 208
115 209
39 210
36 211
65 197
87 205
82 212
108 213
94 214
11 194
54 215
26 216
114 217
23 218
102 210
93 219
49 199
113 220
126 221
13 211
95 217

