600 55 71880 40 334 140
393 1
552 1
395 1
388 1
543 1
376 1
486 1
536 1
349 1
547 1
490 1
347 1
594 1
478 1
542 1
380 1
398 1
503 1
477 1
556 1
345 1
417 1
336 1
451 1
538 1
401 1
441 1
387 1
350 1
586 1
482 1
514 1
526 1
371 1
351 1
574 1
357 1
593 1
334 1
460 1
373 1
596 1
464 1
474 1
374 1
541 1
465 1
592 1
333 1
597 1
560 1
422 1
494 1
513 1
577 1
411 1
497 1
348 1
579 1
365 1
463 1
382 1
446 1
359 1
457 1
522 1
424 1
599 1
498 1
400 1
454 1
531 1
472 1
341 1
455 1
584 1
368 1
565 1
598 1
528 1
600 1
330 1
405 1
418 1
519 1
410 1
413 1
436 1
501 1
521 1
340 1
470 1
369 1
447 1
438 1
506 1
362 1
409 1
525 1
582 1
444 1
591 1
459 1
354 1
343 1
573 1
481 1
554 1
475 1
499 1
445 1
414 1
361 1
595 1
338 1
507 1
364 1
576 1
523 1
548 1
530 1
355 1
508 1
544 1
452 1
372 1
407 1
383 1
390 1
406 1
430 1
578 1
469 1
342 1
352 1
484 1
492 1
428 1
568 1
346 1
375 1
529 1
439 1
403 1
366 1
391 1
389 1
329 1
489 1
420 1
396 1
510 1
339 1
426 1
377 1
471 1
496 1
575 1
589 1
466 1
412 1
535 1
534 1
476 1
384 1
493 1
509 1
504 1
332 1
379 1
448 1
564 1
546 1
517 1
442 1
425 1
587 1
580 1
527 1
585 1
367 1
404 1
378 1
520 1
432 1
431 1
495 1
415 1
434 1
453 1
419 1
437 1
487 1
581 1
402 1
353 1
537 1
551 1
558 1
505 1
467 1
540 1
363 1
337 1
435 1
491 1
461 1
335 1
473 1
570 1
559 1
569 1
524 1
549 1
356 1
515 1
588 1
443 1
590 1
421 1
358 1
571 1
392 1
566 1
423 1
555 1
512 1
561 1
399 1
572 1
427 1
458 1
344 1
518 1
539 1
485 1
479 1
381 1
567 1
449 1
516 1
557 1
416 1
533 1
511 1
583 1
386 1
433 1
408 1
563 1
488 1
480 1
553 1
483 1
450 1
500 1
360 1
462 1
394 1
429 1
468 1
545 1
532 1
440 1
550 1
331 1
397 1
562 1
370 1
502 1
456 1
385 1
100 2
190 2
281 3
200 4
231 4
104 2
250 2
80 2
53 4
242 4
131 5
199 3
82 6
244 5
178 3
168 3
49 6
162 7
217 3
25 8
84 2
145 8
13 5
23 6
310 7
124 9
90 10
15 4
313 7
237 6
328 5
186 9
61 9
115 10
189 7
232 8
317 6
193 5
140 6
91 2
283 8
289 10
10 11
239 12
290 4
134 13
275 12
228 13
118 8
251 7
29 14
177 10
105 7
194 11
227 3
92 14
297 13
119 11
137 11
9 12
142 15
47 12
201 10
276 15
132 11
240 16
263 9
16 14
32 15
8 12
52 16
303 17
27 15
161 3
144 7
308 17
167 18
150 19
116 9
257 15
28 12
98 7
163 17
50 13
5 18
277 18
133 9
213 20
30 13
225 20
17 15
38 14
81 19
114 17
241 13
300 18
44 21
265 21
180 16
95 16
253 22
248 11
291 19
187 16
31 19
214 21
312 13
3 22
249 3
230 5
235 23
74 11
209 10
175 24
211 3
301 7
64 8
65 22
63 20
203 13
120 9
67 17
266 25
99 22
77 21
83 25
106 5
18 6
146 19
309 26
149 20
33 23
68 25
24 20
45 14
323 26
59 27
156 12
34 28
264 8
321 24
271 23
246 25
70 14
71 24
164 16
272 22
7 27
226 26
236 5
286 21
123 28
152 27
299 18
139 16
270 27
207 28
54 23
326 6
76 25
4 23
14 29
252 14
307 29
101 15
285 18
127 24
165 27
185 29
43 8
160 19
12 22
243 29
245 24
221 30
319 30
136 31
155 2
292 31
2 32
147 31
279 30
48 32
35 29
60 28
274 32
51 33
166 31
111 34
86 34
188 33
325 28
11 34
179 35
260 36
97 33
37 35
238 23
66 10
288 31
296 15
304 36
109 17
196 17
103 16
138 29
229 31
298 15
195 37
261 35
102 32
41 38
268 30
198 39
183 25
72 36
191 26
273 21
78 4
302 40
320 38
141 6
108 20
182 36
20 39
110 28
318 32
278 18
267 33
282 33
117 37
212 41
58 14
26 40
88 26
87 37
57 32
208 19
174 33
39 37
130 42
112 6
21 38
42 42
259 42
204 38
294 23
128 39
46 43
218 34
172 40
56 41
311 34
247 43
158 20
256 26
306 41
6 22
224 39
36 41
143 30
89 35
262 44
255 42
219 34
148 40
159 43
202 45
223 27
327 44
197 46
322 23
170 44
73 45
151 40
125 46
254 39
181 44
287 42
126 47
205 26
113 48
122 48
316 48
314 38
216 49
176 45
94 34
121 39
206 47
96 43
293 8
75 40
305 49
234 47
222 27
220 37
85 50
153 51
169 38
284 20
173 51
69 39
62 36
192 43
258 52
79 4
184 36
324 36
107 41
19 46
135 50
93 52
315 53
215 49
40 46
154 25
157 53
210 54
129 55
22 53
1 51
55 44
171 42
280 55
295 35
269 49
233 45

