1000 250 124500 0 249 249
845 1
76 1
265 1
959 2
63 2
874 3
764 4
714 1
505 2
429 2
281 3
483 4
260 5
43 3
624 3
632 4
149 4
502 5
437 6
464 7
779 5
616 6
423 8
988 6
879 7
91 5
707 7
330 9
428 10
790 8
818 9
458 11
394 12
154 6
727 8
84 7
306 13
640 9
56 8
403 14
308 15
674 10
801 10
153 9
359 16
451 17
6 10
921 11
230 11
996 12
686 11
75 12
99 13
717 12
492 18
657 13
102 14
250 15
667 14
22 16
307 19
780 13
639 15
965 14
251 20
466 21
333 22
141 17
602 16
846 15
55 18
700 17
232 19
67 20
482 23
391 24
241 21
648 18
795 16
249 22
142 23
269 25
112 24
607 19
904 17
941 18
713 20
393 26
24 25
344 27
923 19
162 26
335 28
524 21
857 20
35 27
610 22
625 23
62 28
401 29
567 24
936 21
164 29
327 30
34 30
329 31
655 25
824 22
804 23
851 24
339 32
95 31
208 32
305 33
990 25
985 26
981 27
133 33
353 34
880 28
896 29
635 26
324 35
101 34
834 30
255 36
815 31
158 35
615 27
592 28
398 37
543 29
987 32
597 30
758 33
80 36
509 31
630 32
693 33
765 34
47 37
517 34
770 35
528 35
42 38
550 36
757 36
516 37
351 38
89 39
410 39
450 40
893 37
578 38
71 40
719 39
200 41
562 40
130 42
638 41
515 42
831 38
503 43
61 43
613 44
300 41
194 44
368 42
830 39
772 40
718 45
672 46
774 41
110 45
284 43
805 42
147 46
278 44
16 47
676 47
977 43
104 48
508 48
568 49
540 50
810 44
950 45
797 46
189 49
762 47
970 48
961 49
912 50
976 51
890 52
118 50
395 45
888 53
929 54
468 46
295 47
609 51
768 55
292 48
535 52
494 49
518 53
117 51
781 56
347 50
87 52
155 53
566 54
21 54
911 57
301 51
469 52
914 58
332 53
983 59
440 54
414 55
459 56
775 60
148 55
878 61
271 57
480 58
825 62
855 63
126 56
173 57
88 58
441 59
554 55
341 60
399 61
131 59
33 60
949 64
956 65
116 61
120 62
917 66
435 62
980 67
443 63
238 63
935 68
259 64
365 65
627 56
589 57
58 64
808 69
926 70
984 71
268 66
243 65
362 67
409 68
847 72
350 69
46 66
276 70
972 73
207 67
884 74
863 75
143 68
236 69
457 71
748 58
585 59
119 70
60 71
177 72
736 60
759 76
357 72
140 73
575 61
573 62
522 63
865 77
872 78
431 73
379 74
411 75
877 79
476 76
70 74
20 75
947 80
82 76
571 64
66 77
915 81
392 77
604 65
898 82
473 78
309 79
364 80
853 83
231 78
348 81
9 79
642 66
785 84
594 67
146 80
2 81
512 68
245 82
304 82
887 85
706 69
558 70
541 71
100 83
823 86
286 83
731 72
45 84
397 84
814 87
902 88
128 85
665 73
682 74
453 85
121 86
837 89
477 86
590 75
744 76
629 77
931 90
829 91
555 78
709 79
163 87
796 92
183 88
105 89
150 90
213 91
181 92
1000 93
531 80
995 94
570 81
167 93
187 94
64 95
643 82
219 96
226 97
363 87
53 98
402 88
49 99
716 83
266 89
495 90
479 91
145 100
708 84
38 101
235 102
852 95
899 96
551 85
817 97
634 86
603 87
107 103
606 88
720 89
352 92
125 104
258 93
962 98
378 94
417 95
536 90
193 105
601 91
907 99
645 92
841 100
905 101
938 102
113 106
646 93
377 96
514 94
661 95
692 96
242 107
216 108
170 109
828 103
490 97
225 110
366 98
198 111
30 112
1 113
542 97
559 98
412 99
683 99
930 104
8 114
472 100
134 115
619 100
201 116
739 101
160 117
724 102
471 101
448 102
943 105
373 103
293 104
903 106
244 118
129 119
444 105
622 103
533 104
436 106
83 120
205 121
370 107
704 105
446 108
525 106
159 122
496 109
48 123
553 107
871 107
593 108
883 108
816 109
223 124
282 110
685 109
659 110
461 111
649 111
18 125
991 110
239 126
595 112
658 113
726 114
932 111
487 112
773 112
776 113
493 113
833 114
547 115
275 114
859 115
626 116
680 117
969 116
240 127
598 118
763 117
532 119
783 118
953 119
184 128
315 115
367 116
621 120
504 121
19 129
375 117
858 120
600 122
681 123
37 130
918 121
40 131
968 122
687 124
383 118
596 125
447 119
185 132
343 120
958 123
438 121
77 133
576 126
586 127
993 124
7 134
867 125
745 128
967 126
297 122
182 135
654 129
722 130
454 123
85 136
500 124
799 127
264 125
369 126
27 137
705 131
725 132
802 128
789 129
342 127
388 128
93 138
41 139
135 140
882 130
416 129
695 133
434 130
79 141
390 131
998 131
556 134
325 132
78 142
563 135
465 133
617 136
396 134
467 135
188 143
72 144
539 137
807 132
214 145
51 146
176 147
338 136
312 137
952 133
57 148
138 149
651 138
405 138
636 139
23 150
565 140
340 139
455 140
420 141
924 134
591 141
694 142
425 142
974 135
873 136
761 137
334 143
730 143
886 138
611 144
821 139
165 151
81 152
254 144
261 145
346 146
288 147
940 140
982 141
777 142
11 153
4 154
39 155
735 145
760 143
791 144
637 146
582 147
679 148
633 149
374 148
115 156
703 150
954 145
360 149
384 150
449 151
699 151
614 152
331 152
787 146
838 147
778 148
220 157
734 153
552 154
835 149
206 158
909 150
371 153
413 154
222 159
951 151
623 155
866 152
957 153
945 154
229 160
386 155
432 156
161 161
385 157
14 162
997 155
180 163
663 156
557 157
975 156
641 158
491 158
869 157
675 159
786 158
273 159
572 160
677 161
319 160
668 162
933 159
971 160
690 163
31 164
253 161
426 162
445 163
913 161
756 162
356 164
298 165
587 164
749 165
406 166
895 163
910 164
109 165
599 166
784 165
939 166
751 167
191 166
408 167
400 168
424 169
946 168
289 170
227 167
190 168
860 169
653 167
111 169
656 168
96 170
569 169
710 170
166 171
697 171
106 172
901 170
955 171
696 172
534 173
738 174
934 172
812 173
861 174
98 173
538 175
452 171
979 175
631 176
224 174
139 175
519 177
711 178
317 172
211 176
262 173
506 179
729 180
144 177
59 178
794 176
291 174
916 177
842 178
986 179
372 175
328 176
10 179
992 180
746 181
530 182
280 177
136 180
561 183
920 181
175 181
989 182
36 182
978 183
881 184
811 185
318 178
442 179
196 183
28 184
174 185
172 186
481 180
68 187
832 186
302 181
803 187
322 182
212 188
701 184
234 189
349 183
54 190
529 185
25 191
73 192
13 193
548 186
484 184
382 185
942 188
320 186
612 187
647 188
691 189
670 190
489 187
527 191
5 194
819 189
263 188
737 192
836 190
507 193
247 195
964 191
439 189
186 196
123 197
854 192
862 193
228 198
513 194
179 199
345 190
769 194
870 195
114 200
501 195
925 196
303 191
156 201
274 192
537 196
29 202
151 203
666 197
844 197
171 204
732 198
766 198
849 199
277 193
919 200
868 201
922 202
793 203
523 199
664 200
840 204
891 205
579 201
644 202
511 203
809 206
740 204
608 205
498 194
15 205
889 207
549 206
287 195
290 196
673 207
470 197
906 208
169 206
782 209
285 198
485 199
486 200
788 210
662 208
826 211
689 209
421 201
800 212
937 213
69 207
311 202
195 208
221 209
422 203
316 204
499 205
712 210
168 210
310 206
702 211
257 207
497 208
97 211
741 212
433 209
948 214
430 210
743 213
103 212
217 213
463 211
733 214
728 215
209 214
108 215
892 215
754 216
361 212
767 217
376 213
314 214
894 218
65 216
671 216
510 217
660 218
389 215
580 219
152 217
462 216
618 220
267 217
544 221
427 218
474 219
715 222
248 218
475 220
843 219
876 220
678 223
203 219
44 220
122 221
747 224
848 221
839 222
296 221
270 222
337 223
755 223
90 222
26 223
218 224
380 224
202 225
86 226
742 225
752 224
822 225
944 226
900 227
407 225
723 226
178 227
354 226
233 228
545 227
124 229
721 228
806 228
456 227
358 228
583 229
326 229
520 230
52 230
199 231
387 230
771 229
973 230
92 232
628 231
577 232
864 231
526 233
698 234
132 233
17 234
137 235
355 231
588 235
256 232
521 236
960 232
419 233
581 237
875 233
32 236
127 237
215 238
460 234
74 239
197 240
381 235
885 234
210 241
669 238
753 235
272 236
684 239
574 240
850 236
927 237
204 242
237 243
321 237
246 244
792 238
908 239
750 241
827 240
94 245
415 238
897 241
252 239
584 242
12 246
564 243
478 240
546 244
994 242
928 243
963 244
605 245
336 241
652 246
279 242
856 245
404 243
620 247
688 248
294 244
488 245
283 246
3 247
798 246
323 247
999 247
966 248
560 249
820 249
813 250
650 250
418 248
50 248
313 249
299 250
157 249
192 250

