1000 375 171375 0 374 374
886 1
808 2
1000 3
912 4
906 5
790 6
952 7
895 8
844 9
771 10
983 11
881 12
804 13
855 14
942 15
975 16
822 17
922 18
894 19
769 20
768 21
825 22
779 23
980 24
897 25
948 26
789 27
933 28
770 29
979 30
783 31
821 32
882 33
824 34
802 35
955 36
928 37
827 38
833 39
801 40
815 41
772 42
949 43
902 44
809 45
964 46
843 47
784 48
998 49
832 50
850 51
867 52
939 53
982 54
805 55
903 56
965 57
888 58
974 59
969 60
781 61
836 62
954 63
960 64
758 65
796 66
953 67
956 68
911 69
794 70
900 71
810 72
871 73
785 74
837 75
812 76
926 77
946 78
853 79
878 80
880 81
921 82
988 83
889 84
986 85
792 86
884 87
927 88
787 89
803 90
773 91
892 92
944 93
945 94
923 95
987 96
845 97
930 98
835 99
970 100
811 101
863 102
831 103
917 104
976 105
876 106
851 107
752 108
870 109
782 110
891 111
934 112
839 113
858 114
829 115
780 116
924 117
857 118
775 119
890 120
754 121
777 122
874 123
908 124
905 125
797 126
818 127
962 128
834 129
938 130
764 131
852 132
904 133
849 134
919 135
972 136
893 137
981 138
993 139
899 140
774 141
968 142
994 143
862 144
755 145
856 146
989 147
935 148
846 149
996 150
896 151
958 152
936 153
984 154
864 155
814 156
847 157
759 158
826 159
751 160
793 161
931 162
947 163
842 164
978 165
840 166
828 167
765 168
798 169
753 170
859 171
898 172
977 173
860 174
887 175
999 176
816 177
925 178
869 179
907 180
819 181
995 182
909 183
778 184
990 185
795 186
762 187
875 188
757 189
866 190
915 191
756 192
791 193
914 194
918 195
879 196
985 197
786 198
776 199
799 200
885 201
966 202
865 203
910 204
992 205
959 206
763 207
929 208
961 209
873 210
861 211
967 212
841 213
941 214
838 215
997 216
823 217
883 218
761 219
800 220
951 221
932 222
788 223
766 224
830 225
957 226
817 227
913 228
971 229
813 230
877 231
848 232
820 233
872 234
868 235
760 236
943 237
937 238
920 239
973 240
767 241
807 242
950 243
916 244
991 245
940 246
963 247
806 248
854 249
901 250
672 1
438 2
328 1
447 3
237 2
206 3
402 4
184 4
12 5
188 6
699 5
119 7
741 6
215 8
499 7
524 8
364 9
577 9
314 10
578 10
459 11
174 11
65 12
746 12
400 13
100 13
610 14
244 14
689 15
194 15
636 16
299 16
248 17
121 18
613 17
52 19
537 18
743 19
322 20
109 21
216 22
159 23
69 24
475 20
125 25
334 26
305 27
275 28
556 21
259 29
370 30
256 31
137 32
739 22
55 33
606 23
529 24
130 34
235 35
619 25
698 26
668 27
663 28
187 36
5 37
222 38
172 39
439 29
381 30
538 31
545 32
688 33
265 40
291 41
177 42
262 43
106 44
586 34
433 35
554 36
643 37
506 38
617 39
394 40
224 45
729 41
543 42
307 46
732 43
604 44
214 47
205 48
620 45
504 46
231 49
436 47
152 50
107 51
48 52
714 48
644 49
280 53
548 50
508 51
377 52
243 54
611 53
530 54
346 55
317 56
687 55
591 56
495 57
505 58
298 57
733 59
143 58
267 59
593 60
492 61
457 62
671 63
53 60
451 64
539 65
116 61
465 66
157 62
132 63
325 64
563 67
20 65
616 68
374 66
251 67
722 69
19 68
47 69
84 70
277 71
702 70
73 72
228 73
487 71
685 72
573 73
730 74
597 75
397 76
249 74
521 77
703 78
221 75
420 79
406 80
318 76
463 81
282 77
98 78
705 82
405 83
385 84
546 85
411 86
189 79
179 80
163 81
167 82
650 87
80 83
428 88
549 89
117 84
64 85
287 86
443 90
570 91
603 92
522 93
474 94
126 87
467 95
185 88
208 89
118 90
511 96
602 97
700 98
3 91
166 92
585 99
437 100
135 93
661 101
594 102
57 94
341 95
659 103
365 96
720 104
95 97
484 105
584 106
111 98
88 99
191 100
654 107
347 101
286 102
725 108
623 109
294 103
333 104
398 110
61 105
552 111
583 112
236 106
562 113
502 114
210 107
396 115
158 108
83 109
468 116
192 110
258 111
509 117
134 112
735 118
308 113
14 114
50 115
658 119
303 116
144 117
555 120
154 118
665 121
358 119
527 122
452 123
233 120
331 121
58 122
105 123
500 124
737 125
28 124
329 125
350 126
560 126
273 127
747 127
485 128
414 129
628 130
85 128
430 131
454 132
476 133
574 134
708 135
664 136
211 129
368 130
344 131
750 137
523 138
89 132
197 133
26 134
42 135
360 136
445 139
313 137
29 138
9 139
631 140
141 140
744 141
441 142
94 141
715 143
351 142
721 144
120 143
630 145
176 144
410 146
393 147
285 145
427 148
579 149
589 150
582 151
242 146
512 152
558 153
489 154
401 155
342 147
261 148
557 156
366 149
675 157
193 150
96 151
470 158
67 152
462 159
254 153
423 160
605 161
724 162
15 154
667 163
706 164
343 155
378 165
709 166
169 156
528 167
731 168
469 169
77 157
178 158
450 170
124 159
581 171
32 160
707 172
383 173
696 174
680 175
240 161
289 162
129 163
2 164
518 176
112 165
449 177
551 178
269 166
122 167
338 168
416 179
580 180
355 169
357 170
446 181
45 171
199 172
24 173
44 174
376 182
503 183
633 184
283 175
421 185
7 176
6 177
379 186
388 187
657 188
624 189
97 178
435 190
23 179
198 180
186 181
498 191
513 192
219 182
380 193
225 183
162 184
207 185
296 186
532 194
46 187
161 188
86 189
601 195
25 190
250 191
456 196
455 197
349 192
245 193
693 198
466 199
173 194
426 200
315 195
213 196
389 201
295 197
164 198
482 202
431 203
81 199
742 204
542 205
54 200
404 206
227 201
419 207
481 208
386 209
182 202
150 203
718 210
276 204
27 205
145 206
544 211
425 212
353 207
510 213
679 214
691 215
93 208
146 209
607 216
39 210
99 211
18 212
138 213
434 217
230 214
36 215
260 216
11 217
676 218
550 219
175 218
478 220
674 221
646 222
655 223
717 224
588 225
281 219
311 220
359 221
234 222
726 226
226 223
541 227
690 228
488 229
123 224
324 225
533 230
738 231
92 226
444 232
293 227
683 233
41 228
629 234
148 229
327 230
424 235
195 231
31 232
413 236
223 233
17 234
202 235
634 237
8 236
375 237
309 238
391 238
263 239
110 240
519 239
494 240
312 241
645 241
626 242
599 243
666 244
592 245
156 242
547 246
30 243
403 247
701 248
306 244
713 249
716 250
274 245
43 246
310 247
576 251
621 252
38 248
136 249
37 250
614 253
204 251
63 252
218 253
460 254
155 254
128 255
608 255
480 256
651 257
316 256
288 257
33 258
719 258
745 259
13 259
568 260
412 261
301 260
723 262
200 261
669 263
284 262
749 264
409 265
384 266
407 267
4 263
74 264
170 265
553 268
517 269
34 266
525 270
535 271
692 272
609 273
133 267
565 274
536 275
567 276
515 277
108 268
60 269
361 270
622 278
392 279
183 271
238 272
595 280
49 273
596 281
382 282
352 274
323 275
140 276
711 283
181 277
652 284
710 285
356 278
337 279
656 286
180 280
190 281
362 282
247 283
471 287
520 288
171 284
590 289
300 285
572 290
348 286
432 291
304 287
339 288
417 292
229 289
239 290
422 293
571 294
302 291
640 295
641 296
612 297
217 292
486 298
387 299
268 293
253 294
694 300
252 295
1 296
647 301
87 297
72 298
587 302
278 299
682 303
497 304
526 305
201 300
561 306
363 301
566 307
104 302
429 308
272 303
697 309
271 304
232 305
395 310
660 311
78 306
373 307
598 312
399 313
335 308
367 309
257 310
442 314
21 311
637 315
734 316
266 312
340 313
639 317
151 314
600 318
35 315
91 316
507 319
369 317
493 320
662 321
127 318
336 319
673 322
220 320
490 323
354 321
115 322
534 324
56 323
79 324
264 325
345 326
670 325
625 326
390 327
326 327
479 328
496 329
681 330
618 331
51 328
16 329
68 330
76 331
168 332
514 332
736 333
638 334
501 335
448 336
473 337
461 338
704 339
453 340
632 341
678 342
464 343
40 333
540 344
516 345
255 334
531 346
131 335
59 336
330 337
149 338
147 339
748 347
71 340
728 348
62 341
212 342
270 343
66 344
491 349
297 345
415 350
165 346
483 351
649 352
564 353
408 354
695 355
712 356
477 357
575 358
321 347
101 348
113 349
102 350
241 351
320 352
114 353
472 359
153 354
70 355
139 356
292 357
569 360
740 361
290 358
75 359
627 362
10 360
559 363
160 361
372 362
648 364
22 363
440 365
371 364
615 366
196 365
677 367
653 368
332 366
319 367
642 369
684 370
90 368
635 371
727 372
686 373
458 374
142 369
279 370
82 371
203 372
246 373
418 375
103 374
209 375

