600 190 161730 90 576 512
95 1
13 2
126 3
113 1
49 4
93 5
102 6
54 4
23 6
114 7
26 8
65 9
39 10
11 11
36 2
87 12
108 13
94 14
82 15
115 11
128 3
120 16
33 17
57 17
56 9
104 18
81 19
106 13
78 20
85 21
25 15
42 22
8 21
3 7
45 19
55 23
1 22
50 12
74 24
73 25
137 26
17 23
47 27
7 28
31 8
61 29
71 29
107 5
123 30
117 28
41 27
112 31
118 32
100 20
127 29
116 33
110 18
90 34
91 35
34 36
83 26
5 37
89 34
46 23
12 38
111 39
43 40
67 41
15 16
2 33
53 37
136 40
64 42
101 32
38 31
134 43
72 41
135 33
37 14
58 38
97 44
76 45
62 35
96 46
88 47
27 48
9 43
32 49
125 50
4 32
19 30
130 51
21 16
59 25
18 52
28 45
132 50
119 39
133 53
109 54
35 55
92 37
14 47
77 49
231 51
69 33
66 24
20 53
129 36
16 44
122 17
30 56
75 57
40 58
86 59
6 60
22 54
48 59
124 61
51 9
98 62
70 63
24 48
84 64
103 65
63 58
80 66
121 28
79 42
131 46
68 52
138 63
29 64
10 55
139 67
105 43
527 68
550 69
99 61
452 56
230 70
495 67
275 66
60 70
515 61
219 69
44 71
205 10
52 11
142 72
437 73
313 74
317 72
516 73
486 75
247 76
445 76
267 68
464 77
146 69
524 62
169 57
425 44
261 71
508 22
548 78
229 79
488 80
153 38
266 74
498 80
551 70
433 81
191 77
283 75
447 82
282 83
496 58
265 84
345 85
474 60
318 84
279 83
259 78
271 79
415 65
570 86
379 87
526 82
289 72
512 88
559 88
540 89
160 85
587 89
264 90
553 91
237 87
493 86
213 92
518 91
552 93
161 94
272 81
427 78
421 93
412 95
413 77
571 95
568 96
185 97
478 90
209 98
288 99
597 96
386 65
332 100
417 101
195 31
190 102
472 101
583 92
336 94
531 42
389 103
180 102
263 46
140 101
316 104
501 93
450 68
329 104
278 105
234 106
163 107
173 103
372 108
532 92
322 100
463 109
565 110
157 108
489 89
410 36
193 99
270 111
539 109
292 60
287 90
466 106
409 112
199 105
588 113
396 107
177 73
542 114
281 110
581 113
385 97
181 115
178 116
591 117
400 39
300 76
351 115
567 118
494 111
419 119
254 120
558 108
215 121
171 116
144 81
367 122
326 80
462 113
255 106
176 122
491 123
319 55
239 124
216 98
156 125
175 117
593 121
268 119
408 123
436 114
390 126
238 118
404 51
243 112
273 50
545 127
432 5
589 63
454 124
149 127
391 79
407 48
251 128
557 129
403 126
320 130
290 128
446 129
521 131
377 127
182 132
393 120
598 133
530 134
513 107
294 135
392 125
430 105
370 133
310 136
337 131
155 104
483 130
534 96
428 135
405 103
441 137
299 138
158 79
269 139
307 112
197 83
461 98
297 66
312 134
528 100
355 140
166 137
192 132
330 136
151 41
284 87
248 129
325 141
159 142
477 25
349 140
165 138
387 65
276 40
485 77
148 56
308 143
187 144
240 90
143 118
422 139
505 131
223 141
373 27
584 102
365 144
414 142
225 145
167 126
380 145
378 133
311 62
594 146
356 110
201 125
220 147
467 136
286 148
145 45
291 114
174 142
301 14
168 147
520 35
444 149
502 148
469 146
327 94
249 150
600 149
233 99
438 83
277 81
368 85
246 78
382 151
162 150
194 13
395 152
418 88
241 153
510 72
525 152
303 47
232 84
333 154
500 109
235 129
366 153
541 19
150 151
476 147
203 155
443 135
222 139
424 86
305 156
511 119
442 156
535 1
402 157
394 120
262 57
471 99
188 123
206 158
302 49
411 151
439 159
576 157
344 154
331 93
214 143
384 91
398 146
406 160
434 59
451 152
242 155
361 97
569 67
453 156
353 161
468 148
592 162
564 150
499 128
200 163
482 125
574 164
152 158
590 140
577 162
431 165
245 115
599 159
547 161
449 160
416 103
358 4
484 71
492 40
555 164
537 94
465 136
479 52
517 24
506 133
186 166
562 119
339 167
546 168
324 163
504 144
350 30
208 165
309 169
556 170
544 171
533 116
212 95
363 134
343 139
426 128
280 98
198 172
218 82
285 167
314 173
342 132
172 96
252 3
226 171
362 130
388 158
399 168
374 174
371 175
401 166
549 157
228 170
321 169
429 174
580 159
341 176
244 177
315 175
154 124
354 178
523 162
348 141
529 163
141 173
435 116
224 179
347 180
582 10
274 169
328 35
522 171
295 160
507 181
563 137
578 154
207 182
364 111
455 58
458 179
383 172
189 145
170 161
352 143
573 174
475 10
323 183
536 75
211 126
448 149
359 134
423 178
184 184
566 167
572 180
147 84
306 2
397 155
519 178
561 177
357 131
470 149
480 176
514 123
335 176
560 140
579 74
585 117
509 122
360 155
258 132
375 179
257 177
334 68
459 185
304 175
296 182
596 183
260 34
440 157
256 141
381 184
497 122
236 6
164 180
487 182
586 173
473 172
543 185
250 186
595 124
340 164
376 185
183 187
503 188
293 186
253 158
460 181
481 154
196 188
298 91
204 188
179 153
202 183
369 186
538 168
457 189
210 121
456 181
420 21
490 186
338 189
346 166
575 187
217 188
227 118
221 165
554 190

