600 48 71880 40 334 140
269 1
233 2
295 1
280 3
171 4
55 4
1 2
22 1
210 5
129 3
157 5
315 2
154 6
215 1
93 7
40 2
184 3
135 4
107 4
324 7
19 1
79 6
258 6
192 5
62 2
69 7
220 8
222 9
173 10
85 5
153 8
169 9
284 9
96 3
305 8
206 4
75 10
234 10
293 11
121 6
94 7
176 12
122 13
216 9
113 3
316 13
314 14
126 12
205 14
181 11
125 15
73 12
151 15
287 16
254 17
322 11
159 10
197 17
170 13
148 11
327 16
202 6
223 14
89 16
6 18
255 14
224 17
143 6
262 10
219 18
36 19
158 15
311 18
56 4
46 14
172 13
247 19
306 19
128 17
218 20
256 20
21 9
112 1
42 16
294 21
204 21
259 21
174 22
57 15
39 13
208 5
130 22
117 12
58 22
282 23
212 15
26 23
87 12
267 8
88 19
20 5
141 24
278 20
182 14
110 24
318 20
108 25
273 7
302 18
78 18
191 24
320 14
198 16
72 26
183 27
268 27
41 25
102 24
229 28
195 11
298 26
109 21
138 20
196 18
261 19
288 28
304 26
103 20
296 7
60 23
188 22
51 25
97 24
11 18
238 29
179 22
260 3
274 23
166 28
66 30
86 8
325 29
111 26
37 27
221 27
319 8
155 18
279 1
2 30
48 27
245 17
292 25
136 25
35 12
147 28
76 29
185 31
12 15
285 13
101 32
243 9
4 10
14 26
252 31
127 31
165 11
307 27
43 32
160 33
54 34
139 34
270 33
207 29
326 21
71 32
226 2
299 30
286 17
272 25
7 26
164 34
236 35
123 32
152 33
309 34
70 28
156 33
271 19
321 27
323 17
24 10
68 36
264 15
34 23
149 36
246 35
59 9
45 26
33 11
106 35
266 12
83 18
77 8
18 31
146 37
99 23
67 31
211 24
65 38
64 28
120 35
175 35
203 37
209 30
301 37
63 33
235 30
180 34
248 8
249 30
253 38
230 36
312 39
187 35
95 7
3 38
214 23
291 22
31 33
74 32
38 36
241 39
81 21
17 10
114 16
44 29
300 23
265 38
133 40
163 41
30 37
225 16
50 19
213 41
277 40
5 36
308 36
167 39
257 42
116 38
28 29
150 7
98 42
52 29
8 26
161 43
27 44
144 39
303 43
132 8
16 32
276 11
240 34
32 15
263 40
201 40
47 35
9 45
251 13
119 40
92 24
297 39
29 31
177 44
142 42
137 37
194 41
227 21
105 28
118 25
228 46
134 24
275 45
239 41
91 42
283 3
140 9
289 43
10 44
290 20
115 40
61 46
189 41
232 47
317 28
193 1
237 36
186 38
328 46
313 45
90 12
15 7
23 43
25 47
84 39
13 36
310 21
124 44
145 47
217 38
168 15
178 34
49 44
162 42
244 32
199 47
82 14
131 35
242 3
80 22
53 6
250 39
104 33
231 27
281 16
200 33
190 46
100 19
385 48
502 42
456 48
562 48
370 45
397 43
550 48
331 43
440 45
532 13
545 47
462 42
429 48
468 48
394 48
450 48
500 48
360 48
480 48
553 48
483 48
533 48
488 47
408 47
563 37
386 45
583 48
433 48
416 46
511 37
449 46
557 48
381 48
567 48
516 47
518 47
539 34
485 48
572 46
427 31
344 46
479 48
458 48
399 45
358 48
443 48
571 48
392 48
423 2
566 44
512 47
561 41
421 46
590 48
555 48
588 32
515 48
524 48
549 22
356 6
473 42
435 46
559 48
569 37
570 45
491 44
335 11
337 45
461 45
558 48
537 34
505 48
402 41
363 45
353 41
581 48
540 48
551 38
467 48
453 48
419 45
431 30
432 48
437 48
434 23
415 48
495 37
487 48
520 16
378 48
367 37
585 48
425 48
442 26
527 48
404 45
587 45
580 48
517 48
332 9
509 48
504 31
448 43
379 48
564 48
546 48
476 48
493 48
384 45
534 44
420 48
510 48
466 48
496 48
412 48
396 48
471 43
589 46
575 46
535 48
426 45
377 45
339 48
439 46
489 44
391 43
389 48
529 34
403 48
329 45
366 48
346 45
492 42
484 47
568 48
407 30
352 48
342 48
390 42
375 11
383 31
430 43
428 17
578 37
406 48
469 42
475 47
364 48
452 13
355 48
507 45
548 48
530 48
544 13
523 48
508 33
499 48
576 14
361 29
372 6
338 27
445 37
414 46
595 10
354 48
554 48
459 48
573 31
444 43
481 48
343 48
591 44
362 26
525 48
447 24
438 48
582 45
506 43
409 42
369 48
598 48
470 48
528 43
330 40
519 45
521 13
405 48
436 48
600 48
501 48
340 41
410 48
565 4
418 1
413 37
599 37
455 48
454 48
472 48
498 48
531 48
584 48
400 2
368 29
341 40
497 48
577 48
411 44
359 48
463 48
348 48
424 42
457 32
382 30
446 2
522 48
365 20
579 48
597 37
592 32
465 48
494 47
333 12
560 46
513 44
422 31
464 48
474 45
541 45
374 32
460 48
593 34
596 42
373 47
334 48
574 45
371 47
351 48
514 48
357 47
526 42
482 43
350 48
387 4
441 43
586 3
401 48
451 31
538 48
336 48
345 39
417 45
556 25
503 47
477 25
542 5
380 25
398 40
478 48
594 48
347 38
490 43
547 43
349 30
536 38
486 23
376 26
395 37
543 48
388 46
552 29
393 25

