600 92 107820 60 477 301
53 1
64 2
28 3
81 4
87 1
133 5
14 2
137 3
118 4
31 6
65 7
32 8
22 9
37 6
59 10
23 8
96 11
12 9
113 12
50 6
101 1
129 7
41 13
82 12
117 13
57 9
1 14
49 4
121 10
16 10
15 5
62 9
40 11
35 2
122 12
94 14
105 15
71 16
111 5
135 15
6 17
55 14
36 18
127 16
91 13
123 15
99 17
17 19
38 15
107 18
130 18
73 19
13 20
77 5
138 21
93 22
104 23
112 21
19 8
51 16
20 20
79 19
30 17
9 3
60 22
109 23
5 21
21 24
88 24
69 8
58 21
75 11
3 24
103 25
42 10
95 20
106 26
4 27
11 8
66 25
134 26
46 28
102 27
136 29
63 22
85 23
67 27
126 30
76 28
125 14
90 29
110 2
86 31
70 30
2 20
54 32
68 18
119 33
124 33
132 26
25 29
83 24
26 32
97 28
61 30
8 19
92 16
98 34
39 25
27 15
120 13
108 35
34 36
72 34
43 37
7 31
47 31
29 27
18 7
74 32
24 38
10 33
84 7
48 37
56 37
80 30
115 1
128 35
52 36
78 22
100 23
33 17
44 16
89 34
114 36
45 25
116 3
131 39
327 35
159 36
545 40
139 29
235 41
209 40
289 42
523 6
374 38
258 40
213 40
297 39
511 42
525 43
171 21
180 39
538 42
533 15
543 41
536 41
339 44
439 43
310 45
491 19
518 43
393 6
245 43
584 42
431 46
434 45
470 43
261 46
295 47
451 39
352 45
193 44
186 47
202 41
361 37
513 39
487 44
273 48
326 28
363 27
370 30
172 33
191 35
443 48
253 30
483 49
437 34
177 46
416 36
534 46
505 34
269 35
507 45
226 47
167 38
446 40
478 50
247 51
200 39
517 49
145 33
559 38
178 47
368 50
309 48
270 40
433 52
328 52
474 48
175 51
588 26
360 50
153 50
560 44
210 39
520 51
548 26
188 53
184 54
537 49
524 42
435 53
369 44
152 53
190 53
183 40
293 47
399 49
358 54
342 55
348 47
343 55
535 56
232 42
412 53
179 3
351 56
330 54
468 38
204 55
311 50
223 52
382 55
509 57
530 57
150 48
216 54
268 51
337 52
208 41
219 58
495 45
201 59
149 11
410 57
205 46
250 53
552 59
290 42
599 2
353 56
272 60
157 50
248 51
394 55
298 58
580 49
371 51
350 60
441 56
158 52
142 55
413 32
162 57
497 39
236 54
163 58
406 49
581 61
244 58
300 62
465 62
234 61
398 63
592 35
146 60
429 63
583 59
553 32
229 62
419 64
166 44
318 65
401 7
489 31
275 45
144 63
203 41
463 62
569 60
254 65
187 64
496 61
338 50
174 63
593 12
211 64
231 4
221 38
387 59
154 11
423 61
277 18
263 65
571 60
544 58
148 56
555 66
267 66
414 45
587 56
321 37
161 46
461 64
539 65
390 67
340 58
284 65
271 35
315 62
494 55
567 44
422 67
325 68
170 67
224 48
276 66
249 68
265 43
381 69
347 61
402 66
346 46
540 59
280 69
404 70
314 59
492 62
477 52
499 13
365 65
498 68
335 68
233 70
307 38
563 57
377 67
332 50
364 69
417 69
354 66
165 71
357 51
405 72
189 54
476 29
384 62
199 60
198 63
322 67
302 52
448 71
255 73
578 71
550 69
147 74
238 54
532 73
376 56
458 74
595 56
586 44
577 75
242 64
568 70
486 71
457 72
481 76
424 70
504 59
579 58
438 53
306 73
506 67
392 67
403 69
380 40
288 75
285 70
217 76
305 61
466 73
331 71
460 77
472 45
484 76
597 73
503 75
522 57
485 41
334 17
313 61
320 76
459 77
512 77
493 75
312 22
576 29
391 75
294 78
426 65
228 79
308 80
442 74
428 78
482 66
454 74
349 78
425 66
557 64
169 68
286 26
230 80
218 72
316 79
415 69
546 28
329 63
467 81
500 72
490 81
388 58
598 80
164 64
561 72
372 80
160 43
519 82
283 74
156 82
386 40
379 77
420 76
304 77
212 79
585 82
378 78
319 78
303 82
291 83
341 73
274 71
409 74
573 61
355 47
181 78
551 81
225 79
600 63
141 12
427 77
155 82
344 35
440 64
389 22
182 51
257 11
436 58
143 73
296 83
527 63
194 84
287 84
570 83
479 9
528 85
260 84
140 5
501 81
444 86
206 67
324 55
558 85
421 49
526 71
366 80
373 87
473 47
408 46
227 81
516 87
345 37
556 52
279 36
367 80
266 81
589 70
574 31
333 61
278 83
502 72
596 86
590 83
151 83
251 68
449 87
572 86
529 5
299 86
397 34
237 75
469 88
243 89
220 82
256 48
215 88
521 56
396 85
240 72
359 85
455 77
222 88
214 22
282 73
488 81
445 84
471 85
475 53
281 84
541 90
196 79
385 34
176 89
575 89
514 4
549 11
508 86
173 60
531 72
480 79
542 50
566 74
564 83
562 57
207 87
547 88
594 91
591 90
515 56
400 77
554 79
168 1
375 67
356 82
383 84
262 80
252 23
464 89
264 68
292 87
582 91
317 89
452 92
195 86
453 90
362 76
323 90
418 49
185 79
246 63
259 84
301 69
432 20
407 70
239 34
395 88
430 88
462 89
565 78
450 30
336 91
447 57
510 42
456 88
192 90
241 92
197 27
411 71

