600 49 71880 40 330 138
193 1
266 2
155 2
185 1
92 2
320 3
7 3
163 4
97 4
326 1
43 5
179 5
156 6
61 7
95 4
53 4
78 6
296 3
237 7
85 8
225 8
109 9
146 10
280 10
240 5
273 3
299 6
169 11
189 12
47 9
330 13
84 11
39 1
246 8
36 12
252 5
24 7
263 14
242 11
50 15
6 3
105 13
331 13
25 5
202 16
35 17
55 2
116 10
300 14
104 15
23 10
152 9
222 17
160 4
107 12
18 13
5 7
227 2
8 11
327 6
11 10
162 14
158 1
148 15
258 1
279 18
29 18
96 17
294 15
257 5
69 16
268 9
180 2
75 12
46 8
19 17
58 2
332 8
201 11
183 15
94 19
186 20
147 21
229 17
314 7
51 6
255 19
209 14
33 16
316 18
151 18
306 12
56 3
38 7
199 17
239 21
313 20
89 5
267 20
198 21
194 19
128 13
32 19
301 19
256 19
123 1
265 22
153 9
216 22
48 12
28 18
175 4
213 23
145 21
13 23
114 20
83 15
59 14
108 16
274 22
86 22
259 22
74 24
126 25
278 11
49 24
200 25
224 23
41 26
244 24
233 24
270 23
315 26
127 26
322 25
230 27
4 27
176 28
42 29
204 16
91 16
37 28
60 29
205 27
307 30
10 22
103 20
319 27
212 30
276 31
101 4
165 32
203 14
99 13
154 25
119 26
17 31
253 31
44 8
234 29
15 6
188 21
184 32
30 19
311 25
309 9
31 30
260 23
272 29
63 22
168 32
287 18
81 28
187 33
196 28
293 27
324 27
221 11
131 33
166 31
72 28
120 30
112 3
132 31
115 33
312 1
231 20
302 34
236 34
172 17
129 21
283 34
66 35
90 31
303 36
318 16
16 35
150 34
93 9
181 34
232 36
192 33
170 8
140 26
87 29
295 28
308 37
197 35
241 36
292 36
297 2
45 38
291 37
289 31
329 26
220 24
26 37
290 38
304 33
110 39
71 29
285 30
208 38
277 37
136 36
122 24
250 21
82 40
40 39
100 14
111 38
191 35
14 25
68 39
317 39
228 8
73 40
211 6
98 32
88 23
34 25
247 16
20 37
138 23
21 41
310 41
161 30
135 40
275 42
77 39
245 14
249 15
164 33
125 18
173 42
142 41
130 12
325 40
298 43
235 43
217 41
218 35
206 32
22 35
171 42
223 34
282 44
9 45
190 41
288 46
305 19
269 36
243 40
79 45
124 37
54 43
2 35
195 47
264 12
70 16
143 40
133 6
219 42
159 10
52 43
207 34
271 43
214 11
57 42
139 26
113 46
254 32
12 44
251 29
102 45
67 31
80 40
134 20
137 41
215 38
121 48
328 27
149 46
248 47
210 46
284 44
174 44
321 48
323 45
281 13
3 25
238 7
117 48
286 47
1 39
167 10
178 35
177 42
262 44
182 44
157 46
106 38
261 36
144 45
226 20
27 7
141 43
64 20
76 16
118 10
65 32
62 48
333 36
472 45
457 49
423 49
584 49
355 49
594 29
436 49
586 49
554 47
363 34
516 49
417 49
591 47
354 49
462 48
471 47
356 49
500 49
352 48
587 47
519 49
408 49
430 49
449 49
424 49
553 47
496 49
465 49
493 49
429 25
505 27
367 49
597 49
437 49
536 49
459 28
524 28
440 47
527 47
378 49
544 49
557 39
432 49
596 49
451 49
420 49
448 31
484 49
385 47
570 22
588 49
334 42
357 49
546 49
564 47
372 46
438 49
435 49
395 47
512 47
523 49
488 49
353 46
413 49
377 45
518 49
585 47
345 49
560 49
525 49
389 47
502 48
534 45
336 49
446 47
514 49
426 49
392 32
487 49
590 49
466 49
409 43
540 42
571 45
341 49
365 41
578 48
374 12
362 49
404 49
453 49
547 49
469 48
351 49
338 49
569 49
384 49
595 17
549 49
461 47
483 40
529 49
558 33
521 49
504 47
344 24
427 46
598 46
373 49
563 39
379 49
561 47
349 49
455 47
387 49
359 30
347 38
444 49
380 49
481 49
530 49
589 38
335 48
492 23
599 47
539 49
369 46
381 49
464 49
343 49
552 49
498 10
339 49
452 45
556 44
445 49
342 49
506 49
460 49
581 49
410 49
360 47
433 26
567 8
600 49
528 46
533 47
346 41
402 36
495 44
582 49
412 49
425 48
390 49
431 49
428 39
559 49
509 49
458 37
401 46
494 42
490 49
499 38
491 46
450 23
497 45
566 49
573 49
474 49
350 49
386 49
486 24
376 49
517 34
545 49
414 44
515 45
503 13
468 42
442 49
562 49
475 18
456 45
568 49
574 36
478 41
415 49
447 47
396 49
555 9
383 49
422 18
577 1
340 49
575 49
592 47
551 49
439 33
593 41
541 49
467 37
470 26
434 49
532 10
522 23
370 49
400 49
403 38
580 47
538 29
407 17
371 49
416 15
548 46
508 49
348 45
579 49
441 49
572 49
337 26
399 49
537 49
361 43
406 49
531 45
411 47
443 49
535 47
375 49
550 4
391 17
405 49
418 34
366 24
485 47
364 49
382 46
542 23
482 44
388 49
507 24
358 45
513 43
398 47
476 49
368 45
394 30
543 28
489 24
510 39
520 44
501 39
583 35
477 46
419 39
479 49
511 21
397 40
473 39
454 17
526 27
565 30
421 49
480 7
393 49
463 5
576 3

