1000 375 171375 0 374 374
738 1
462 2
710 3
197 1
283 2
602 4
605 5
161 3
155 4
87 5
389 6
249 6
302 7
739 7
275 8
675 8
323 9
267 10
715 9
519 10
76 11
678 11
140 12
547 12
296 13
733 13
437 14
410 15
198 14
509 16
421 17
15 15
740 18
639 19
493 20
129 16
374 17
127 18
406 21
531 22
137 19
545 23
12 20
360 21
35 22
54 23
354 24
617 24
518 25
142 25
471 26
597 27
321 26
565 28
696 29
391 30
542 31
407 32
611 33
548 34
331 27
88 28
192 29
284 30
640 35
223 31
550 36
552 37
730 38
555 39
560 40
55 32
606 41
126 33
74 34
523 42
240 35
404 43
34 36
652 44
350 37
90 38
631 45
630 46
513 47
729 48
635 49
20 39
63 40
250 41
515 50
596 51
510 52
590 53
17 42
581 54
135 43
243 44
691 55
29 45
694 56
432 57
663 58
294 46
578 59
68 47
156 48
147 49
36 50
535 60
681 61
456 62
561 63
203 51
71 52
503 64
367 53
512 65
119 54
186 55
32 56
212 57
326 58
746 66
528 67
271 59
256 60
454 68
143 61
494 69
680 70
218 62
304 63
393 71
100 64
626 72
286 65
67 66
315 67
480 73
113 68
370 69
712 74
585 75
201 70
195 71
183 72
105 73
276 74
86 75
160 76
313 77
5 78
264 79
61 80
479 76
610 77
460 78
344 81
388 79
416 80
312 82
558 81
521 82
553 83
563 84
332 83
348 84
282 85
540 85
217 86
202 87
366 88
206 89
23 90
524 86
361 91
687 87
268 92
584 88
133 93
130 94
702 89
664 90
620 91
433 92
650 93
82 95
270 96
369 97
648 94
258 98
594 95
661 96
497 97
136 99
446 98
490 99
489 100
278 100
567 101
305 101
72 102
245 103
571 102
319 104
632 103
636 104
187 105
269 106
22 107
49 108
229 109
735 105
488 106
158 110
396 107
352 111
599 108
170 112
667 109
368 113
475 110
291 114
713 111
588 112
13 115
340 116
405 113
579 114
342 117
239 118
259 119
720 115
440 116
205 120
607 117
450 118
474 119
358 121
166 122
506 120
568 121
70 123
690 122
486 123
582 124
371 124
426 125
335 125
562 126
148 126
398 127
496 128
341 127
329 128
670 129
653 130
57 129
185 130
580 131
246 131
103 132
477 132
357 133
655 133
97 134
288 135
83 136
24 137
708 134
236 138
699 135
549 136
209 139
167 140
721 137
572 138
31 141
51 142
592 139
439 140
328 143
58 144
253 145
387 141
695 142
500 143
330 146
495 144
33 147
244 148
644 145
200 149
401 146
30 150
408 147
698 148
333 151
216 152
425 149
317 153
280 154
736 150
412 151
413 152
182 155
141 156
242 157
683 153
138 158
577 154
78 159
37 160
221 161
177 162
380 155
110 163
508 156
173 164
674 157
151 165
179 166
353 167
94 168
718 158
355 169
196 170
429 159
541 160
214 171
595 161
701 162
487 163
120 172
576 164
118 173
11 174
7 175
301 176
679 165
308 177
287 178
263 179
193 180
537 166
175 181
469 167
445 168
427 169
608 170
434 171
346 182
619 172
660 173
656 174
25 183
44 184
316 185
529 175
230 186
618 176
290 187
682 177
742 178
66 188
415 179
464 180
251 189
420 181
727 182
53 190
52 191
80 192
684 183
692 184
164 193
448 185
172 194
222 195
146 196
62 197
285 198
306 199
297 200
504 186
526 187
511 188
311 201
641 189
748 190
452 191
84 202
716 192
204 203
181 204
28 205
234 206
356 207
530 193
262 208
662 194
220 209
575 195
627 196
210 210
77 211
93 212
10 213
112 214
600 197
499 198
612 199
569 200
593 201
16 215
260 216
467 202
231 217
502 203
233 218
514 204
482 205
132 219
73 220
741 206
659 207
722 208
458 209
646 210
394 211
711 212
706 213
598 214
424 215
75 221
39 222
390 216
124 223
538 217
194 224
403 218
237 225
98 226
289 227
465 219
522 220
190 228
320 229
176 230
686 221
154 231
309 232
604 222
178 233
747 223
252 234
417 224
47 235
174 236
719 225
566 226
65 237
134 238
700 227
228 239
69 240
123 241
45 242
556 228
677 229
241 243
444 230
208 244
163 245
557 231
238 246
115 247
613 232
570 233
274 248
400 234
657 235
38 249
91 250
121 251
8 252
705 236
376 237
743 238
386 239
491 240
559 241
117 253
649 242
731 243
169 254
40 255
543 244
165 256
337 257
79 258
180 259
338 260
379 245
397 246
468 247
365 261
6 262
60 263
546 248
485 249
56 264
728 250
215 265
188 266
481 251
484 252
225 267
373 268
382 253
273 269
128 270
21 271
473 254
46 272
292 273
152 274
303 275
589 255
616 256
157 276
384 257
345 277
248 278
411 258
41 279
651 259
423 260
723 261
442 262
591 263
672 264
359 280
139 281
737 265
704 266
551 267
669 268
27 282
647 269
207 283
625 270
693 271
299 284
265 285
603 272
399 273
453 274
634 275
633 276
507 277
125 286
26 287
235 288
19 289
191 290
629 278
64 291
463 279
527 280
116 292
533 281
279 293
383 282
435 283
81 294
516 284
327 295
455 285
295 296
150 297
171 298
281 299
478 286
85 300
428 287
574 288
211 301
257 302
314 303
466 289
144 304
697 290
645 291
623 292
4 305
149 306
318 307
470 293
707 294
104 308
476 295
322 309
362 310
347 311
714 296
457 297
628 298
1 312
447 299
224 313
451 300
9 314
199 315
673 301
96 316
441 302
108 317
622 303
449 304
643 305
226 318
586 306
48 319
168 320
461 307
162 321
219 322
109 323
505 308
676 309
232 324
381 310
325 325
726 311
14 326
324 327
443 312
750 313
307 328
293 329
573 314
587 315
431 316
89 330
688 317
351 331
539 318
372 332
749 319
671 320
261 333
272 334
339 335
106 336
213 337
92 338
122 339
336 340
99 341
732 321
638 322
43 342
422 323
609 324
564 325
50 343
554 326
438 327
532 328
107 344
159 345
227 346
254 347
95 348
414 329
615 330
744 331
658 332
637 333
536 334
402 335
145 349
703 336
430 337
131 350
153 351
419 338
395 339
349 352
685 340
59 353
666 341
689 342
520 343
717 344
483 345
665 346
42 354
189 355
2 356
334 357
392 347
102 358
101 359
492 348
343 360
472 349
724 350
300 361
3 362
525 351
111 363
364 364
745 352
114 365
363 366
734 353
418 354
498 355
375 367
517 356
277 368
654 357
544 358
298 369
255 370
436 359
266 371
310 372
385 360
247 373
378 361
184 374
642 362
668 363
501 364
409 365
725 366
709 367
459 368
624 369
601 370
18 375
583 371
621 372
377 373
534 374
614 375
812 1
915 2
886 3
995 4
909 5
766 6
854 7
923 8
783 9
894 10
956 11
781 12
949 13
778 14
774 15
910 16
988 17
938 18
755 19
850 20
895 21
764 22
975 23
880 24
864 25
816 26
917 27
889 28
955 29
817 30
918 31
885 32
920 33
985 34
947 35
940 36
799 37
822 38
784 39
785 40
998 41
827 42
803 43
953 44
879 45
869 46
973 47
893 48
836 49
952 50
807 51
834 52
944 53
990 54
751 55
945 56
976 57
791 58
753 59
796 60
982 61
829 62
950 63
887 64
777 65
899 66
970 67
770 68
911 69
752 70
835 71
771 72
856 73
872 74
903 75
901 76
795 77
906 78
914 79
868 80
980 81
884 82
801 83
860 84
808 85
824 86
773 87
825 88
930 89
951 90
978 91
999 92
842 93
779 94
882 95
962 96
964 97
912 98
772 99
892 100
821 101
847 102
974 103
933 104
805 105
830 106
936 107
768 108
849 109
866 110
967 111
853 112
757 113
857 114
991 115
870 116
931 117
890 118
876 119
863 120
844 121
782 122
921 123
790 124
814 125
959 126
958 127
846 128
792 129
861 130
800 131
811 132
858 133
823 134
971 135
994 136
873 137
878 138
819 139
818 140
767 141
888 142
871 143
820 144
788 145
815 146
963 147
763 148
851 149
845 150
968 151
913 152
941 153
997 154
852 155
841 156
832 157
943 158
793 159
759 160
786 161
769 162
905 163
907 164
898 165
855 166
961 167
828 168
780 169
862 170
948 171
794 172
977 173
839 174
1000 175
902 176
966 177
843 178
756 179
789 180
937 181
802 182
926 183
875 184
996 185
992 186
762 187
758 188
989 189
908 190
883 191
928 192
986 193
957 194
810 195
983 196
925 197
848 198
813 199
761 200
929 201
916 202
797 203
979 204
865 205
960 206
897 207
927 208
904 209
946 210
760 211
840 212
981 213
891 214
954 215
922 216
867 217
874 218
837 219
838 220
939 221
806 222
932 223
987 224
965 225
804 226
935 227
776 228
969 229
896 230
934 231
754 232
765 233
775 234
798 235
972 236
859 237
942 238
826 239
787 240
831 241
924 242
881 243
919 244
809 245
877 246
984 247
993 248
833 249
900 250

