1000 250 124500 0 249 249
977 1
538 1
451 1
367 2
738 2
349 3
833 2
655 3
888 3
39 1
915 4
631 4
542 5
967 5
144 2
546 6
419 4
283 5
756 6
727 7
113 3
478 6
580 8
621 9
136 4
505 10
273 7
839 7
8 5
681 11
257 8
421 9
822 8
754 9
487 10
215 6
957 10
976 11
21 7
629 12
425 11
240 8
805 12
988 13
545 13
32 9
426 12
183 10
790 14
585 14
480 13
583 15
645 16
510 17
438 14
212 11
639 18
483 15
594 19
242 12
653 20
416 16
201 13
311 17
834 15
360 18
559 21
173 14
592 22
495 19
218 15
66 16
968 16
838 17
389 20
965 18
41 17
277 21
244 18
202 19
108 20
714 23
974 19
731 24
935 20
121 21
735 25
961 21
107 22
253 22
373 23
439 24
849 22
927 23
493 25
774 24
106 23
683 26
101 24
429 26
916 25
94 25
721 27
901 26
390 27
156 26
23 27
115 28
307 28
642 28
680 29
365 29
870 27
320 30
56 29
382 31
182 30
170 31
903 28
557 30
153 32
424 32
358 33
38 33
402 34
184 34
687 31
676 32
361 35
256 36
635 33
732 34
337 37
432 38
611 35
782 29
616 36
544 37
116 35
189 36
566 38
928 30
885 31
689 39
665 40
595 41
296 39
649 42
707 43
111 37
120 38
599 44
541 45
315 40
186 39
286 41
339 42
654 46
404 43
803 32
469 44
406 45
7 40
716 47
619 48
164 41
840 33
570 49
848 34
297 46
335 47
853 35
825 36
160 42
1 43
314 48
357 49
352 50
200 44
981 37
626 50
348 51
646 51
802 38
49 45
593 52
188 46
391 52
855 39
291 53
452 54
60 47
316 55
77 48
584 53
68 49
119 50
222 51
560 54
261 56
405 57
785 40
777 41
4 52
44 53
763 42
597 55
940 43
270 58
724 56
831 44
662 57
953 45
529 58
628 59
479 59
248 54
3 55
547 60
54 56
962 46
475 60
729 61
131 57
149 58
318 61
586 62
880 47
776 48
80 59
902 49
889 50
414 62
442 63
192 60
436 64
515 63
813 51
596 64
445 65
83 61
615 65
563 66
74 62
770 52
784 53
299 66
225 63
398 67
58 64
302 68
375 69
517 67
768 54
532 68
73 65
292 70
604 69
381 71
110 66
400 72
76 67
158 68
765 55
132 69
815 56
374 73
454 74
345 75
457 76
811 57
13 70
10 71
736 70
15 72
702 71
513 72
786 58
644 73
243 73
84 74
562 74
465 77
279 78
996 59
760 60
730 75
265 79
552 76
937 61
448 80
412 81
190 75
800 62
537 77
920 63
753 64
226 76
221 77
761 65
693 78
491 82
787 66
657 79
70 78
886 67
278 83
591 80
887 68
75 79
384 84
526 81
944 69
181 80
550 82
355 85
217 81
287 86
908 70
917 71
744 83
271 87
87 82
874 72
543 84
590 85
332 88
455 89
914 73
971 74
336 90
883 75
531 86
14 83
836 76
245 84
193 85
950 77
898 78
955 79
155 86
828 80
228 87
166 88
260 91
520 87
294 92
963 81
459 93
118 89
250 90
309 94
867 82
96 91
658 88
327 95
343 96
845 83
527 89
555 90
99 92
340 97
858 84
135 93
290 98
992 85
305 99
180 94
24 95
792 86
89 96
333 100
152 97
606 91
366 101
575 92
331 102
879 87
141 98
794 88
630 93
11 99
766 89
18 100
262 103
78 101
433 104
129 102
427 105
472 106
643 94
896 90
434 107
819 91
536 95
741 96
948 92
490 108
647 97
514 98
995 93
380 109
308 110
359 111
208 103
720 99
711 100
991 94
771 95
966 96
973 97
933 98
877 99
801 100
263 112
214 104
109 105
328 113
464 114
176 106
31 107
528 101
733 102
602 103
706 104
258 115
540 105
19 108
93 109
641 106
213 110
474 116
548 107
417 117
1000 101
342 118
746 108
206 111
274 119
241 112
334 120
607 109
751 102
582 110
925 103
895 104
519 111
97 113
362 121
272 122
233 114
379 123
12 115
926 105
64 116
561 112
103 117
105 118
669 113
16 119
344 124
30 120
175 121
715 114
970 106
856 107
722 115
737 116
742 117
430 125
588 118
179 122
27 123
632 119
59 124
846 108
353 126
463 127
712 120
718 121
816 109
251 128
549 122
817 110
42 125
969 111
140 126
739 123
92 127
249 128
577 124
868 112
894 113
9 129
978 114
237 130
922 115
812 116
90 131
330 129
892 117
185 132
678 125
921 118
534 126
122 133
691 127
341 130
20 134
511 128
266 131
832 119
804 120
758 121
165 135
690 129
210 136
695 130
196 137
376 132
578 131
890 122
392 133
572 132
312 134
984 123
370 135
6 138
814 124
936 125
239 139
999 126
618 133
789 127
82 140
22 141
431 136
913 128
624 134
236 142
708 135
788 129
399 137
133 143
873 130
821 131
530 136
62 144
223 145
151 146
956 132
699 137
231 147
943 133
484 138
518 138
383 139
964 134
65 148
686 139
982 135
851 136
728 140
112 149
161 150
979 137
157 151
411 140
668 141
67 152
617 142
303 141
565 143
338 142
224 153
230 154
671 144
423 143
871 138
79 155
199 156
769 139
972 140
688 145
444 144
81 157
498 145
861 141
652 146
829 142
842 143
347 146
55 158
203 159
17 160
394 147
229 161
350 148
929 144
114 162
178 163
932 145
148 164
685 147
581 148
980 146
523 149
835 147
494 149
985 148
168 165
502 150
579 151
911 149
174 166
319 150
614 152
710 153
625 154
907 150
809 151
130 167
295 151
875 152
356 152
697 155
791 153
749 156
194 168
893 154
872 155
471 153
150 169
993 156
589 157
462 154
285 155
958 157
329 156
525 158
171 170
167 171
259 157
775 158
420 158
195 172
61 173
440 159
268 160
238 174
91 175
385 161
117 176
481 162
2 177
422 163
556 159
447 164
377 165
959 159
486 166
220 178
844 160
46 179
37 180
600 160
50 181
466 167
558 161
551 162
477 168
990 161
280 169
773 162
354 170
651 163
983 163
232 182
826 164
378 171
734 164
468 172
497 173
679 165
605 166
701 167
441 174
601 168
924 165
740 169
138 183
450 175
900 166
623 170
508 171
29 184
806 167
854 168
598 172
489 176
28 185
949 169
850 170
891 171
726 173
125 186
857 172
246 187
772 173
713 174
71 188
810 174
553 175
918 175
159 189
351 177
300 178
247 190
506 176
612 177
154 191
824 176
293 179
428 180
912 177
656 178
492 181
409 182
368 183
301 184
627 179
677 180
709 181
764 178
650 182
496 185
938 179
672 183
841 180
941 181
608 184
748 185
939 182
323 186
660 186
954 183
987 184
503 187
847 185
187 192
177 193
998 186
461 187
778 187
123 194
909 188
401 188
393 189
128 195
696 188
719 189
779 189
865 190
783 191
539 190
476 190
752 192
254 191
25 196
837 193
324 192
673 191
700 192
5 197
793 194
798 195
535 193
143 198
622 194
634 195
881 196
674 196
692 197
43 199
897 197
102 200
310 193
767 198
163 201
363 194
40 202
169 203
145 204
904 199
830 200
387 195
446 196
209 205
899 201
574 198
603 199
759 202
664 200
568 201
162 206
52 207
364 197
216 208
403 198
723 202
98 209
931 203
325 199
613 203
878 204
521 204
640 205
191 210
745 206
408 200
443 201
945 205
919 206
864 207
134 211
863 208
906 209
369 202
554 207
255 203
456 204
717 208
395 205
564 209
869 210
313 206
407 207
34 212
986 211
666 210
86 213
684 211
235 214
703 212
952 212
85 215
866 213
146 216
859 214
569 213
453 208
573 214
69 217
458 209
705 215
762 215
910 216
53 218
205 219
743 216
346 210
960 217
207 220
449 211
227 221
571 217
482 212
820 218
755 219
694 218
26 222
410 213
35 223
306 214
267 215
827 220
33 224
282 216
317 217
488 218
234 225
567 219
522 220
388 219
509 221
882 221
126 226
437 220
524 222
100 227
942 222
876 223
997 224
637 223
610 224
57 228
372 221
397 222
326 223
415 224
284 225
670 225
951 225
725 226
795 226
289 226
288 227
172 229
781 227
371 228
675 227
147 230
934 228
127 231
219 232
807 229
659 228
418 229
104 233
587 229
667 230
269 230
747 231
470 231
648 232
975 230
322 232
930 231
137 234
252 233
516 233
198 235
51 236
808 232
661 234
796 233
799 234
500 234
533 235
682 236
947 235
512 237
72 237
48 238
797 236
884 237
507 238
211 239
45 240
281 235
413 236
823 238
704 239
757 239
142 241
499 237
609 240
276 238
386 239
485 240
396 241
504 241
780 240
197 242
124 243
47 244
264 242
633 242
139 245
298 243
501 243
63 246
989 241
636 244
204 247
576 245
994 242
473 244
620 246
663 247
460 245
860 243
843 244
852 245
923 246
304 246
435 247
88 248
275 248
467 249
321 250
946 247
36 249
698 248
818 248
638 249
750 250
905 249
95 250
862 250

