600 49 71880 40 335 133
261 1
76 1
266 2
167 3
252 3
123 1
236 4
51 4
223 3
310 5
23 6
21 7
10 6
204 4
186 6
48 8
146 5
306 2
22 7
46 4
257 5
313 8
69 9
32 5
187 3
316 10
19 7
169 9
117 2
166 8
262 2
110 10
326 7
72 11
42 7
92 12
304 11
3 3
44 2
200 8
195 10
49 9
208 13
185 10
138 14
132 13
98 15
279 9
31 10
37 14
180 14
15 8
104 12
168 3
248 7
263 12
264 8
96 16
322 15
207 12
270 11
157 15
288 16
147 16
214 1
190 17
149 1
99 11
38 14
53 18
282 17
271 9
213 10
67 19
17 18
40 13
302 20
184 5
143 1
121 15
28 16
205 12
89 2
318 5
300 10
39 20
253 21
50 6
297 17
71 18
296 11
54 20
101 19
301 17
221 17
118 18
323 21
319 22
272 19
65 13
29 22
193 23
181 6
198 15
144 17
158 23
176 16
327 21
61 19
241 21
13 9
109 22
210 24
218 20
206 23
81 25
20 25
25 24
95 26
286 14
183 23
325 27
228 1
150 25
124 14
154 24
8 6
119 28
191 15
315 7
164 26
125 19
173 13
227 27
77 9
100 11
237 20
329 22
273 26
84 26
233 21
122 29
197 20
250 18
165 13
74 26
45 28
224 30
105 24
269 5
235 23
201 25
265 24
280 28
220 15
151 3
153 27
317 28
141 25
56 4
108 31
34 16
294 27
217 29
126 5
162 6
80 18
226 13
82 28
267 19
64 24
4 32
160 27
14 29
131 31
202 23
268 9
94 32
130 30
66 33
97 1
188 31
240 31
295 5
324 11
78 32
305 29
170 33
161 22
35 27
5 22
139 34
298 34
285 29
47 22
256 35
57 25
284 34
247 32
232 36
86 30
178 35
93 26
133 34
287 30
231 12
203 30
27 33
238 21
320 36
277 33
114 26
311 37
87 36
260 34
276 35
194 35
116 31
152 37
274 34
212 7
211 37
189 35
159 8
182 13
88 38
85 28
112 35
308 4
129 38
179 39
234 39
219 39
12 32
155 40
239 41
120 3
18 21
113 8
24 24
73 37
59 2
58 35
328 32
171 39
140 38
63 40
52 38
330 41
215 10
312 36
209 32
293 41
255 28
225 42
172 38
303 19
174 40
136 43
243 37
68 26
177 36
290 11
299 44
91 29
230 42
128 38
175 29
115 33
289 33
309 18
281 43
145 29
41 37
229 42
148 37
90 31
106 25
134 45
30 30
292 42
102 30
16 28
75 41
275 44
135 45
192 45
251 46
83 5
26 23
156 16
6 44
199 2
1 46
249 33
36 43
278 45
111 44
127 39
216 39
314 42
70 40
242 37
246 46
142 20
43 31
79 47
33 47
62 48
254 47
244 1
259 26
60 44
103 28
107 27
9 6
258 36
283 45
55 38
321 44
137 48
245 43
222 48
307 38
163 30
291 45
196 45
7 39
11 47
2 17
486 41
420 18
426 48
462 49
470 49
400 49
331 15
395 42
441 49
410 47
570 49
468 40
433 49
480 41
543 44
346 49
430 47
397 49
386 19
526 49
411 47
517 43
596 49
459 12
591 47
380 40
564 43
487 31
353 46
413 46
577 16
339 49
490 49
342 49
465 46
505 41
401 49
530 32
451 43
385 49
592 49
337 49
510 46
557 28
461 13
540 46
499 49
509 40
372 49
583 49
412 40
600 49
391 49
438 13
496 49
531 49
504 42
575 41
362 48
354 49
333 40
582 47
382 49
422 45
472 49
365 49
350 41
573 49
489 43
484 49
448 46
392 48
548 49
507 46
463 47
450 49
452 40
439 49
525 49
550 46
376 46
358 47
408 49
585 46
357 48
344 49
379 43
539 25
447 49
366 12
406 48
394 34
416 49
501 49
576 49
533 40
567 34
364 29
479 49
371 40
396 43
566 48
578 42
500 49
421 43
388 49
405 46
520 34
524 49
464 40
442 46
595 14
482 46
553 49
528 49
535 47
521 46
467 49
561 49
402 49
368 49
393 25
474 49
471 48
497 47
351 19
546 49
338 49
445 48
571 22
347 49
568 49
498 12
559 41
558 49
381 46
389 18
415 40
527 49
538 49
485 42
574 49
589 42
440 49
475 48
466 30
419 46
556 48
373 2
542 49
383 21
335 35
390 49
516 49
375 47
523 42
355 49
361 49
473 39
495 31
584 49
597 49
399 48
529 49
417 49
414 49
587 49
334 48
554 40
369 49
537 46
398 43
551 49
340 34
586 40
345 19
555 48
580 49
594 48
449 43
387 43
425 49
532 19
443 43
514 48
367 13
418 49
513 49
477 12
374 46
483 49
562 36
581 48
377 48
423 49
515 46
384 46
434 49
453 43
534 46
360 42
560 42
409 16
359 49
456 41
455 49
511 36
544 44
356 26
518 40
436 49
541 42
363 41
332 46
348 47
444 12
428 47
493 33
336 46
437 36
343 49
502 27
593 46
494 41
446 43
424 31
579 49
488 49
506 47
341 43
522 46
403 14
432 8
508 46
460 7
590 41
352 14
481 31
565 15
429 34
478 24
552 41
598 14
469 46
536 40
563 44
492 48
547 40
404 13
503 17
545 34
370 24
476 49
407 40
519 40
427 21
378 21
431 46
454 40
569 33
512 5
435 49
599 14
491 18
458 38
588 46
349 45
572 46
549 49
457 41

