600 98 107820 60 477 301
53 1
64 2
28 3
81 4
87 1
133 5
137 3
14 2
31 6
22 7
37 6
32 8
118 4
65 9
96 8
23 7
59 10
101 1
113 11
12 11
129 9
50 6
41 12
82 13
1 14
57 10
117 7
49 4
16 10
15 5
121 12
40 13
62 14
94 15
105 2
122 16
71 17
35 15
127 14
36 18
55 11
135 16
91 12
111 5
6 19
123 20
17 13
99 19
38 16
107 18
130 15
138 7
73 17
13 21
77 5
104 20
93 22
19 23
112 24
51 17
79 21
20 25
9 3
60 22
30 12
5 24
88 23
109 26
58 8
69 20
21 27
3 24
75 28
95 25
106 28
103 21
42 29
66 26
134 27
46 21
11 30
102 25
4 29
63 22
136 29
85 31
86 19
67 30
125 17
110 32
76 18
90 33
126 23
132 28
68 15
124 32
70 23
54 33
2 34
119 27
25 35
26 35
61 31
97 34
8 36
83 37
98 31
92 36
39 38
27 32
108 39
34 28
120 31
72 38
7 37
43 38
47 32
29 37
74 33
18 9
24 40
10 11
48 33
84 9
56 8
80 40
52 34
115 1
128 39
78 22
100 25
44 41
33 41
89 30
114 42
45 10
116 3
131 43
327 38
159 42
545 44
139 29
235 35
289 30
523 6
209 44
374 45
258 44
297 42
213 19
511 13
525 46
171 46
533 16
543 2
180 41
538 45
536 47
339 36
439 42
518 48
245 46
491 47
310 48
584 45
393 6
431 49
470 40
295 49
261 50
434 51
193 47
352 51
451 43
202 50
186 24
361 47
273 50
513 43
487 50
326 33
363 26
191 39
370 43
172 46
505 48
443 52
253 40
534 49
483 53
437 51
177 47
416 53
269 39
507 44
247 54
446 33
517 46
478 48
200 43
226 26
167 51
559 51
368 52
178 53
145 48
309 54
328 55
588 37
270 56
433 39
474 54
175 54
548 26
537 46
360 52
184 45
520 57
153 55
210 43
188 56
560 56
435 58
342 59
524 57
369 60
293 53
190 12
183 44
152 52
399 56
358 45
412 57
468 49
179 3
343 49
232 58
535 60
204 58
351 41
330 35
348 53
223 50
208 57
495 59
530 60
150 54
337 20
268 61
311 60
216 48
509 61
382 30
219 55
248 62
272 36
250 60
290 45
580 57
552 28
149 61
201 36
157 62
371 57
599 35
298 55
394 55
205 20
353 52
350 27
410 47
244 59
581 26
163 32
300 58
413 62
142 49
441 53
162 61
158 56
497 63
236 63
406 59
234 42
465 55
583 64
592 31
398 50
429 65
553 62
146 66
463 64
275 58
203 65
211 66
221 40
318 19
593 67
229 56
231 4
489 65
254 17
187 67
419 63
496 61
174 63
338 64
144 67
387 66
569 68
166 58
401 9
587 69
423 68
539 58
148 60
277 18
267 59
555 69
571 66
321 70
263 70
390 68
461 66
414 34
340 71
154 72
271 71
284 65
161 63
544 70
540 68
402 54
347 19
422 44
567 63
315 73
492 73
170 68
346 71
381 57
224 39
249 69
404 41
265 43
314 47
280 64
494 72
276 69
325 70
357 72
307 54
498 64
354 54
189 51
563 56
377 68
477 74
405 73
499 75
165 8
332 41
365 74
364 72
233 13
417 50
335 64
302 62
550 72
448 67
238 51
198 73
322 71
476 29
199 2
384 67
147 74
532 75
255 65
578 76
458 27
457 73
392 70
481 52
568 76
438 14
595 30
380 75
577 74
242 76
424 34
403 77
376 77
504 75
579 73
306 65
486 53
586 78
506 35
597 79
460 80
485 75
285 77
331 63
305 78
288 24
217 59
484 72
466 59
522 76
334 79
503 74
472 64
493 81
428 20
312 22
228 78
442 41
320 44
482 76
426 80
294 59
391 78
313 75
512 72
454 79
459 80
576 75
308 79
425 52
349 60
230 81
490 64
415 25
218 61
546 62
286 65
500 82
329 78
467 77
169 79
557 69
388 82
316 82
372 81
519 83
212 82
319 81
160 83
304 80
283 74
561 42
386 73
598 40
379 69
164 84
156 83
585 83
378 84
420 72
341 84
409 30
573 77
303 68
551 45
291 54
274 71
155 80
141 85
355 53
225 67
344 80
181 86
600 62
427 83
527 85
440 81
436 32
570 39
257 86
528 87
296 76
182 86
194 85
287 85
143 87
479 61
389 22
260 70
324 45
558 87
206 42
227 84
140 5
501 88
444 88
366 89
473 78
516 89
408 86
526 66
373 66
421 81
596 50
574 58
345 24
266 78
367 49
151 31
590 89
556 61
502 51
278 74
279 88
589 46
333 46
220 27
529 5
299 85
243 57
237 90
521 89
396 82
449 48
397 83
572 18
251 90
469 91
256 11
215 89
471 69
240 91
488 92
359 88
475 15
445 87
455 68
282 84
222 87
214 22
176 87
514 4
541 93
281 70
196 13
385 91
575 93
480 92
566 79
562 90
508 92
542 36
549 71
564 75
173 94
531 89
594 36
554 92
207 34
547 94
400 83
383 80
356 94
375 84
515 88
591 18
168 1
464 73
264 90
582 92
317 81
292 87
252 85
262 92
452 94
195 90
453 81
185 76
323 93
246 65
362 67
259 43
418 65
407 95
432 91
301 29
239 91
395 95
565 96
462 97
430 95
336 95
450 94
447 28
456 94
510 96
192 93
241 98
197 55
411 79

