600 195 161730 90 576 512
95 1
13 2
126 3
113 1
93 4
49 5
102 6
114 7
54 5
23 6
26 8
108 9
65 10
94 11
82 12
87 13
39 14
36 2
115 15
11 15
128 3
57 16
120 17
56 10
104 18
33 16
85 19
106 9
78 20
25 12
81 21
42 22
1 19
45 21
3 7
8 23
50 13
55 23
137 24
31 8
47 25
73 26
17 27
71 22
7 28
74 27
61 29
107 4
123 30
116 31
118 32
127 29
100 20
112 33
117 28
41 25
90 18
83 24
110 34
91 35
34 36
89 37
67 38
46 39
5 40
12 41
111 42
43 43
136 43
53 37
101 32
15 17
2 31
64 44
76 38
58 41
134 45
62 35
72 46
9 45
38 33
27 47
88 48
135 31
96 37
37 11
97 49
32 50
19 30
4 32
125 51
130 34
28 40
59 26
21 17
18 52
109 53
133 51
77 50
119 42
14 48
132 54
35 55
92 53
231 55
75 56
20 57
40 58
122 16
86 36
16 46
30 59
69 31
6 38
66 60
129 54
22 61
48 39
51 10
124 46
70 62
84 60
24 47
98 63
63 58
103 64
79 44
80 49
121 28
138 62
131 52
68 65
29 64
10 61
139 66
99 67
527 68
550 65
105 45
230 69
452 59
275 69
515 67
60 70
219 71
44 72
495 66
205 14
317 73
516 74
313 75
437 74
52 15
142 73
486 76
247 77
445 77
267 68
464 70
425 63
169 56
524 78
146 71
508 79
153 41
548 80
229 57
261 72
488 81
283 65
191 82
282 83
551 75
266 77
433 84
498 81
447 85
279 83
474 76
271 86
318 87
496 58
265 79
259 80
345 88
570 89
237 86
264 90
559 91
213 85
289 73
540 82
553 92
379 76
415 84
160 88
526 93
493 78
587 94
512 90
518 51
185 95
413 92
209 89
421 96
478 87
161 97
386 98
272 94
288 99
427 80
412 89
552 96
568 100
571 101
597 93
140 100
389 102
450 68
263 103
332 103
417 104
180 27
163 98
329 105
531 44
472 70
316 105
336 97
278 106
195 33
190 107
501 96
234 91
583 85
322 108
489 94
157 109
372 109
292 110
193 99
409 102
463 111
287 101
588 106
565 110
410 69
539 111
270 112
532 82
466 104
199 107
173 108
254 113
181 114
419 95
494 112
178 115
400 42
300 114
558 109
281 115
215 116
581 104
567 117
591 118
171 119
351 67
177 74
542 120
396 121
385 113
176 87
408 122
391 123
144 103
407 47
462 117
251 119
436 120
216 124
326 81
545 116
273 106
238 125
390 126
491 122
367 86
432 4
319 121
557 125
243 127
255 128
268 118
404 34
239 129
149 55
589 62
593 71
454 119
156 124
175 127
441 123
430 130
513 131
290 132
337 133
310 126
377 116
182 134
294 95
320 101
483 135
521 129
403 92
530 136
393 137
370 126
392 133
405 108
446 131
598 110
155 105
428 138
534 128
325 139
312 136
461 135
297 140
248 137
299 141
307 142
197 78
158 123
528 134
166 83
330 140
192 63
151 114
284 130
269 107
355 143
225 138
378 124
414 144
380 145
373 25
387 98
223 139
477 26
167 146
165 141
187 146
276 43
159 125
422 131
308 147
240 113
594 134
349 143
505 133
584 147
356 148
365 149
311 102
485 97
143 148
148 59
382 121
469 150
220 135
510 73
418 149
444 54
249 150
520 35
168 142
301 11
395 117
467 140
145 75
368 88
277 120
162 151
327 152
438 144
502 89
194 9
291 132
241 153
174 93
246 80
201 136
286 129
233 99
600 132
541 21
222 151
476 60
235 152
232 154
305 61
203 153
402 155
535 1
333 70
366 127
442 154
500 111
525 145
443 156
511 79
150 157
424 158
303 48
439 159
384 160
214 154
434 19
576 155
331 96
406 93
242 149
451 91
344 160
353 39
569 66
361 161
262 27
471 99
302 50
188 122
453 91
394 162
398 144
411 157
206 163
431 164
590 143
482 158
562 118
468 164
574 138
547 165
599 159
564 151
555 166
492 43
358 5
506 107
546 147
339 22
577 146
517 124
449 148
324 115
416 156
465 161
592 165
152 163
537 97
245 29
484 72
186 167
499 159
479 165
200 145
504 168
342 110
218 157
350 30
533 169
556 169
280 170
314 171
285 158
363 172
212 171
309 166
208 172
343 170
426 97
198 168
544 173
549 155
362 174
374 162
399 100
321 175
348 90
154 176
401 167
252 3
226 173
523 175
244 177
141 100
341 178
354 179
228 169
371 40
388 163
172 174
529 142
580 178
429 57
315 180
347 154
328 35
582 14
522 120
295 181
435 172
507 182
224 176
274 176
573 162
458 183
211 179
536 180
563 160
189 152
475 14
207 149
455 58
448 175
170 184
352 138
323 185
383 164
364 112
578 167
397 185
359 171
184 156
470 161
519 186
566 22
306 2
423 130
561 177
357 85
147 139
572 179
335 186
585 137
375 182
579 151
360 153
509 178
480 103
560 143
258 106
514 122
304 187
440 84
260 36
459 184
257 60
596 53
296 185
334 68
256 181
164 188
487 23
497 178
586 189
236 6
381 135
473 190
543 188
503 187
183 189
595 190
293 150
250 161
376 168
340 18
196 191
481 159
298 183
253 163
460 82
457 118
179 121
369 188
420 183
202 174
204 191
490 192
210 193
538 114
456 194
346 128
575 194
338 192
217 187
227 182
554 166
221 195

