600 54 71880 40 334 140
269 1
233 2
295 1
280 3
171 4
55 4
1 2
22 1
210 5
129 3
157 5
315 2
215 1
40 2
154 6
93 7
324 4
107 6
135 8
19 1
184 3
79 6
258 6
192 5
62 2
169 4
284 8
69 7
222 9
173 8
153 8
85 5
220 10
96 3
293 10
206 7
305 10
75 11
234 11
176 9
121 9
94 6
122 12
216 12
316 13
113 3
314 14
151 14
181 7
126 9
254 13
287 15
73 15
125 13
205 7
322 13
202 6
197 4
223 12
159 11
327 16
148 7
170 10
255 11
36 14
219 17
224 15
262 16
6 12
143 17
89 17
247 18
172 18
158 19
218 4
56 17
311 18
306 19
128 9
256 15
46 20
204 10
112 1
259 11
21 17
42 14
294 20
174 18
39 19
208 5
130 18
57 14
282 20
212 21
58 22
117 22
88 9
267 8
87 21
26 23
141 20
110 24
182 12
108 10
278 19
318 16
20 5
268 24
198 16
273 6
78 25
191 21
302 11
183 25
72 26
320 16
296 27
109 28
261 24
103 9
229 28
304 19
298 25
288 22
102 16
138 12
196 26
195 27
41 23
260 3
238 25
274 21
111 29
188 30
179 22
51 30
97 15
166 26
11 18
86 24
60 23
37 20
325 4
66 29
2 27
279 1
245 21
155 4
147 28
136 29
48 31
35 9
319 8
292 28
221 31
76 13
14 19
285 26
160 23
243 23
307 29
185 31
4 16
43 30
252 32
12 33
165 27
127 31
101 25
270 22
326 32
54 33
139 33
207 21
71 14
123 30
152 17
7 26
164 21
236 34
272 12
286 35
226 2
299 22
59 35
271 32
45 34
24 10
149 29
156 33
34 31
323 32
246 36
321 28
264 33
309 34
70 37
33 37
68 36
99 37
83 34
18 11
77 36
106 37
266 15
146 24
175 38
120 26
64 36
203 24
67 38
65 39
63 38
211 34
209 35
301 40
291 32
74 30
249 32
253 28
214 39
3 35
312 24
248 36
235 23
180 40
31 34
230 39
95 27
187 22
241 41
300 24
17 38
114 31
38 36
81 37
44 42
265 35
277 41
163 13
30 38
50 27
213 20
133 41
5 42
225 40
167 40
28 43
257 43
98 17
308 39
150 25
116 41
303 42
161 32
27 42
8 44
52 45
144 12
47 37
276 43
240 27
263 18
16 27
132 41
201 39
32 42
29 31
105 44
142 45
194 44
92 46
227 30
9 45
177 30
251 43
137 47
119 46
297 46
275 47
228 48
118 48
134 49
140 21
283 3
91 50
10 25
239 44
290 44
289 37
189 49
232 45
193 1
317 47
115 10
61 48
237 49
328 20
186 41
313 17
15 46
90 49
13 50
310 36
23 21
145 6
25 7
84 50
124 51
49 47
178 51
162 52
217 35
168 22
244 46
82 20
199 40
242 3
131 19
80 53
53 50
250 45
104 35
200 41
281 37
231 28
190 26
100 31
385 51
456 51
502 39
562 52
370 52
397 50
550 54
331 44
440 48
545 48
532 50
429 38
468 38
394 52
462 43
500 54
360 13
450 49
483 51
553 15
480 52
563 48
386 45
433 52
408 43
533 52
583 51
416 48
511 44
488 53
567 50
381 49
449 46
516 47
557 54
458 47
427 52
518 52
344 42
485 47
572 48
539 38
479 47
555 51
421 48
358 28
392 52
423 2
566 49
443 48
571 54
561 46
590 53
512 52
399 46
356 52
588 15
515 53
524 45
549 18
569 33
559 54
473 52
335 43
337 51
570 43
435 29
491 51
461 52
363 54
551 29
537 39
505 39
402 48
540 51
353 52
558 42
467 54
581 48
434 54
495 45
419 52
415 47
437 48
453 54
432 52
431 49
520 52
487 52
587 40
367 51
378 40
585 39
442 29
404 15
527 51
580 46
425 48
379 51
517 54
509 40
448 52
564 52
332 51
546 43
504 52
493 52
534 40
476 51
384 46
496 52
471 42
466 37
589 19
339 30
510 52
535 49
377 53
412 41
426 40
575 51
420 43
396 54
529 49
489 52
366 25
329 49
389 35
403 38
391 34
439 29
407 8
375 11
390 34
352 16
342 30
469 46
484 53
428 53
492 50
578 47
346 51
406 52
430 53
568 23
383 38
452 52
445 51
414 40
475 8
338 43
361 30
595 11
507 46
508 54
364 52
548 33
576 50
523 46
530 48
372 33
499 16
355 52
544 54
444 38
591 13
343 50
354 19
573 52
481 39
459 51
554 52
409 52
438 48
447 24
582 43
369 38
525 26
362 36
506 38
600 44
519 52
330 49
436 40
501 53
528 45
565 18
410 52
418 1
598 49
521 34
405 44
413 48
340 43
470 48
400 2
454 42
498 34
531 39
341 40
599 19
455 51
584 16
368 54
472 7
365 52
577 52
497 29
579 35
348 38
411 50
359 8
382 54
522 53
457 25
463 47
446 2
424 52
333 41
597 34
422 29
560 32
494 33
465 47
592 48
513 13
541 29
464 40
374 51
474 34
460 48
593 51
334 52
373 33
596 43
526 41
371 52
514 44
574 32
482 47
351 52
357 25
350 41
387 52
441 50
586 3
417 28
336 48
451 44
345 23
538 42
401 52
477 51
503 48
556 23
380 7
594 11
478 34
542 5
398 16
347 28
490 11
536 30
349 29
547 51
486 40
376 33
388 14
543 29
395 38
552 27
393 40

