1000 250 124500 0 249 249
902 1
523 1
419 1
111 1
308 2
926 2
558 2
464 3
613 3
691 4
744 5
495 4
135 2
976 3
961 4
210 3
73 4
145 5
8 6
21 7
240 8
707 6
477 5
48 9
786 5
645 7
335 6
858 6
140 10
222 11
70 12
918 7
906 8
409 7
193 13
578 8
461 8
768 9
96 14
190 15
172 16
589 9
115 17
243 18
149 19
780 10
74 20
11 21
267 9
562 10
748 11
132 22
729 12
743 13
866 11
634 14
481 10
159 23
907 12
217 24
269 11
292 12
467 13
83 25
209 26
296 14
84 27
811 13
389 15
879 14
651 15
951 15
55 28
239 29
620 16
143 30
586 17
194 31
349 16
112 32
508 18
404 17
297 18
289 19
486 20
542 19
874 16
261 21
378 22
331 23
981 17
760 18
993 19
512 20
357 24
636 21
704 22
899 20
774 21
211 33
778 22
502 23
532 24
551 25
835 23
597 26
271 25
726 27
94 34
912 24
784 25
550 28
321 26
520 29
475 27
569 30
908 26
937 27
971 28
789 29
878 30
49 35
823 31
583 31
638 32
117 36
492 28
580 33
699 34
929 32
341 29
893 33
965 34
494 30
13 37
860 35
202 38
553 35
447 31
819 36
571 36
538 37
674 38
330 32
200 39
921 37
617 39
480 33
559 40
856 38
516 41
98 40
406 34
226 41
63 42
787 39
900 40
808 41
746 42
130 43
264 35
924 42
363 36
309 37
886 43
244 44
568 43
229 45
273 38
978 44
351 39
158 46
2 47
128 48
894 45
334 40
802 46
215 49
324 41
220 50
20 51
828 47
854 48
253 42
975 49
227 52
671 44
903 50
555 45
219 53
560 46
688 47
487 43
655 48
584 49
797 51
414 44
118 54
700 50
959 52
88 55
539 51
187 56
119 57
590 52
658 53
803 53
403 45
427 46
566 54
623 55
266 47
957 54
301 48
882 55
281 49
329 50
930 56
945 57
593 56
541 57
705 58
815 58
960 59
791 60
64 58
453 51
167 59
233 60
160 61
327 52
948 61
352 53
44 62
801 62
431 54
402 55
665 59
36 63
386 56
728 60
525 61
47 64
325 57
535 62
181 65
570 63
71 66
150 67
123 68
125 69
232 70
279 58
198 71
434 59
585 64
333 60
557 65
759 63
761 64
781 65
752 66
436 61
82 72
738 66
439 62
677 67
342 63
869 67
53 73
656 68
30 74
248 75
737 69
917 68
662 70
40 76
231 77
249 78
673 71
643 72
970 69
234 79
785 70
114 80
397 64
933 71
426 65
591 73
14 81
245 82
814 72
564 74
60 83
757 73
51 84
197 85
490 66
916 74
380 67
654 75
421 68
848 75
339 69
212 86
500 70
401 71
518 76
77 87
567 77
855 76
157 88
859 77
973 78
600 78
650 79
928 79
952 80
868 81
359 72
627 80
370 73
372 74
798 82
639 81
134 89
565 82
980 83
641 83
173 90
783 84
935 85
441 75
413 76
851 86
9 91
962 87
883 88
888 89
626 84
864 90
319 77
678 85
687 86
418 78
201 92
838 91
794 92
572 87
540 88
712 89
137 93
657 90
79 94
880 93
242 95
1 96
772 94
839 95
293 79
275 80
120 97
967 96
849 97
579 91
87 98
861 98
230 99
895 99
755 100
675 92
716 93
85 100
323 81
608 94
466 82
364 83
931 101
350 84
54 101
484 85
863 102
601 95
754 103
598 96
161 102
986 104
207 103
399 86
767 105
741 97
284 87
846 106
618 98
277 88
59 104
285 89
317 90
847 107
611 99
390 91
842 108
628 100
685 101
106 105
809 109
800 110
1000 111
72 106
265 92
127 107
185 108
205 109
318 93
32 110
941 112
188 111
394 94
489 95
5 112
982 113
163 113
498 96
16 114
602 102
274 97
619 103
867 114
15 115
213 116
510 104
504 105
86 117
891 115
425 98
282 99
454 100
717 106
250 118
344 101
195 119
458 102
649 107
637 108
176 120
258 103
563 109
773 116
892 117
588 110
632 111
845 118
652 112
670 113
622 114
142 121
322 104
983 119
470 105
469 106
946 120
958 121
615 115
65 122
263 107
640 116
909 122
241 123
146 124
27 125
763 123
829 124
821 125
165 126
750 117
468 108
203 127
307 109
456 110
779 126
509 118
689 119
169 128
939 127
387 111
764 128
989 129
152 129
596 120
723 121
168 130
524 122
714 123
443 112
270 113
368 114
228 131
715 124
549 125
889 130
680 126
905 131
347 115
396 116
129 132
954 132
544 127
444 117
812 133
455 118
660 128
37 133
415 119
199 134
473 120
175 135
224 136
24 137
890 134
474 121
775 135
725 129
346 122
367 123
92 138
356 124
4 139
594 130
720 131
582 132
377 125
67 140
788 136
305 126
625 133
734 134
171 141
10 142
818 137
997 138
133 143
488 127
153 144
28 145
711 135
974 139
179 146
574 136
300 128
39 147
19 148
949 140
624 137
191 149
105 150
496 129
422 130
298 131
236 151
252 132
459 133
214 152
813 141
189 153
857 142
604 138
343 134
255 135
237 154
577 139
429 136
315 137
382 138
385 139
963 143
483 140
420 141
75 155
438 142
648 140
526 141
911 144
314 143
445 144
316 145
204 156
507 142
968 145
373 146
682 143
99 157
42 158
537 144
506 145
991 146
853 147
724 146
208 159
995 148
35 160
727 147
810 149
837 150
740 148
663 149
235 161
795 151
805 152
259 147
964 153
765 154
238 162
953 155
58 163
379 148
313 149
782 156
384 150
647 150
295 151
694 151
103 164
374 152
286 153
581 152
472 154
196 165
877 157
669 153
320 155
841 158
713 154
136 166
807 159
501 155
668 156
303 156
388 157
371 158
988 160
62 167
22 168
631 157
366 159
101 169
221 170
513 158
491 160
621 159
41 171
497 161
423 162
936 161
872 162
833 163
246 172
365 163
478 164
927 164
679 160
437 165
873 165
177 173
771 166
732 161
493 166
992 167
522 162
745 163
126 174
904 168
806 169
139 175
870 170
896 171
769 172
113 176
332 167
278 168
56 177
947 173
987 174
6 178
206 179
358 169
505 164
826 175
817 176
449 170
684 165
280 171
530 166
25 180
97 181
702 167
186 182
290 172
95 183
610 168
310 173
887 177
76 184
681 169
408 174
147 185
796 178
151 186
89 187
288 175
381 176
575 170
956 179
576 171
706 172
718 173
915 180
739 174
174 188
33 189
942 181
862 182
452 177
166 190
792 183
536 175
93 191
12 192
533 176
354 178
148 193
499 179
110 194
121 195
251 180
742 177
646 178
609 179
448 181
144 196
262 182
587 180
311 183
592 181
521 182
355 184
735 183
476 185
573 184
154 197
299 186
225 198
756 184
661 185
529 186
701 187
398 187
18 199
81 200
770 185
552 188
170 201
216 202
407 188
932 186
50 203
703 189
52 204
463 189
790 187
29 205
898 188
875 189
457 190
43 206
109 207
766 190
122 208
749 190
78 209
183 210
686 191
361 191
435 192
405 193
955 191
511 192
920 192
375 194
38 211
91 212
400 195
23 213
80 214
605 193
824 193
7 215
515 194
138 216
659 195
465 196
776 194
758 195
834 196
328 197
996 197
547 196
606 197
90 217
46 218
934 198
482 198
338 199
721 198
141 219
614 199
966 199
731 200
462 200
433 201
353 202
337 203
644 201
256 204
531 202
804 200
107 220
257 205
607 203
672 204
369 206
66 221
799 201
979 202
556 205
519 206
820 203
306 207
100 222
345 208
460 209
57 223
994 204
31 224
428 210
914 205
410 211
108 225
683 207
178 226
633 208
471 212
348 213
709 209
304 214
901 206
710 210
998 207
897 208
164 227
830 209
61 228
376 215
884 210
836 211
696 211
751 212
283 216
925 213
416 217
545 212
653 213
294 218
950 214
34 229
528 214
822 215
360 219
411 220
629 215
990 216
832 217
719 216
336 221
943 218
430 222
548 217
852 219
999 220
984 221
910 222
546 218
417 223
630 219
450 224
223 230
753 223
938 224
442 225
599 220
940 225
676 221
362 226
762 226
116 231
543 222
218 232
514 223
247 233
45 234
162 235
527 224
182 236
733 225
816 227
922 228
708 226
985 229
432 227
697 227
850 230
340 228
913 231
666 228
69 237
3 238
391 229
865 232
68 239
124 240
302 230
485 231
667 229
102 241
184 242
793 233
268 232
17 243
517 230
969 234
827 235
885 236
424 233
843 237
972 238
844 239
690 231
881 240
730 232
635 233
736 234
616 235
944 241
876 242
392 234
326 235
698 236
260 236
871 243
664 237
276 237
840 244
692 238
291 238
451 239
595 239
312 240
440 241
923 245
695 240
777 246
180 244
722 241
612 242
503 243
642 244
287 242
825 247
561 245
393 243
446 244
747 246
254 245
131 245
26 246
977 248
479 246
104 247
919 249
155 248
412 247
395 248
156 249
272 249
693 247
554 248
603 249
534 250
831 250
383 250
192 250

