1000 375 171375 0 374 374
215 1
290 2
549 1
324 3
39 4
495 2
313 5
204 6
520 3
690 4
390 5
285 7
557 6
152 8
201 9
228 10
91 11
603 7
739 8
11 12
397 9
133 13
448 10
213 14
70 15
52 16
423 11
33 17
592 12
420 13
134 18
522 14
676 15
191 19
88 20
77 21
706 16
346 22
594 17
430 18
154 23
73 24
352 25
42 26
226 27
573 19
199 28
96 29
311 30
452 20
78 31
391 21
177 32
147 33
424 22
745 23
193 34
735 24
545 25
465 26
628 27
695 28
149 35
72 36
664 29
451 30
478 31
322 37
236 38
562 32
284 39
230 40
506 33
325 41
647 34
609 35
396 36
83 42
17 43
112 44
168 45
15 46
401 37
14 47
502 38
60 48
197 49
129 50
357 51
570 39
680 40
671 41
90 52
98 53
588 42
626 43
610 44
433 45
118 54
298 55
362 56
121 57
12 58
94 59
389 46
675 47
493 48
114 60
617 49
473 50
374 61
713 51
274 62
443 52
299 63
498 53
223 64
611 54
246 65
250 66
490 55
28 67
109 68
504 56
619 57
336 69
499 58
232 70
48 71
27 72
231 73
532 59
644 60
84 74
527 61
172 75
189 76
111 77
18 78
122 79
445 62
729 63
574 64
335 80
704 65
749 66
535 67
541 68
171 81
724 69
692 70
176 82
554 71
269 83
253 84
287 85
29 86
40 87
517 72
648 73
130 88
409 74
291 89
237 90
198 91
97 92
698 75
511 76
144 93
598 77
188 94
326 95
649 78
612 79
31 96
672 80
476 81
687 82
719 83
354 97
370 98
337 99
485 84
252 100
658 85
332 101
32 102
446 86
10 103
350 104
136 105
635 87
514 88
585 89
50 106
481 90
186 107
746 91
36 108
238 109
738 92
351 110
87 111
302 112
164 113
730 93
742 94
22 114
472 95
305 115
428 96
582 97
372 116
599 98
340 117
102 118
123 119
608 99
158 120
192 121
497 100
435 101
312 122
708 102
301 123
249 124
392 103
543 104
2 125
234 126
56 127
457 105
503 106
646 107
512 108
288 128
475 109
466 110
125 129
540 111
551 112
229 130
49 131
546 113
63 132
618 114
132 133
597 115
110 134
175 135
458 116
361 136
536 117
66 137
529 118
627 119
496 120
733 121
518 122
596 123
166 138
143 139
54 140
69 141
491 124
116 142
715 125
449 126
169 143
468 127
632 128
345 144
577 129
441 130
584 131
483 132
539 133
576 134
537 135
221 145
212 146
131 147
383 136
366 148
630 137
431 138
359 149
126 150
400 139
1 151
651 140
462 141
76 152
37 153
187 154
244 155
561 142
292 156
375 157
117 158
150 159
691 143
725 144
579 145
482 146
262 160
744 147
163 161
75 162
243 163
179 164
321 165
394 148
261 166
712 149
282 167
631 150
571 151
607 152
26 168
93 169
209 170
219 171
380 153
155 172
85 173
726 154
268 174
636 155
575 156
170 175
371 176
314 177
153 178
416 157
683 158
81 179
741 159
254 180
6 181
276 182
309 183
86 184
135 185
103 186
436 160
113 187
633 161
225 188
550 162
300 189
728 163
178 190
703 164
330 191
711 165
384 166
65 192
323 193
418 167
257 194
195 195
531 168
145 196
220 197
565 169
331 198
233 199
426 170
182 200
494 171
327 201
463 172
507 173
560 174
469 175
413 176
47 202
162 203
74 204
525 177
437 178
637 179
595 180
613 181
513 182
718 183
639 184
666 185
411 186
510 187
655 188
128 205
580 189
53 206
95 207
681 190
82 208
438 191
174 209
267 210
583 192
699 193
450 194
656 195
99 211
251 212
342 213
92 214
148 215
602 196
654 197
264 216
185 217
505 198
242 218
678 199
307 219
286 220
425 200
184 221
379 201
142 222
668 202
200 223
659 203
705 204
245 224
492 205
271 225
124 226
151 227
34 228
46 229
289 230
329 231
303 232
385 206
387 207
296 233
586 208
139 234
263 235
722 209
403 210
621 211
365 236
146 237
455 212
634 213
402 214
702 215
556 216
663 217
422 218
279 238
444 219
239 239
548 220
161 240
247 241
43 242
353 243
344 244
750 221
4 245
563 222
439 223
181 246
673 224
378 225
590 226
377 227
716 228
68 247
693 229
471 230
265 248
21 249
218 250
266 251
104 252
159 253
203 254
105 255
731 231
415 232
35 256
217 257
748 233
38 258
235 259
638 234
480 235
587 236
57 260
555 237
640 238
381 239
593 240
79 261
58 262
294 263
382 241
660 242
356 264
255 265
688 243
567 244
700 245
533 246
682 247
601 248
51 266
459 249
417 250
434 251
542 252
71 267
412 253
308 268
661 254
720 255
674 256
227 269
652 257
684 258
665 259
500 260
240 270
24 271
25 272
544 261
318 273
710 262
207 274
645 263
222 275
643 264
406 265
642 266
339 276
59 277
641 267
315 278
569 268
743 269
120 279
519 270
157 280
317 281
115 282
373 283
119 284
376 271
568 272
141 285
581 273
432 274
591 275
100 286
367 287
137 288
509 276
41 289
734 277
398 278
578 279
558 280
360 290
395 281
348 291
723 282
689 283
470 284
629 285
62 292
717 286
662 287
461 288
358 293
328 294
737 289
516 290
747 291
408 292
701 293
30 295
547 294
707 295
156 296
736 296
278 297
9 298
606 297
489 298
180 299
338 300
677 299
173 301
320 302
474 300
270 303
280 304
615 301
140 305
524 302
190 306
334 307
260 308
349 309
669 303
283 310
453 304
657 305
306 311
614 306
167 312
530 307
341 313
650 308
696 309
616 310
23 314
214 315
559 311
721 312
405 313
272 316
477 314
460 315
319 317
64 318
572 316
5 319
61 320
67 321
429 317
625 318
106 322
624 319
196 323
206 324
670 320
208 325
273 326
256 327
440 321
732 322
13 328
297 329
295 330
44 331
248 332
622 323
19 333
566 324
604 325
467 326
709 327
697 328
589 329
386 330
388 331
293 334
623 332
224 335
484 333
20 336
526 334
347 337
552 335
316 338
277 339
620 336
454 337
447 338
419 339
165 340
202 341
343 342
363 343
259 344
486 340
205 345
275 346
534 341
456 342
304 347
464 343
368 348
211 349
515 344
369 350
685 345
694 346
55 351
399 347
488 348
241 352
487 349
442 350
564 351
210 353
667 352
8 354
600 353
686 354
528 355
727 356
653 357
355 355
45 356
310 357
127 358
538 358
714 359
414 360
364 359
553 361
80 360
508 362
16 361
7 362
404 363
393 364
427 365
523 366
160 363
501 367
740 368
407 369
101 364
89 365
479 370
107 366
521 371
333 367
108 368
138 369
679 372
258 370
3 371
194 372
605 373
421 374
410 375
281 373
183 374
216 375
936 1
909 2
953 3
976 4
808 5
920 6
792 7
833 8
937 9
887 10
902 11
879 12
987 13
791 14
810 15
880 16
900 17
757 18
827 19
898 20
932 21
884 22
815 23
940 24
809 25
994 26
921 27
819 28
924 29
882 30
1000 31
965 32
846 33
889 34
941 35
986 36
853 37
993 38
927 39
837 40
870 41
764 42
789 43
858 44
970 45
973 46
856 47
893 48
783 49
774 50
787 51
803 52
990 53
752 54
847 55
894 56
844 57
868 58
834 59
864 60
930 61
826 62
943 63
795 64
859 65
962 66
939 67
790 68
780 69
896 70
892 71
822 72
804 73
926 74
807 75
824 76
899 77
820 78
772 79
966 80
851 81
913 82
984 83
996 84
755 85
788 86
794 87
813 88
964 89
831 90
800 91
754 92
852 93
758 94
841 95
919 96
910 97
991 98
934 99
897 100
753 101
908 102
779 103
854 104
786 105
836 106
946 107
949 108
931 109
775 110
888 111
903 112
801 113
874 114
761 115
954 116
883 117
799 118
838 119
917 120
782 121
912 122
881 123
763 124
821 125
877 126
918 127
985 128
842 129
812 130
857 131
992 132
944 133
929 134
863 135
971 136
760 137
983 138
873 139
839 140
961 141
817 142
906 143
999 144
825 145
875 146
771 147
845 148
776 149
828 150
890 151
923 152
956 153
765 154
798 155
871 156
997 157
916 158
886 159
835 160
942 161
832 162
951 163
978 164
979 165
816 166
770 167
784 168
972 169
904 170
998 171
957 172
935 173
805 174
830 175
766 176
862 177
848 178
829 179
781 180
855 181
948 182
867 183
793 184
762 185
751 186
843 187
756 188
974 189
950 190
860 191
796 192
872 193
885 194
933 195
806 196
823 197
865 198
818 199
988 200
914 201
959 202
928 203
911 204
989 205
861 206
849 207
977 208
982 209
905 210
960 211
975 212
981 213
876 214
878 215
955 216
797 217
850 218
958 219
969 220
759 221
967 222
773 223
907 224
995 225
938 226
925 227
778 228
980 229
947 230
769 231
963 232
814 233
767 234
915 235
945 236
811 237
968 238
840 239
895 240
768 241
869 242
901 243
785 244
891 245
922 246
952 247
802 248
777 249
866 250

