50
-0.6489975691095613
-0.23246677500055785
1.1417059316323412
0.7483623752314704
-0.19503521543397906
0.23084474809727318
-1.099810760627665
-0.16523622725093093
0.3116324465076902
0.6066638505674165
-0.06112461654581793
-0.31925356427604457
-0.5295932695646016
-0.14995059270571834
-0.2551888431433498
0.8761926602896166
-0.14714799431889047
0.1495875139349654
-0.2642963946652897
0.404652881603595
-0.4075184905103386
0.3293982254702583
0.3512368766858591
-0.8593075685658853
0.13492990073230018
-0.17656370492725554
0.36592696712818173
-0.45241174651108296
-0.16707051031988263
-0.4227265496109923
0.17804080911147113
0.4768126692504901
0.3869858190519605
0.763631428676888
0.7467359903978108
0.16105396417904266
0.29545880680729575
-0.2813689359728913
-0.2417737754841341
0.046104194305385926
0.024137582324818566
-0.17176668970510955
0.2892574348479933
-0.7596082206848891
0.03017440210421532
0.4507224707387495
0.47117526166385243
-3.244283116133201E-4
-0.05389989053416443
-0.3738438706591315

5.427180620633406E-12
