80
0.00000271525078
0.00000481339911
0.00000296209176
-0.99999148398619
-0.99999160740668
0.00000259183029
1.00000752864989
1.00000382603519
0.00001024390067
0.00000296209176
-0.99999716132873
1.00000789891136
1.00000283867127
1.00000962679822
1.00000580076303
0.00000049368196
-0.99999160740668
0.00000506024009
0.00000913311626
0.00000296209176
1.00000394945568
0.00000666470646
0.00000444313764
-0.99999432265746
1.00000863943430
0.00000617102450
1.00000703496793
0.00000456655813
1.00001024390067
0.00000049368196
0.00000197472784
1.00000012342049
0.00000987363920
0.00000111078441
1.00000419629666
1.00000629444499
0.00000370261470
0.00000826917283
-0.99999925947706
0.00001049074165
0.00000666470646
-0.99998815163296
1.00001098442361
0.00000431971715
1.00000160446637
1.00000975021871
-0.99999827211314
0.00000481339911
1.00000826917283
1.00000308551225
0.00000975021871
0.00001147810557
1.00000506024009
0.00001197178753
-0.99999642080579
0.00000135762539
0.00000049368196
-0.99999407581648
-0.99999876579510
-0.99999728474922
1.00000283867127
-0.99999839553363
0.00000604760401
-0.99999642080579
1.00000555392205
1.00001024390067
1.00001209520802
-0.99999123714521
0.00000345577372
0.00000962679822
0.00001061416214
0.00000333235323
1.00000407287617
-0.99999210108864
1.00000851601381
1.00000592418352
0.00000357919421
1.00000678812695
-0.99998815163296
-0.99999950631804

2.85415697231255214E-13
