100
-0.9570207337945948
1.516352597946442
0.870419105936207
1.503898659962371
-1.6058965596223542
-1.0664163371995583
0.3157786856394633
0.8988500812147705
-0.8477511765775302
0.15654354017801322
-1.3792560459109882
0.5955102323162994
1.04399615063018
-1.1590491275893413
1.131892282062441
-0.5064726032307065
-0.4583923765085359
0.5227277397892571
2.1899623825532397
1.0239551690257795
-1.713316239824994
-0.24868564615721384
-1.3255646366660956
-0.779655237181432
-0.358374717694069
-0.22589953995815473
-0.40289918907275596
0.543486812308168
0.10396924214896676
-1.1623124920475114
-0.5023943276642254
-0.043177717445035735
1.8968126670143477
0.7711484434469075
-0.3228552013619779
0.5970669528588665
0.6100163138415338
-0.48862729634451246
1.577552361206174
0.4411581402951471
-0.4122636558304864
0.18531275973942193
-0.787723688550042
-2.27020894384992
-0.16918292262950263
-0.46742629718848255
1.2516316565239196
-0.6498289837045534
-0.06758496666116409
-1.2991108921611272
0.38919893523611726
-0.8771246507503395
-0.9079229144555002
-0.14637833121490296
-1.1617516954841383
0.49803440380618014
0.9863579086893706
-1.0887809756414204
-1.591700225352592
-0.9821975789425925
1.2452432313860213
-1.623387848461409
-0.4512661916579408
0.06532493483286544
-1.3309876882525484
0.11213863134335822
0.40748495553630215
-0.22468526842225484
1.14539467500732
0.9915537232775469
-0.2965881700653539
1.3305917349614684
-1.4121441643917527
-0.6761401843679286
1.3589815001559984
0.988776390794534
0.8188824185521676
2.369640141766472
2.518396657583522
-0.3553811757976769
0.04794675458640635
0.9259824760192465
-0.6853859964729938
-0.839498368147587
-1.1581375956476039
0.6169307174980965
-0.4129152533450029
-0.04711003490343456
-0.27397494218107554
-0.03573256031447924
-0.21897425679512444
-0.2479661067075039
0.42367647323353747
-0.35593506504094646
0.6645417086350331
-1.104002330642926
0.3600842226693718
1.5864759873214611
0.21529954615038863
0.8486282366458868

3.8663626670598115E-10
