200
1.497602462445074
-1.596389827981661
-0.01592137982860793
0.6488345326175324
0.01093999777450716
-0.7144362873249999
-0.012074251187536508
-1.2963936388589508
0.8865466006539414
-1.058014898535346
0.0806093061431365
0.755210681081888
-0.5057311241950178
-1.4011686272026218
1.5878868239033852
-0.7793063020252702
-0.7859163479272298
-1.1583788666115684
-0.839231978552639
0.4053772839433757
-0.0514974515159852
0.30909842097873563
0.5030424333944212
0.5625580083003469
0.21133988513826774
1.3411156276606515
1.0715409080670633
-1.601215516389622
0.07446378213818658
1.5966507265403587
1.4425686007985938
-0.9085224177692925
2.301520443219572
-1.4276815038712292
-1.9099878036300095
0.34440639601404643
0.564296690135987
0.8796316242512161
-1.556516649203351
0.7839575922722863
-0.2440099321270963
-0.45696645400524444
0.11847882517140959
-1.6431502032458796
-0.6033202423704018
-1.2506187116926075
-0.9511055103699312
-0.19033983240695357
-0.34943990991013096
0.40505986538371874
-1.0129745403450492
2.0222051442719446
-0.21411839665391413
1.9839260477416611
2.1203578955317055
-0.36078132223716425
-0.47444178712197743
0.07820771029786584
-0.7229112674855722
0.12760949720051512
-1.0372774177065642
-0.8234571353057022
-0.7861990876012248
1.550035019302591
1.3404597912864384
-0.21748088766980012
0.020533478898135542
-1.013306271238359
0.29044712420464414
0.6654630784085264
0.8978908763312541
-1.892807906103907
1.144525364771479
-0.5087319574782552
1.2608092975072966
0.33751030109815644
0.9610649512615967
-0.1740932277576372
0.1268125606291819
1.488921870909894
0.4995194585770548
0.2598882104981606
-1.4348682477988113
1.2070466569556884
0.8535299863046755
0.7414031760905371
-0.48017575984963434
2.1216291141909744
-0.07749559869495294
-1.9077952518984105
0.06213881273494912
0.967423514271406
-0.6807702233207659
-1.9936209038936448
2.734886181161418
0.29817947098687014
-1.0790920513664826
0.34193098262294014
0.14060796281357385
1.2677920853542102
-1.566896081679437
0.7503101547548419
0.029570812847533212
-1.2367271948089353
-0.07516777297855778
-0.2942725042283009
0.4763573158284723
-0.05836442786979825
0.16709860355947043
-0.29617908815916955
0.4478516311790419
1.7685124979065774
0.6611071211621754
0.8103383456702948
-0.18590456037717312
-0.905360799257525
-0.003119489260205491
-0.2893925735182174
0.09842468849440365
-0.7763836810324019
-0.27748590249192645
-0.9043048382379466
0.2768450178303993
-0.9942918658480768
-0.8467002455406404
-1.4990856599874332
1.0834317905573017
-1.8561765466833644
-1.7930382867629138
1.6658755628248358
-0.09605632554039065
0.11375745596982434
-0.9672942393894544
-1.0620973686525805
0.12707456491222538
-0.9154024193342127
0.8106198022368283
1.9292605217207726
0.34490129673508124
0.21814161492501188
1.0715971756632834
-0.858643560353663
-0.006993415830230484
-0.5907213557180233
0.06135146213573062
-1.0234452873355824
-0.16139565883368306
0.0018809040244828178
0.36648168943715975
0.8903742864478439
-0.839715764763685
-0.5807142484006683
0.1985244731784397
1.6595233605489093
0.36434014197060505
0.6551906683415841
-0.5730278407337007
0.0051824830618664025
0.38722607432746875
0.7168655066065082
-0.31404838767549564
-0.23895037616360942
1.0056486408603118
-1.5749092562363887
0.30740383824897793
2.4636169304845263
-2.4486258282795297
-2.2898967059667776
0.8863418911994851
0.1304472554711852
-0.6557199743058395
-1.668590669266845
-0.21324639310838184
2.4252845713301454
-0.6953155991134751
1.4339253249964172
-0.07235746802030511
-2.099059306784055
-1.1025262686071124
0.38868989687026767
-0.7932344750246186
0.35497088040257085
-0.10635893956400885
0.915452458944945
0.9743299018059602
0.6249954533809993
-2.171078463843589
-0.7675764484816248
0.1142330061171069
0.16152953949172671
0.38208842997748804
-0.18778110678475765
1.3347153966755014
-0.7689442738946565
1.3996139725886616
0.2826505664062265
-0.5478312775677138
0.29546426899525413
-0.20497215582332176
0.5905046519548521

2.370926152120227E-8
