300
17.16829055788588
3.1799443628087665
18.79911952496145
18.13654402316169
0.5187737845271894
-12.808436712243015
8.832228255578373
8.819619880373853
12.52932317396734
-7.632179640568662
-9.73662079455736
4.1632737175628645
6.108147603031143
-15.427653706029902
17.065027757931734
-6.264347147913475
0.5645547498943918
2.2016614582331004
1.3255657249196116
1.0200288160861388
24.405332203236622
-2.5687327858302176
4.872534365653353
-5.1295430623100975
-3.413748631426368
-24.56105495103676
-5.498816118416038
-6.296145593221303
5.490922412119106
-8.327111239630486
13.71869798230094
-7.219015711904467
-12.638303397217857
4.216347771182059
-2.2747262829462533
0.4819441513589936
-11.250763787875657
-2.379828595032897
-4.884508762478456
8.317970825476491
14.913045473490055
6.914687183080309
1.5133738841237727
-7.598775435434745
-2.7529696648529516
1.3601738385146063
7.076366178672576
-5.719794216016393
-13.75124604854601
-8.338743056509736
-10.517524490761355
4.075075008236304
0.37127488564935685
15.5856659619097
-17.67945741995701
-7.697827960594904
-16.418787936132624
40.323984131677406
-6.237361968582914
5.480305825179978
-9.054061311197943
-17.85645136108434
2.8251207061702095
2.118571114102352
9.80461221163709
-7.258259519732357
-5.388929228905785
-15.018582931908073
-5.828446372978994
-23.418023879281954
-5.99397266822665
-9.226903511456493
9.559265915309636
-21.423538383365283
-24.22761355357923
0.9353100902967222
5.678526345826379
-3.6723780777127226
-3.4194181130284105
11.214259754440866
14.597783402274175
-7.519392302654037
18.51318427807782
-13.871527555029308
17.870910510074193
5.220241180322133
12.699423153195852
4.403868133077525
11.256940507046814
-6.612286451311094
3.8020657689873905
6.142338889137542
0.252054103930772
-8.9432282856658
-2.24134539906889
4.913777293346217
-21.61443993861926
4.504831017983064
-12.727641796775949
14.477966685957604
21.170001337989227
-5.478072185714256
19.919617687825244
-2.3255411094020864
-19.41253497120306
-10.585987969327636
-2.234415260871529
5.933013600067355
11.172306543396296
15.31071069568951
12.942132542314528
8.615591058522174
6.468613192222451
-7.391922087322586
3.999040500932568
-12.334356999879546
1.6583820957535316
1.039660832147007
4.293945691161473
-0.3935358548760763
5.309064009011422
-15.620795468310124
14.531177686678486
-20.271082461283026
-28.748299006376005
-22.99678922891075
3.168111126692719
-3.0222575259243865
19.369224043910563
-7.549050493681612
-4.637137007537289
8.139106354211918
-1.3359068116777661
-1.5100245377900863
6.512128260862724
-13.723611866965477
-26.78758480864077
1.79500259153567
-20.880109371513353
-2.1966761294620167
-21.138317920636204
9.042913513707282
-9.626024545735598
4.044334543128385
-1.7399881122019245
9.469503330474138
11.749981989971808
15.502177126801142
13.207821148634745
-6.502131452551033
-15.396986698962348
-23.924166625802748
-9.96525050381857
-1.3768606954734655
-0.9157099099088992
2.032465743422045
13.270451738033398
3.4275230114481845
-9.228027575648824
-27.32926876240184
20.377223083948465
6.614235072970752
-17.217530871435294
8.935368979107372
-3.2569342972789466
-20.343196302556862
-12.354510742095062
32.05522689964139
-5.171177235778625
12.226661769301446
-32.227540800761204
2.3580811564561186
-24.38306908197569
-0.8230081040750751
-7.994131592208166
7.4661421766351195
-9.850889519127392
-1.1750977573485775
3.8129566289638355
-2.458712797557696
-7.792782451109427
-17.413193912276707
7.7548519592208125
-16.14077820711076
-25.87273598015023
-0.5266345763823699
-5.465034479262611
-6.069795787782357
11.750620297770752
-4.883968801033206
3.3662705086082783
15.874153511470588
12.143615830561762
-15.562875662236841
-19.560636674944977
8.016237427081537
6.931618797444464
4.147995638299359
0.31940404671856265
1.0275528636592546
-8.415108971141034
16.440511983883912
2.8207512909254993
7.204758470207555
22.471426805246992
7.640099164222354
8.907869291702696
7.444933251255236
-12.638874970091083
2.221545780108761
-14.280724839806373
-9.460378131851622
17.912877177888262
-24.707919979710166
4.256744529458899
-3.814500224958132
18.455379520735093
-14.393852540706222
-31.077539145090217
7.113484116610002
-12.404646638081909
16.57933296678513
5.259281996383498
-6.540884428278056
-14.951148359987753
-7.687758383437168
3.9227535697998146
19.170842309853253
18.59597756324832
-6.933165665292906
18.764785743570254
-15.566109764795613
-5.800337187405507
32.06326298365342
1.4586384650917643
-6.661789923230091
10.14602959623746
7.206402538728493
-6.946380915546664
13.599557564410508
-22.147452700123452
2.8867219202731276
2.888301979867378
9.613428299214597
-11.613785139763092
-0.28369342492082467
24.920185446911535
-0.964590873940965
-16.5270604473469
39.19475412346467
11.170607649586959
-11.258916194934457
-12.813989166375256
11.100629425074779
-9.069988770205565
6.553561566583079
-3.381133279460799
16.981675356667886
0.8329259167291528
8.535895267901479
-5.207090417287029
-6.473401898524539
-1.7548651508258157
22.0444017591893
-22.443737192458933
19.444588450208837
8.17601862099852
-3.93595196683228
-14.465599454905654
25.85774158255859
-5.4376031010045605
10.458647705487527
22.729497400733663
3.6037637045452313
17.625025127895235
4.6691908251289735
11.585787796263615
-7.519567411086108
6.338405659429766
-5.184205008782924
-9.097069415277769
-17.29909345710588
-1.795526744804122
10.29700663787744
3.8296837060197477
21.696297377741523
32.32282327625064
8.984786826753334
6.083155093926215
24.18045578459527
15.741829525042924
17.820307248542942
-12.254054389822919
-1.931427308173194
-18.296288455989117
-4.276833718234148
-13.193245767472046
2.3431859400647874
-15.757246829039094
-2.9875447005975544

1.497547126539648E-8
