500
-0.1551844708135547
-0.01597358012454564
0.3852093665850679
-0.09241505665363088
-0.3030744075381122
0.2401635562340386
-0.4149630450797568
-0.020388073718983483
0.5189872311796395
0.06154565448130342
-0.13886474887894246
0.5066839680676068
0.3305630540855481
0.999035560287559
0.3677091398383918
-0.07280911138917666
0.605873775875553
-0.190478939225114
0.14740452696885883
0.14609960343240197
0.09898591403069001
0.16159053618862984
-0.5571164161076311
-0.3589055422801432
-0.09517906059173448
0.07228643320906679
-0.09368070642360762
0.376930309372952
-0.6327419242292565
-0.283371297601792
-0.04488343421866758
0.1416559932252312
-0.03739877071783515
0.8602493576327479
0.8324391530078016
-0.17358370353315689
0.10170179976459442
0.09565504698320884
0.5862993689309086
0.27361630345563337
0.28376024332197053
0.21161184991533513
-0.019874437388461383
0.59472998658613
0.36801092129029794
0.378672667396701
-0.6522478899668651
0.8598202078066318
0.28717784848282896
0.019464505388537445
-0.004436726574333125
-0.09104345258840016
0.6943691030800786
1.2998911278685874
0.05882740954263768
-0.8570403957660822
0.3341658276286956
-0.10364850517648944
-0.22961412983387852
-0.311662700400285
0.09680931005102608
0.2410498503385532
-0.09253837128092254
0.35893189054816804
-0.27583140861655053
-0.31064730680387487
-0.31143754628707976
0.02204556781095071
-0.5627136471724644
1.295865449256908
0.2506700251345717
-0.5256505706570888
-0.44177739472078986
0.28193077067649575
-0.7926595738212371
-0.3949328641791875
0.25979518515942635
0.21338926931323776
-0.031164433807936355
-0.14034917361043456
0.6735445268239695
0.6020292588038432
-6.149521150664167E-4
-0.29347967402412456
-0.38213521559780655
0.3416809884965109
0.15344908698209955
0.5918167214369177
-0.47393016181690856
-0.4120828338108542
-0.2813432682317023
-0.2998896948777319
-0.12072907882517074
0.13808541646177683
-0.4780811509795766
-0.3772899699260267
0.0929229349759444
0.3769822901158082
-0.6147808870211957
0.021318262046405797
0.21389576183261136
-0.046287365573554395
0.189021229331702
0.2710590310731467
0.10405817742991799
-0.1483287415488243
-0.10671037536472494
-0.08450513206788904
0.3111342702053265
-0.2912550737308716
-0.4636124074653766
-0.5422084625318572
0.11045067400968102
0.13956584548058323
0.5147075291517904
-0.5633639449183834
-0.4050282338359792
-0.7016984917515314
1.518654629784916
0.0886720192957845
0.6497156704513511
-0.911488057949963
-0.08666669441194531
0.29427847667898915
0.41187093470093183
-0.1715770923531179
-0.3594217052415766
0.06701813013296243
0.24697712550584575
-0.23214860284173164
0.4923191530023267
0.24620022236438044
0.6038805439354707
-0.5721381751535517
0.4995484656345916
0.6513862852097976
-0.2142570125628954
0.1246816702068691
-0.7391838414939104
-0.12556356642673522
0.6977174333121798
-0.02396173393647526
-0.2749932830024625
-0.10086294629903195
-0.1480553296392841
-0.5875798565795491
-1.2277663072134457
0.03163860775695679
-0.42653056644481524
-0.4499275710496257
0.3073744580970337
0.07367119017815714
0.027720918748034958
0.6387000264291016
1.0080539133894275
0.2302985471295711
0.7269676628621751
-0.4304250489325817
-0.5007024832834455
-0.2749728557827793
0.0829180184479941
0.7825375995992406
-0.5732472925490072
0.4785199952588885
0.3767512486277005
0.329178475390733
0.0391451677744688
1.1156160879952295
-0.04907738547166435
-0.13252500559806038
-0.45611153037535423
0.5376716557986291
0.5964845947989106
-0.4043318664541601
-0.020658309732035196
0.49974130558270624
-0.04448857870476554
-0.9797559438935319
-0.1688885160462022
-0.02169729436476804
0.6828127036134704
0.5296026080128174
-0.07761282356205083
-0.0570813144544118
0.28641646314803143
0.35654001386612055
0.17897634404918958
0.05721581342809312
0.12336963052164704
-0.4558586099242653
-0.2982516841294052
-0.28895440439429476
0.1532794178620473
-0.27883414411492047
0.13120654950508512
-0.30060133606782313
-0.0609254752165139
-0.13598545924035987
0.20513945528943106
-0.23789605061842573
-0.04132638881622703
-0.20779972502753877
0.6427286442182403
0.4920123409982972
0.16750990068136196
-0.18746276650706173
-0.44730201510815615
-0.07443138680509767
-0.3124482759586735
-0.27137780873332396
0.09854461991999452
-0.18455011824175924
0.42995997385767754
-0.07174802247354432
-0.6091495478623816
0.08608962660597626
0.1470026130313572
0.23099620688613892
-0.46474699623693355
-0.016033380306757102
-0.3529760797787337
0.5264071868370167
-0.09399640848491689
-0.08714900475280596
0.0508238482345882
0.18852692710644542
0.5059463031557432
0.08783900391713001
-0.7570716469253106
-0.7027510816374202
-0.22533121441846643
-0.292476599458523
0.10088504241942267
-0.005041095960492126
0.18110579692835965
-0.21971371235906417
-0.9945287603099784
0.06802120630716124
0.8902698455012209
0.5799670778083066
-0.2143567580910433
-0.19199191142740155
-0.23272320944431815
0.5875763778870825
0.6013645784544758
-0.4029392972148341
-0.7308248716652493
-0.4589558173717218
-0.17487355653785217
0.1694244172892324
0.010517467733299313
-0.15275977054466733
0.20160150216290496
-0.3988550754464364
-0.112859466508544
-0.28958466593098275
-0.39867373606409023
0.15308242782924872
-0.5478326977981677
-0.10100323462536617
0.6683033603252128
-0.14813183910450667
0.15946976100655483
-0.1314411563333645
0.5209009076708043
-0.3269805216817351
-0.07626310021832877
0.2509376863693466
0.37910562288433125
0.7518511858535759
-0.30593170033351147
-0.44043400869357285
-0.7042482009942295
1.0570038362969676
-0.09066548185569402
0.13890342532289013
-0.5178645410853118
-0.44038225462679537
0.6065157582652022
-0.32627521108101126
-0.094787534161788
0.5170942635639098
-0.3994431822128417
-0.3580739744627726
-0.18460961294679223
-0.11955604049115437
-0.0822351840072456
-0.730914662152704
-0.6464683255252968
-0.07993730649366881
-0.5306539717845149
0.09086942276991697
0.075434254917874
0.4304156769572306
-0.11317742336578474
-0.6849811959807863
0.678076075510964
0.4690016002364545
-0.5633211156005759
0.8080830815820605
0.3054393616791698
0.05221200023473159
-0.02556942265452951
-0.9365129065107604
-0.044581055236887504
-0.019353726536243204
0.038984046154229485
-0.20915002688325413
0.6379832566256715
0.1000292768684952
0.7838738968015343
0.6491304731952791
0.3713019205813666
0.15351720318829787
-0.34896223541938176
-0.10734754896022729
-0.6195172746950112
0.018040427239002413
0.31486804406289437
0.32137427903138227
-0.44597223303036226
0.20158215169342125
-0.5236660564584608
-0.19899882077917877
-0.23384287114353047
-0.3560594325359048
-0.5859315797768372
0.021734788379820624
-0.7615397605463886
0.28290220407550204
-0.09777880903292367
0.47664193547709044
-0.6291571246573683
-0.36115121877878775
0.05388652162324023
-0.5898618065679823
-0.06142159855799956
0.11486802246923418
0.036276883099520596
0.004503299644425071
-0.4445245464791312
0.7684203631606716
0.4738711604038748
-0.755753217956359
-0.20262327455580553
0.22304739165937304
0.29384145832419634
0.27447340473297305
-0.05704978264073479
-0.7703676440670509
-0.05325050022177699
-0.062343828235856324
0.5981309457554913
-0.3175520397459831
0.38531747139356864
0.6269573323691033
-0.6477549495828807
-0.7071632563571318
0.423962854263651
-0.1416567863123032
-0.15871457126420085
0.009254559106187485
0.07627700170538765
-0.34479618979464755
0.18996233881069824
-0.4306453646578069
-0.1971065109399367
0.3427345401948778
-0.009160824201442763
1.2859635593872998
-0.735385458316627
0.08868633865939218
-0.045713949221914976
0.16244768817048902
-0.1143075953237716
-0.08231967593105294
-0.438176152587501
-0.23330829214136403
0.5599984475065884
0.46100514056622277
-0.43561004896495303
0.15182074203947732
0.06937665341897786
-0.699729930936389
-0.40232334430490646
0.6648617830917841
0.2279758228402852
-0.25051065149569446
-0.7473514836313314
0.38440601017817627
-0.500985742636326
0.4047445863293053
-0.7501023770068675
-0.30837567669605653
-0.2997898914827667
0.49897813915765715
-0.3878422494114121
-0.4210859798616263
0.473450419008472
0.41988024846077937
-0.7955092383822484
-0.6220645934788374
-1.1409975802238066
-0.2420646833915857
-0.2903157239888969
-0.5007811815319709
-0.020822951942075618
0.41213645180572817
0.5147324166728162
-0.334497131579375
0.19264854769706852
-0.12077445310385493
0.18603361254860395
0.9863358424166544
-0.3399269430892703
-0.08793407337506325
0.018267583151571454
0.7660427886602365
1.1356897113858957
-0.12873002042251253
0.14270475356652879
-0.872895756133006
-0.433161890276196
0.036486670489544376
-0.19573870918127073
-0.2648006096882616
0.6134942237025931
-0.19599874438497694
1.0754999342127407
0.406779079165948
-0.5851999976946463
-0.9118195776356093
0.1671979705617177
0.7075859187777822
0.9629894959772698
0.38126151142039244
0.21476506736641127
-0.6282165328873165
-0.27888444869117346
0.5289924193876121
0.08884638639147296
0.2662354479501024
0.018432030258618226
0.8342968150864574
0.6614590875001929
0.8059090105427333
-0.0725827910255035
0.9158882267013866
0.1659325939095808
-0.2350988771962421
-0.3089349882681295
0.022305405008396523
0.1252035942369472
-0.4619720635191537
-0.02143226251758556
-0.7628061288010624
-0.245769372175825
-0.12651270601805373
0.23877806165399315
-0.23413936641449007
-0.1839329069920544
0.6812900404333873
0.11894943882472082
0.560388918551306
-0.03908725049914015
0.3883821295498345
-0.04355734069820685
-0.6663575690760642
0.027064358155487772
-0.40239369583314843
0.33689659028769103
-0.41809422946253494
0.1995104481411626
-0.018462183503019314
-0.6837418597079812
-0.24832175003290508
1.109544521456241
-0.26632277488927936
-1.0990945788283268
0.5022193432645548
0.5831269904229395
-0.29242841617622106
-0.2477082419426414
0.07981328486057303
-0.5390715178854738
-0.04962009408170563
-0.33709885174149684
-0.05077130683555178
0.3029280450225962
-0.036337958842849113
-0.22606313046934
-0.3230490376397212
0.6557280987895127
-0.12297908967671131
0.3061282557046247
-0.1789485294353358
-0.6165298031956534
-0.2576884285698565
0.028472200822414855
-0.2846067851204404

2.8733904042007714E-10
