600
0.9708678922625447
0.8658296596058644
4.393440169715313
-2.357929690064446
0.9642744740459882
0.4104572642844698
-1.434466653736294
-3.3879353215017662
3.225993766718702
2.480098679753012
-0.8468794304016131
-3.4679476329885994
0.7331111011608463
2.6344521330148454
-0.7426903478388092
-2.6315563355041536
-3.2414748354315592
0.6806102309611228
-0.4989734509165157
0.7275398621627553
0.9536820531392758
-2.0463565235692007
-1.8965560282060578
-0.16850156127435673
1.2975388894814455
3.197438377812338
2.681174317505521
2.1226649305516627
1.8325970083415528
-0.6196472282741133
-0.9069215554429149
1.2528721734693036
0.8326830932787682
2.554614568860254
-4.841232245705236
4.389343689435567
3.1371426601749626
2.0916034769646794
1.301062295007211
2.264066346060606
-0.4462228016849074
-3.963470386920374
-3.70356598317132
1.5875775614249021
-2.29504707145173
2.354876582112269
-1.569852189166814
-0.4038279606078541
0.9806475157899254
0.39897607649008776
-1.393240238191752
-1.7008550243473053
-0.7382391020170085
-3.279043836845998
-3.034670031864029
2.9467613885504296
-4.859023812036468
0.21853306123221158
1.4013823775501133
0.7883055995478085
-0.15798370277737941
-1.2438662854490738
-2.920086551923033
-0.8825589375582839
0.1889878651030193
1.6518929933745228
2.5853341370529526
-1.069650366759362
0.7433062675638861
-1.5523244645959302
0.394720621537298
0.46512689289915177
3.4046236759545536
1.7569092478278527
2.1728807866883866
1.3477205502240315
0.7861916952559362
-0.37965022817913496
-2.256992133502704
0.9792002710152341
0.3702578176986383
0.9616124058266072
-2.3368242391662264
2.746462970568261
0.6497929745158757
0.667215299024805
-2.9910302346880764
-1.014846994222335
1.4819070298474768
1.5083356618236523
-3.021318756819055
-1.1153793918674748
1.9712010655564633
-0.019241178198855787
2.232438450025978
-1.1747678494611913
-0.6360144652122552
2.3413809276609574
-0.06517920301858404
2.455053411967248
0.44660199363508335
3.7746527029609958
-2.753939006195621
-1.2926991148869893
-0.7277041065706171
1.7091949012383982
2.986417762981509
0.6620696592440833
-3.625784046966981
1.6796008644494957
1.4784747586749933
-0.003936666866676791
1.9146274087412165
0.3312802070025718
0.20655750013004673
0.6601790869280088
1.6000758991199096
-0.27308815887338767
1.822224741145396
-1.682284971872484
-1.2493102704101007
3.4353933958671092
0.29994332752213326
-1.1205246792546844
3.027336940061058
-0.3739697272192402
-1.1693585310024401
-1.1880268009922856
1.8127471285373424
-3.397199001856529
0.32507788638967683
1.0998715924907414
-0.11659554119914102
1.0664992078082651
-2.7406011271974546
-0.08588416302398863
-2.1621804893473646
1.1328187289579754
-1.6168966064570311
3.1143465220536535
1.4173220432411213
-2.7215145764918605
1.298762221683236
3.9958875371708764
1.015151471683351
2.0845585547884973
-0.15309322494867234
-1.1289342964638993
-0.22722893445126682
-0.6419483767371302
2.212516380750415
-2.762415622010519
2.14663166593132
0.3957287189344093
-0.8359249635181609
-0.7871678851169855
-0.99950859515139
2.2908645563862255
2.9743263812257763
-0.7320324283954254
0.5397071161427542
-0.43686278506389853
1.3409538966450283
-2.2477714379350138
-1.3942481500612138
0.12851998345872384
-0.08108340323258345
2.3013254266091643
-2.1166898100119758
0.8905531623533679
1.4786003529032061
-2.449161429372273
-4.302723471229026
2.9206011737746964
2.2220602222398744
-0.6760680952429197
0.6009914563917967
0.993345236284344
2.4104557326950062
-0.7985282285123556
3.2504723021589372
-0.5777630262736715
0.47037242386020844
-0.12252532969702404
1.0721609196930504
-3.047336276164249
1.6744187157223829
0.31245534253727686
-3.5816007965101297
-0.4186611607284468
-2.276020687478053
2.6588139538599993
2.129745976708433
-6.631222162193094
-2.1033298445683655
-0.9205826249172698
2.382537882430012
-0.7587559100405437
0.15951025093963878
6.09369154985491
0.5662008987622462
-2.138680330845161
3.5964477337865426
1.2395827777621085
0.9718918598752456
-0.8367503059514878
0.1918382238564682
5.571997057434766
1.3135373523446965
-2.420200138820719
0.8545800591877912
1.2177086701458486
-2.6714834689622386
-4.472716673650139
-1.9700739728303902
2.719449734864229
-1.31792753528309
3.059846758094484
-1.0798132301943755
-0.5407748152098332
2.2739039838484914
1.5847721583062293
-2.731254167207731
0.6198131145288329
0.12861398390064693
-1.0659864871443379
-0.19982500472792425
0.4284414448493453
-2.0093996560486542
-4.667899043054258
-0.7629577933060558
-0.8833429997334651
5.402066045363762
-2.8725485136149156
-4.3263439220813655
-2.1305987266532456
-2.0754572052753
4.247389285606413
0.42468768435993554
-0.3391830204568441
0.4653859172366755
-0.8029241302850184
1.256910840139768
-1.478175469065546
-3.181350265168267
2.2871813561264585
-0.9737085307649631
-2.652546097084073
1.4152371687612302
1.623764936314278
-1.2439009702121195
-1.2827358213675406
6.797575900385565
0.4883551401020242
1.6863051391334671
-3.3735351594038163
-2.93270813519631
2.8230409765438695
2.080818133905424
-3.446604397289737
2.869512460588378
1.7256202108425898
-4.717301414153346
-0.0813468562396522
-1.9724835307529665
-0.005015018268283548
2.581626973082662
3.566266686661742
1.4911883391174383
-3.12882991171553
2.9268785023160975
1.7683579364576019
-4.449946426316599
-0.21473672395366145
2.2457355541506163
-3.1510618623312237
0.1608821178136943
-3.186645055436593
-0.8232242751824279
-0.1574652921862575
1.9341331616229327
0.23482789629717493
-2.9734807689082663
1.5003087435163371
1.5640514765259816
-1.7945527366747374
0.4477704145114302
3.3148527952353373
-1.2751600547173951
-5.306667065005446
-2.3369807893173453
2.904363067153307
2.16611031867957
2.1770897963638816
-6.020461029101833
3.837964480672183
-0.6514865333250313
-5.768417862433734
1.6584881804638105
2.0538769580448744
1.4080339738806698
-3.4594505428588027
0.29938174527683614
0.16262830827174213
1.6777318790671358
-0.5547038980647515
0.7472537960707674
0.6339863832310852
2.4753949865291447
2.264239242557896
-0.917785266113266
-0.46782085541397456
-0.1773162089706659
-0.9824881983629272
-1.5130300128289473
2.05886285452134
3.0496926855359145
3.4513202982095805
1.8830486520113372
0.5975981863214752
-0.7976419336476931
-3.6296305751183673
-0.49625802780286576
1.945377990037873
0.291151322936294
4.24408220681377
-0.12900383469794108
-1.6941997031259415
-0.879063360333791
-1.2076314591848485
1.737607354128947
0.43368631399867036
-1.362159194821992
0.7203852191644025
0.7351016660102001
1.0150541675229028
-1.0722002354478999
-0.6324121628548199
0.6388203416610266
1.1577241682396529
4.334003103687507
0.35975036909441827
4.351094964296279
2.950370681497821
0.21562409303915336
2.348781914404481
-1.0805547623931224
3.7203241610353714
-1.4087768508192235
-4.2148109009281916
-0.42100863280528533
2.2600994065850752
-4.37029348831004
1.1898520615688626
-2.8976452573476377
1.6676575361106019
1.328701537153004
0.31161680929365826
-0.6444332142339614
0.9740568546404499
0.3642010100729469
-1.5277930080517574
-3.1782331669898687
3.91749559142513
3.392607178890921
-1.5140408888645815
4.5939300290666
-2.020374756140028
-1.9437955010742956
0.4890493859416362
-0.40835380707778324
-1.3468071153176797
0.2904717895859691
-0.10227266422452784
-0.7596239016013665
-5.013349213229169
-0.40750049003029254
-2.3327898912891043
2.4235276848865586
-0.1490154918035951
-1.1875345250013776
1.439011349471091
-0.8751478223430604
-0.44322655407659317
-2.969932545911981
-0.29069456370816804
-1.1248059533966
4.508458115951081
-2.5404176303323163
-1.1305317482618842
0.6950782509370437
0.9144399113880458
0.9504398488214066
-0.369838416024141
-1.9428156290048098
1.1091091420193442
-4.963846909638787
-0.24445786616887355
1.9099356715589857
-0.2725931862051069
-3.483089637034961
1.7993676215766095
0.12550931012623032
0.4685775773398342
-1.290965465743204
1.979104564990155
0.6539442672405467
1.158325503906243
-2.044699369105649
-0.8702442515704885
-0.8590759997020309
-0.5336462954169018
-2.644110240867886
-0.07817617926036693
3.213125283472155
0.877391807359466
0.7501235515774
-0.486848347688576
-0.12412569990707348
4.601989707872537
-1.9435522930960976
-1.0567283928406561
-3.930052588494027
-2.9626143699549345
-0.5043080135721231
-0.7207918444381975
0.0030024664671285534
-3.7161747776341945
-2.508084178383582
0.9148430669530917
-0.9650476298509724
-0.5121129196908651
1.2366069278774152
-4.491806884378053
-0.648991992015899
1.2116797416203788
0.7532932812600932
-1.2596583859658852
1.173772376536369
-1.3550621449210476
-2.0182070804992285
-3.9938846546668763
2.048633127496355
0.16486282900052318
-1.35662276719234
0.6628583475134283
2.823704542173928
3.7636774174136485
-2.7051627480036564
2.7185741601398714
-0.41302160916732755
0.35629344140150976
-2.76665678504103
-0.3328354039432486
0.6449442960689231
0.38033665612111467
0.3170192707648657
0.07230284562404556
4.431956024519358
5.735163935862815
0.9170996044247937
0.6768447338336698
-3.625837274531001
-0.20583926294818536
0.30104235160281634
-1.5736095362838356
-0.16578328129329933
2.6033115231637916
1.2742136300917204
-0.2636384531220188
-0.8979565662550719
-4.746840049473075
-1.292749566436808
0.058239014056344005
0.31798138034003726
-0.4112091719742812
0.49356893674786917
0.3769855707580405
-5.198865238436838
-1.1278761384446654
-2.1521552540155935
-4.6349902631908115
-1.4170032347707662
-1.0309882746937613
0.39728516120596535
0.8206501923201786
-1.3889281842143584
-1.5764449729357024
0.5905260002388244
1.005202104004206
0.5038773392075186
-1.6844058569673543
-2.993956114798817
-0.296309441478382
-1.2391618485090983
3.3450392674429548
0.8011986326180774
-4.136030874450156
1.7918760424163869
1.9908628111161808
-0.24478549386669257
3.1487614110852333
0.5231044192926604
-0.42884166653932126
-4.872343867873029
0.3553714904701719
5.508398095284345
-0.058255308152519225
2.4235641212616708
0.9836302117942489
-0.6617829476380117
-0.13784924176254376
-3.553450501085746
1.0209158202313529
-0.07012060355513085
-1.4486316127214316
-4.112858099728371
-6.28100459812865
0.9692612701280019
1.3736338244303123
1.424000795025525
0.6387671119500385
-0.7173337466391487
-2.506963411888019
-2.6681625286055293
-3.2071008683890048
-1.010572348936565
-0.3630563933361516
2.202345635315344
-1.518712228265635
0.3350436555616174
-0.10229399546627324
-2.5716165759796135
1.6580465681243048
-0.22585737261805433
-1.648201967462002
-0.06792386833173814
-0.6920966689714376
1.3050632748701265
5.625300898678103
-2.504469953749007
1.2621890604805155
1.1888009490233074
1.9524665360940976
6.1122385512183195
0.9536379998435482
-4.204106048724724
0.1775593348689843
2.616007929875294
0.9789824997201055
-0.9279060303347927
2.318719142781277
-1.1790566045879072
-4.495101943545172
0.8064373973076924
-0.8577630810617298
1.890567279302318
-6.49746558679003
2.4025354905512994
1.6860657580595027
-0.1357235644432937
1.2029770750474635
-0.7704542256520596
5.943072361223683
0.963384486734754
0.4897587744196007
-2.191137127136256
-1.1875979095471378
3.0812727204209516
-3.414350226634659
-0.18921190622859946
2.6178394260533446
-2.5787227994288258
4.916834522813785
0.9947004917136765
1.1884823295377918
2.585557278693451
-3.916499776687517
-4.022061683670323
1.9509393368008998
-3.720862226568506
1.247087691789853
-0.6029948366264949
2.3154212070810662
1.3653564051697042
-3.815708995397729
0.3750415395585175
-0.46788924811106125
-1.4016891929371913
0.9456006408447356
0.08240160727967265
0.2735490040706112
1.5903209160744305
1.7394394662649244
-3.414827622263338
-3.925357044485639
0.2015802335525692
-2.028421537746137
0.9744523071617384
2.6529180584957905

3.301463274114422E-9
