800
0.9912076021758834
-8.50236441374583
1.808382014260613
6.105202992374251
2.1861222975616865
0.13100554003275217
-2.1395468337130383
7.363705180970059
0.7021975125178694
1.001515321434477
6.031173650075719
-3.841208001045364
2.078874034372634
-0.6006497368230379
0.7617915478727567
-4.573037960387732
-1.9404376306530948
1.1533443064681028
6.178435536170262
7.520760694622791
-2.2740205461469385
2.8703592618278218
0.8875662333160894
1.7373225768792588
2.6948369273508215
-0.36178979741122663
-0.42579647698568535
-2.928940649766142
2.675839075843215
-1.88109635401514
1.2077538614481147
-3.622068063176274
1.1696861603882416
-7.581118937273255
-1.4676069461286794
4.546117648346221
-0.3626329408761731
-3.3046338964208313
1.2391405397926958
2.474888813821591
0.3485928706612581
3.739721225768269
-0.20100694716597306
1.8231333600876694
-1.6608283267620498
2.1277759807753798
1.826934178601451
0.8102114657851187
3.9823785555481317
-4.044803639626131
-3.067464166274153
-4.515839342844569
4.162680190410379
2.32087522617182
2.4534653314881325
5.4237701621649315
1.9620181814789603
-4.762432789614928
7.746296721032662
-7.508946061850795
6.7029207729113605
3.0141818041856934
8.060509831369911
-1.7875970687749865
-8.39962499026019
-2.0440434350040695
1.9291264755749422
1.9106288624761467
-3.047822707659648
5.744923254720912
0.9735339425398573
-0.24332296636371686
-2.3354027039329277
-2.678348300747072
-3.028739569884462
0.608834334687858
-1.6013921657811547
-3.1057254294230083
-0.20315140561115025
1.104350610140186
-5.772864777456903
-0.051355591286507705
-3.168544736753425
5.723378565505267
3.947761051681083
-0.046490980903881124
2.677416328423703
8.957657373030859
3.080274888168417
-0.33199797402047226
-2.030045704837071
2.5944276666752377
-0.031099347100203813
-0.24925462236354357
-0.03819286254372173
1.0062555718792139
-3.2445624800563575
-7.775363685688398
0.9209615961814418
-2.8727965187197686
-2.35705885256219
-0.22703250902766886
2.6991656338027648
0.7809968939028216
0.4303619906684498
-5.728844432731204
-0.5484083756337168
0.34583047905706443
-0.6300456920629622
-2.5021464614057667
-2.120569121191573
-0.7559260135484372
0.957549511103787
2.4343984422552634
-2.019503695852884
3.2283093501787303
2.0892990463123176
-0.10198365389796774
2.074805684109196
0.7815431094567449
-0.36342966330036097
1.8462548260836933
-0.005086621217027937
0.5745757059557541
-6.122493507117712
-4.555612604623258
0.7135124804994707
2.115760057137576
-2.237058419957002
-3.334062036002469
1.8848952638633094
3.2932026773823218
2.59206139921779
-5.014737400120536
-5.313063378071218
2.627407844221652
0.5930111793505364
1.1408038819624438
-2.692224067649337
5.364715062245134
-3.684929048937911
-0.2724378382623489
5.748625372615309
-1.9495993181936038
-3.588004787964435
1.732239083102794
2.6351926449108123
8.67912011585958
-6.230384392367254
0.09440117712298607
-0.987173320001734
-2.219509219344714
-5.796108530421254
-0.4900900404083708
-4.1918520880409895
-2.4234994959745655
4.43741780317255
5.579353294890775
-2.5223690559695218
-3.506291835746802
4.5697898920200695
1.3479687452310365
6.976165175548067
2.938904769371892
2.00879184267757
-9.091989653182672
-2.210908277033402
2.8945055493694998
-0.02508250022122685
-0.4823254805870672
-6.544689185845199
-1.8861638772255902
4.224743490410161
-2.2595574073993654
2.0348972236738203
3.194259662723764
-6.356778379080525
0.16922476761549055
-7.416534783871583
-6.985037596334352
-1.6558609658030599
7.87626142489729
4.0661181718385695
-4.071735372720847
-3.046382717343719
-0.2675629631583889
1.2006570631169344
-2.448876041691707
2.015549888424527
-2.182340851633971
0.6577228171601652
-8.397867237849987
-0.4126028701302245
0.8384932871031312
0.43089151151563576
-1.1552332060192936
-5.633444595298181
-0.3072031111581988
-5.2875732504494035
-0.2965851224511557
-2.616464199738096
-0.9010491170076765
-2.131790650086021
-0.13153712664074252
-0.4525763579610783
0.24516867890135213
4.665706217218237
-3.0043961198673728
-6.483872938397063
-1.4988671665914133
7.52844899481975
-5.053660536453246
-3.4023239328815045
0.8922893560968118
-5.8138646817709265
0.5187290662097779
3.119955258036715
-0.2691814931419059
-2.429942893589103
-1.5025195021789837
-4.1089450620863595
3.9775596095795356
-8.654175598326722
-3.5109705076278948
-2.4428285730284496
-0.9024035976613233
2.0225535399184555
-2.993243664576882
-1.1265910376920036
-2.151207990270455
-3.377750777917087
3.992547943104849
-1.6434581279814229
3.3106121494255407
1.4665345151155296
-0.8451772101146197
-3.8209947579189976
3.7517361702949312
3.027471316175668
5.202490460738683
-3.32137764939749
4.383378702550605
-9.503296608370754
-0.568889360777227
1.5681173509503628
5.3141469519545375
-5.078487793057054
-5.335153726408137
2.0436317821227887
0.7013932316658257
2.321888938542819
-4.046993624254841
0.8786467087544202
-1.8655845920447607
-3.3335865266570046
-1.2631876605252046
0.5138360741962391
-0.16611150547700404
2.7180229059459653
-2.1355735942165306
3.1471737479327238
3.983204936301656
6.190693817829032
-6.323740448284079
1.2646873869285469
1.9149371834797089
4.440401035363232
2.741477021508203
5.694872089596024
3.0531054917233376
0.11410177074187455
4.061720554522452
-2.0397895005207047
-1.8472784396780315
-7.60558705584184
-2.6271545221492847
-4.788220548900457
5.139915870930147
2.9810691645568075
1.056722331591812
4.542571430856343
-12.318689279043175
5.34684570889521
0.641557310210847
4.658817546561946
-5.65985472465189
-7.357653221320541
2.4689810205873104
-0.11063421675044102
0.10893588424650247
-3.3141096599698603
-3.819087329221751
1.8938715045376537
-6.692682226343896
-3.2228708134140933
7.780036223630854
3.981688955521096
7.570507378392218
-1.1407038363889095
1.2846274025338176
-2.571381756132552
-2.899545735719933
-0.816416285593061
0.15470095972791503
-4.434123068026603
-3.3163252140947197
-8.575177073627522
2.084423800802917
0.2762149696800558
2.695054428251516
5.228087653012956
2.6443927188610905
-0.5627147780377111
1.046240371693854
5.589641401936154
-8.895064499413905
-7.191843474678499
1.8575201710575306
-5.200304860061423
2.4197729506455823
3.076154704633242
1.3328164257037598
-2.404029782536918
-4.808142620634827
-1.8359875892972255
-4.917604817241463
5.995355903939245
-0.8627594337877524
-0.14087803414176175
1.7052994467610953
3.9757976962247263
7.3781169928572945
8.998569682604277
3.3855522202081385
1.9687076770878529
-11.211856198464758
4.053282352569014
-5.757802215396737
1.591210246800972
3.211049733524043
6.817252874098195
0.2691990172096427
6.608867777948419
-3.7196168061514108
1.9787086838902874
0.45013876622007415
-0.8061831240785519
4.549437493529384
-0.10450784568354474
1.318006704400659
1.1196340628189232
4.916791084275265
0.8468554405266446
-1.916216483415434
-2.376883485934979
-2.9614263447445968
-4.325469994575028
-4.989591222518259
-2.826774259680073
-8.24672805874656
0.2600715025984537
-6.5022780453110185
-4.379046025513684
-6.127452463579677
1.0321918925619542
3.0364581690386627
-2.248235829625033
-3.187084461449559
-6.566237685107652
-3.1514984804531156
1.807844934471463
-3.3080492580027734
1.4574004688404936
-2.4961020921400023
1.003834980550326
-5.37059555167579
-0.6810599013507257
0.3371294924141548
-2.0288383234947913
-1.8107814437069163
4.5206142625758075
0.8184618885925488
0.8350687198707901
-1.278306280004516
-10.410827651256744
1.2154580653776237
-1.3326322961123662
2.6711701638459306
9.847372598517277
3.7438790384800287
1.1405341076574937
-11.00376241269933
-0.025555243627987778
3.882951910406048
2.5888854252689826
1.6402159849959033
-0.14683764322953247
2.275282410511336
-1.2743383404487403
3.423942372375304
7.420679276105112
-1.27480561543258
-0.19180964094873593
-4.497611029823562
-0.7216972064646949
-10.13274044685765
1.0851096165360048
2.339802394821155
0.5108953273464296
-1.4879329093020643
-0.13027611895043767
-1.1790991731329166
1.1818511985860674
-2.8607032861606516
0.05053389975718112
-0.8559164471882974
4.013636993273653
4.641845390360567
0.8786775459648613
1.5243434955120914
0.5717169499469311
0.5745339278858563
-2.893191615697877
-3.402376655433174
2.369750087020408
3.6752135923159104
5.346056780552768
-2.448018594575553
1.9776170579522665
-0.64217156643206
5.287976416468191
2.6511621627362403
-5.879143473642794
-2.5911954136056363
0.274878562201863
5.926640439921866
0.37321761147865296
2.1223872336964673
0.4995228800505047
-0.12092004656651278
2.011458778073171
-2.4331771638204858
6.852737169924218
3.625271867689019
-2.2837491526614895
0.6633690745014593
2.5648059593513546
-6.106814988462051
8.937069183541329
6.8536236840536615
2.680393775492228
0.03823684471733299
-5.102726169688198
4.591139957814016
-0.5232194355685039
1.2913158970531589
-1.4970002712606578
5.41056722385481
1.9066680809141767
1.885768177296172
-4.285624292944888
0.5496713723316135
4.93657172437847
-2.657854507400395
2.0974782630302538
-2.741371410287885
1.9778862713972576
7.967224963939838
-4.767440921336413
-2.429960495889491
3.058996920052362
-1.2282573638079959
0.00867834768289344
-4.0457323303025685
-0.4296069886394871
6.392600504762634
0.48452499528416987
4.951872313714216
3.6604065666500176
-1.796135933516727
-2.437701173364356
0.44295498545621365
3.2468263203337195
1.503160321645797
-0.09616820994737264
-2.6006618970027304
-0.1118533881751137
6.741327510058073
-0.06566089338598802
4.736572286079953
-5.073677925016517
6.125811607395218
4.0839254316844364
5.857027398657531
1.2020029291624066
2.8993382667841945
2.8263942238295434
1.7856980404217289
5.849732462230697
4.794455080888207
-0.2924404908210747
-5.629806662813289
5.033794523269581
2.1405976732163596
4.410602875937388
3.969850632346438
-2.5618454442598595
3.5439737354974463
3.0316934216048304
4.3801489215020775
-1.5364811702370456
6.03532050852282
0.0031920499065156704
-8.819890744364294
-7.932355117166415
-4.65641960855471
-0.23546995537773963
0.4202735847814287
3.362452901526834
-3.3048972745423058
-3.2340483376480518
7.6766106859290915
2.918334250202354
-5.365528807590644
3.453395770005808
6.100631110828435
-0.7555201200366579
2.561062981955927
1.1519541285373074
0.259747279749636
10.599761758695262
3.1447539180397532
3.07183023795456
-3.1316726325352997
1.812255528373002
-1.7960294086502604
-3.2839792204358544
1.4430189462508853
-0.6325460980166867
-0.25789778209980885
5.608071937906839
0.5313791433305325
-3.169562898558055
-2.9149604775448643
6.3661368629534465
-3.1399101644636054
-1.4917049169929066
-0.5253891232579182
6.629759267510668
-5.768217618113294
0.5619787559538227
0.7647320918442813
5.286362909193578
-5.070502486248405
4.4672429208766165
-0.6071369662467889
-0.8541937313107287
1.5406834832590133
-1.5404925373652505
-9.44489930379302
-4.350849460315428
7.412928889722738
-0.8516902326548013
-2.3284038066416475
1.6502735639003956
-1.8501477548935525
1.8152071968093928
-5.801697346946701
-3.662728661061053
-2.0818634209220783
3.5454905868620767
1.6542873762936965
3.0630784194816236
10.932651174491546
5.5379708230345575
-3.8699258301920456
-1.2692089759962102
5.819655146209634
-5.190458731513408
-0.25239067319127945
2.3465522387204896
0.4857559020367104
-4.816091017623927
-4.127185266726725
-0.3120030413334117
0.5037297018920657
1.1215214062162502
-0.7529402665657983
0.3477618302778204
-2.7355530255128717
1.3330644249153025
1.4306221888386585
9.103743569265031
-4.945623308632433
-1.551403516305566
1.594724909559109
-6.257328509241856
0.6722738774181756
2.243129575048349
1.052909977750674
4.396812538965797
3.268807342158791
-0.7568900598155014
-3.8890644401124175
-1.4384746940707371
-0.5463728588121481
3.520801079775345
-2.740597981763992
-3.4534891267602976
-1.388961106895422
-1.8843084530065446
6.765276089637081
3.237027235633888
-2.038675579711144
-4.715197443107842
-7.076839413799834
1.3384200761896456
3.088439731251734
1.8212479668760577
3.8356262733446487
-2.082858173556743
-5.887992003469784
5.002184372446754
-3.1566653158217184
-1.499010502116979
1.0731210266137625
1.9348246148921306
-2.143011686954021
5.478043370022802
-1.3596102839933208
-1.8702034192401191
-1.3066090344509373
0.33822151029922476
2.6788483853149105
-2.481444372793232
0.9032401426143871
-5.005913547058687
6.748392757778001
7.171679598424266
0.337957845527939
1.987231118993038
0.49648922540107554
1.0893078424667677
-1.213232686313678
-9.651385181729273
1.886900179142446
-3.9035255221938163
-3.92828059305697
-5.792200667470192
-4.286837202471661
0.1380513028619974
4.19655208962361
6.767896543593093
0.10230885658416786
-1.1496293620460984
-1.6437177273592019
1.6744894809318012
2.6835821881640323
-1.0573137184788965
6.63436860605522
7.569082712512688
1.6667799087766324
-2.922654821692959
-6.184914424417748
7.098085701315275
2.9823556999964054
-4.688982420033247
-3.6636906274927368
-5.58731192733578
-0.014654063542419084
-3.0671430057674556
-4.724141573142846
-1.9994778300153437
3.931219271243581
11.021010900592426
4.853248395707116
0.7198464909391501
-2.130921333139841
-2.702182752086899
-4.318756224014247
-1.633837232567072
4.435513760395379
-2.5237926106973543
0.7304132470392352
-4.988978366005384
1.1056994431071205
-0.6190130651894764
-0.44800836638135416
0.47396250779705174
-7.35961906180484
1.2112348741470191
-2.230180904654336
2.4429030212800735
9.436017456512994
-3.739280619665165
2.5124136851288723
0.10944367709541622
-0.41553673938597147
-4.082301552510784
5.37488761135269
-0.6654368690370875
5.401100347882865
-2.2292420142886966
1.7996303580953952
-1.6043526906843852
-5.48533036994827
4.308267308727727
-3.155268429505226
-2.8494505537998154
9.21758573887224
-0.8684232178465506
0.1806815248088468
6.662252814752364
0.26111483549351083
-3.6122958888800043
3.1040803474423493
-2.9537839074038263
1.1451099490752197
-5.829839256286281
-2.922660519677035
-8.58244798635744
-0.46004075782605736
4.545233923061135
3.191945536919661
1.2687157637534148
0.35212617759162423
1.575666779632956
-4.586103469174501
-5.798378811552781
3.3315124365432545
4.842211013105491
2.870218301899825
1.4856676009003218
0.1809008255277464
-0.3550197149932716
-3.9630378654189133
-1.8418451639181188
-2.2288881198239876
-0.5654071443884066
-0.9445056744318217
2.300960428010761
-2.327034138627147
-2.079588162862725
0.0523688988636849
2.36784984731803
-2.0997582826843795
-5.767059511382419
7.015691156366168
-1.2729885335509272
-5.497406493112581
0.021088018869570083
2.786102738527198
-3.2222817006827453
-3.7417925603328044
-0.5825728543096242
-0.004640673467353501
1.8602207261055645
1.093068157235405
1.1926662967290032
1.290173878269251
-8.17290415322242
1.2372070364975016
-4.396208736040874
0.18193149597611669
4.873753739455544
-0.33572745031225926
0.22441445273500063
-4.458474915808471
-6.54749260513188
-0.304709344055158
-4.52083660915131
0.6830261726838678
-3.42961646911822
1.625755482393012
0.47634484864775206
3.0901769062974647
-1.256595880700517
-6.517686102363087
0.8432263241670003
-1.1562582482061485
-0.11227986774989807
2.1561910658033328
3.4848084585445362
-2.554724522834607
3.8312184457062672
-5.939725483859942
3.528827105718404
-4.2207494792523805
1.8057447221850942
-2.6837254222094837
-7.648887491990859
-11.242011771282545
-1.049965664859742
1.0699021977037648
-1.9036969006433906
-4.909853087151619
0.9830256898028724
4.825854172201755
-0.6819086032199058
3.091058670257544

3.478612334032891E-7