900
-0.99999185424766
-0.99999000294031
1.00000024684098
1.00000000000000
-0.99999568028285
0.00000555392205
-0.99999284161158
-0.99999370555501
0.00000209814833
0.00000728180891
-0.99999111372472
0.00000259183029
-0.99999777843118
0.00000259183029
-0.99999975315902
1.00000752864989
-0.99999975315902
-0.99999950631804
1.00000617102450
-0.99998913899688
0.00000530708107
1.00000037026147
1.00000826917283
-1.00000000000000
-0.99999765501069
0.00001012048018
1.00000086394343
0.00000752864989
-0.99999716132873
0.00000580076303
0.00000629444499
0.00000394945568
-0.99999888921559
-0.99999555686236
-0.99999987657951
0.00001098442361
1.00000728180891
0.00000320893274
-0.99998802821247
0.00000419629666
0.00000592418352
1.00001135468508
-0.99998876873541
-0.99999308845256
1.00001036732116
0.00000222156882
1.00000320893274
-0.99998864531492
0.00001098442361
0.00000481339911
0.00000333235323
-0.99999691448775
0.00000444313764
0.00000370261470
-0.99999185424766
0.00001036732116
0.00000098736392
0.00000209814833
1.00000148104588
1.00000271525078
1.00000691154744
1.00000604760401
0.00000654128597
0.00000222156882
0.00000543050156
0.00000913311626
0.00000444313764
-0.99999148398619
1.00000320893274
-0.99998778137149
-0.99999321187305
-0.99999234792962
1.00000407287617
0.00000098736392
1.00000086394343
1.00000814575234
-0.99999716132873
-0.99998901557639
1.00000678812695
-0.99999432265746
1.00000814575234
1.00000333235323
1.00000320893274
0.00000357919421
0.00000444313764
0.00000715838842
0.00000863943430
-0.99999790185167
1.00000024684098
-0.99998790479198
1.00000666470646
-0.99999888921559
0.00000024684098
0.00000814575234
0.00000345577372
0.00000493681960
-0.99998778137149
-0.99999160740668
0.00000641786548
0.00000937995724
1.00000296209176
0.00000123420490
1.00001049074165
0.00000468997862
0.00000308551225
1.00000135762539
1.00000234498931
1.00000703496793
-0.99999271819109
1.00000444313764
0.00000456655813
-0.99999555686236
1.00000098736392
-0.99999173082717
0.00000715838842
0.00000308551225
0.00000382603519
-0.99999247135011
-0.99999851895412
0.00000728180891
-0.99999370555501
-0.99999592712383
-0.99998852189443
0.00000937995724
0.00000135762539
1.00000468997862
1.00000777549087
0.00000493681960
1.00000518366058
-0.99998815163296
1.00000283867127
0.00000666470646
0.00000333235323
-0.99998889215590
1.00000580076303
-0.99999938289755
-0.99999654422628
0.00000123420490
-0.99999345871403
0.00000975021871
1.00000308551225
1.00000419629666
-0.99999654422628
1.00001061416214
1.00001036732116
0.00000012342049
1.00000678812695
-0.99999123714521
1.00000629444499
0.00000863943430
1.00000086394343
1.00001012048018
0.00000320893274
-0.99998790479198
0.00000098736392
1.00000629444499
1.00000148104588
-0.99998864531492
0.00000197472784
1.00001036732116
-0.99999876579510
1.00000407287617
-0.99999037320178
1.00000950337773
0.00000530708107
-0.99999864237461
1.00000234498931
-0.99998975609933
1.00000296209176
0.00000629444499
-0.99999370555501
-0.99999765501069
-0.99999938289755
-0.99998802821247
0.00001135468508
-0.99999679106726
0.00001110784410
0.00001036732116
1.00000086394343
1.00001221862851
1.00001098442361
-0.99999876579510
1.00001135468508
0.00000851601381
1.00000444313764
0.00001073758263
-0.99999531002138
-0.99998889215590
1.00000320893274
0.00000271525078
0.00001172494655
1.00000419629666
1.00000481339911
0.00000506024009
1.00000382603519
1.00001147810557
-0.99999938289755
-0.99999605054432
0.00000654128597
0.00000000000000
1.00001086100312
1.00000715838842
0.00001160152606
1.00000000000000
1.00000037026147
0.00001036732116
0.00000629444499
0.00001110784410
-0.99998864531492
1.00000518366058
-0.99999407581648
1.00001135468508
0.00000148104588
0.00001160152606
0.00000617102450
1.00000000000000
1.00001123126459
0.00000148104588
0.00001012048018
0.00001049074165
-0.99998864531492
1.00000543050156
1.00000259183029
1.00000259183029
0.00001172494655
0.00000740522940
-0.99999975315902
-0.99998802821247
0.00000629444499
1.00000320893274
-0.99999321187305
1.00000789891136
1.00000148104588
0.00000185130735
1.00000925653675
0.00001123126459
-0.99999790185167
1.00001024390067
1.00001135468508
0.00000246840980
1.00000604760401
1.00000962679822
1.00001197178753
0.00000271525078
1.00000370261470
1.00001197178753
0.00000654128597
1.00000975021871
-0.99999691448775
-0.99999975315902
1.00001184836704
1.00000691154744
0.00000740522940
0.00001073758263
0.00000148104588
-0.99999296503207
0.00000246840980
0.00000012342049
1.00000037026147
0.00000086394343
0.00000148104588
-0.99999962973853
-0.99999691448775
0.00000431971715
-0.99999210108864
0.00000209814833
0.00000617102450
1.00000271525078
0.00000999705969
1.00000851601381
1.00000259183029
0.00000074052294
1.00000629444499
1.00000728180891
0.00001123126459
0.00000950337773
0.00000876285479
1.00000135762539
0.00000740522940
-0.99999703790824
-0.99999568028285
1.00000049368196
0.00001147810557
0.00001209520802
0.00000567734254
1.00000975021871
0.00000283867127
-0.99999555686236
0.00000012342049
-0.99999419923697
1.00000765207038
1.00000950337773
-0.99999086688374
1.00000666470646
1.00000037026147
1.00000000000000
-0.99999642080579
1.00000937995724
-0.99999358213452
1.00000530708107
1.00000962679822
1.00000111078441
-0.99999901263608
0.00000074052294
0.00000740522940
0.00000024684098
1.00001209520802
-0.99999197766815
1.00000678812695
1.00000987363920
-0.99998827505345
0.00000987363920
-0.99999123714521
-0.99999790185167
0.00000086394343
1.00000789891136
0.00000209814833
-0.99999456949844
-0.99999555686236
1.00000382603519
-0.99999802527216
-0.99998889215590
0.00000678812695
1.00000580076303
0.00000468997862
0.00000037026147
0.00001110784410
1.00000493681960
0.00000654128597
-0.99999839553363
0.00000740522940
-0.99999259477060
-0.99999987657951
0.00000431971715
0.00001049074165
-0.99999827211314
1.00000234498931
-0.99999962973853
1.00000913311626
0.00001012048018
-0.99999222450913
-0.99999839553363
1.00000666470646
-0.99999913605657
0.00000296209176
1.00001061416214
-0.99999370555501
0.00000493681960
1.00000814575234
-0.99999173082717
0.00000320893274
1.00000728180891
-0.99999296503207
1.00000962679822
-0.99999111372472
1.00000678812695
1.00000543050156
0.00000876285479
0.00000000000000
1.00001209520802
1.00000061710245
1.00000975021871
0.00000765207038
1.00000345577372
1.00000975021871
-0.99999605054432
1.00000851601381
0.00000752864989
-0.99999728474922
-0.99999617396481
0.00001073758263
-0.99999580370334
1.00000580076303
0.00001123126459
1.00000826917283
0.00000468997862
1.00000752864989
-0.99999654422628
-0.99999987657951
-0.99999679106726
1.00000900969577
-0.99999407581648
-0.99999962973853
1.00000444313764
-0.99999370555501
-0.99999876579510
-0.99999197766815
1.00000271525078
0.00000703496793
-0.99999629738530
0.00000234498931
-0.99999580370334
-0.99999679106726
-0.99999753159020
0.00000135762539
0.00000863943430
1.00001086100312
0.00000654128597
1.00000444313764
-0.99999518660089
1.00000765207038
1.00000691154744
-0.99998987951982
0.00001197178753
0.00000493681960
1.00000913311626
0.00000012342049
1.00000098736392
0.00000913311626
1.00001012048018
-0.99999975315902
1.00000888627528
1.00000493681960
0.00000394945568
1.00000789891136
-0.99998901557639
-0.99999950631804
-0.99999555686236
-0.99998876873541
1.00001086100312
-0.99999950631804
-0.99998778137149
0.00000925653675
1.00000271525078
0.00000333235323
-0.99998950925835
0.00000962679822
0.00001160152606
-0.99999876579510
1.00000629444499
-0.99999210108864
0.00000765207038
1.00000863943430
1.00001086100312
0.00000752864989
1.00000789891136
1.00001135468508
-0.99998963267884
-0.99999012636080
0.00000530708107
-0.99998815163296
0.00000950337773
-0.99999259477060
1.00001123126459
-0.99998889215590
0.00000246840980
1.00000135762539
1.00000135762539
0.00000592418352
1.00000308551225
-0.99999679106726
1.00000197472784
0.00000086394343
-0.99999197766815
1.00000962679822
1.00000506024009
-0.99999493975991
0.00000000000000
0.00001073758263
0.00000444313764
-0.99999469291893
1.00000345577372
1.00000271525078
1.00000641786548
0.00000851601381
-0.99999210108864
0.00000320893274
0.00000185130735
0.00000493681960
-0.99999605054432
0.00001098442361
1.00000394945568
-0.99999716132873
0.00000493681960
1.00000506024009
0.00000123420490
1.00000543050156
-0.99999308845256
-0.99998839847394
-0.99999444607795
1.00000148104588
-0.99999099030423
1.00000086394343
-0.99999358213452
-0.99999395239599
0.00000074052294
1.00000851601381
0.00000172788686
0.00000604760401
-0.99999568028285
-0.99999074346325
0.00000024684098
-0.99999580370334
0.00001172494655
-0.99998802821247
-0.99999160740668
-0.99999518660089
-0.99998901557639
0.00000000000000
0.00000937995724
0.00001024390067
1.00000666470646
1.00001110784410
1.00000814575234
-0.99999308845256
-0.99999136056570
0.00000197472784
0.00000431971715
1.00000049368196
0.00000333235323
0.00001036732116
0.00000555392205
0.00000629444499
-0.99999358213452
-0.99999136056570
1.00000444313764
1.00000888627528
-0.99999666764677
1.00001098442361
0.00000468997862
0.00000703496793
0.00000333235323
-0.99998876873541
0.00000777549087
1.00000172788686
-0.99999580370334
0.00000419629666
1.00001049074165
0.00000962679822
0.00000975021871
1.00000000000000
-0.99999308845256
-0.99999358213452
1.00000419629666
-0.99999975315902
1.00000259183029
0.00000345577372
-0.99999123714521
-0.99999592712383
-0.99999506318040
1.00000802233185
0.00001061416214
-0.99998938583786
-0.99999148398619
-0.99999531002138
1.00000259183029
0.00001049074165
-0.99999382897550
1.00000111078441
1.00000074052294
0.00000283867127
1.00000691154744
1.00000641786548
0.00000913311626
0.00000604760401
0.00000802233185
1.00000419629666
-0.99999975315902
1.00000950337773
-0.99999185424766
-0.99999691448775
0.00000271525078
0.00000913311626
0.00000654128597
1.00000098736392
1.00000518366058
1.00001197178753
0.00000481339911
-0.99998802821247
0.00000888627528
0.00000283867127
-0.99998901557639
-0.99999777843118
-0.99999580370334
-0.99999247135011
1.00001012048018
-0.99999259477060
1.00001073758263
1.00000999705969
0.00000444313764
-0.99999531002138
-0.99999777843118
0.00000296209176
-0.99999901263608
1.00000962679822
0.00000604760401
0.00000740522940
0.00000604760401
1.00000135762539
-0.99999382897550
1.00000061710245
-0.99999049662227
-0.99999629738530
-0.99999321187305
0.00000296209176
0.00000555392205
-0.99998815163296
0.00000283867127
-0.99999654422628
1.00000567734254
-0.99999531002138
1.00000999705969
1.00000049368196
0.00001024390067
1.00000876285479
1.00000345577372
-0.99999197766815
0.00000345577372
0.00001184836704
0.00000148104588
0.00000431971715
0.00000913311626
-0.99999839553363
0.00001012048018
-0.99999481633942
-0.99999037320178
0.00001197178753
0.00000765207038
1.00000604760401
1.00000530708107
1.00000888627528
-0.99999407581648
0.00000296209176
1.00001110784410
1.00000283867127
1.00000135762539
-0.99999308845256
-0.99999197766815
0.00000024684098
0.00000851601381
1.00000308551225
1.00000468997862
-0.99999345871403
1.00000567734254
0.00001123126459
1.00000666470646
-0.99999432265746
-0.99999839553363
1.00000765207038
-0.99999247135011
1.00000493681960
0.00001147810557
0.00000555392205
-0.99999518660089
0.00000061710245
0.00000394945568
1.00000765207038
0.00000826917283
-0.99999728474922
0.00001098442361
0.00000222156882
-0.99999222450913
-0.99998889215590
-0.99999012636080
0.00000913311626
-0.99999691448775
-0.99998839847394
-0.99998987951982
1.00000419629666
1.00001061416214
1.00001012048018
0.00000740522940
-0.99998963267884
-0.99999185424766
1.00000752864989
-1.00000000000000
-0.99999691448775
0.00000703496793
0.00001209520802
0.00000074052294
1.00000975021871
-0.99999950631804
1.00001160152606
-0.99999666764677
-0.99999012636080
1.00000925653675
-0.99999148398619
-0.99999024978129
-0.99999814869265
0.00001073758263
1.00000197472784
-0.99998975609933
0.00001160152606
-0.99999531002138
1.00001160152606
1.00001123126459
0.00000209814833
0.00001209520802
-0.99999382897550
0.00000530708107
0.00001209520802
1.00001086100312
0.00000333235323
1.00000283867127
0.00000333235323
1.00000283867127
-0.99999481633942
0.00000024684098
0.00000024684098
1.00000666470646
0.00000506024009
1.00000444313764
-0.99999617396481
-0.99998913899688
0.00000617102450
1.00001012048018
-0.99999481633942
0.00001073758263
-0.99999024978129
-0.99999123714521
0.00000962679822
-0.99998926241737
0.00000863943430
0.00000839259332
0.00000345577372
1.00001098442361
1.00000863943430
1.00000604760401
1.00000826917283
1.00001209520802
0.00000000000000
-0.99999765501069
0.00000937995724
1.00000975021871
0.00000752864989
1.00000530708107
0.00000839259332
-0.99999617396481
1.00000580076303
1.00000678812695
1.00001197178753
-0.99999210108864
1.00000382603519
-0.99999605054432
-0.99999395239599
0.00000357919421
1.00000444313764
-0.99999642080579
-0.99999605054432
-1.00000000000000
1.00000678812695
-0.99999370555501
1.00001135468508
1.00000333235323
-0.99998975609933
0.00001110784410
-0.99999827211314
-0.99999345871403
-0.99999987657951
0.00000431971715
1.00000086394343
-0.99998790479198
1.00000937995724
-0.99999456949844
-0.99999925947706
-0.99999296503207
1.00001110784410
1.00000888627528
1.00000481339911
0.00000135762539
-0.99999444607795
0.00000641786548
0.00000283867127
1.00001172494655
-0.99999518660089
-0.99999654422628
0.00000209814833
1.00000234498931
0.00001061416214
-0.99999555686236
-0.99999901263608
-0.99999037320178
-0.99999247135011
0.00000160446637
-0.99999851895412
1.00001221862851
1.00001073758263
-0.99999222450913
1.00000456655813
0.00000863943430
1.00000074052294
0.00001098442361
-0.99999049662227
1.00000975021871
1.00000777549087
0.00000172788686
0.00001036732116
1.00000604760401
-0.99999901263608
1.00000098736392
-0.99998901557639
1.00000049368196
-0.99999975315902
0.00000296209176
-0.99999493975991
1.00001061416214
-0.99999160740668
-0.99999555686236
0.00001160152606
0.00000888627528
1.00000296209176
-0.99999876579510
0.00000629444499
0.00001221862851
0.00000863943430
-0.99999691448775
-0.99999975315902
-0.99999728474922
-0.99999777843118
-0.99999506318040
-0.99999222450913
0.00000308551225
0.00000876285479
0.00001221862851
-0.99999456949844
1.00000148104588
0.00000975021871
-0.99999654422628
1.00000456655813
0.00000456655813
0.00000950337773
1.00000185130735
-0.99999802527216
0.00000654128597
0.00001036732116
1.00000999705969
-0.99999296503207
-0.99999037320178
1.00000604760401
0.00000826917283
0.00000876285479
-0.99999740816971
0.00000061710245
1.00000925653675
0.00000370261470
1.00000802233185
0.00000172788686
1.00000246840980
1.00000111078441
0.00000937995724
1.00000752864989
0.00001073758263
-0.99999925947706
-0.99998839847394
-0.99999234792962
1.00000913311626
1.00001184836704
0.00000111078441
1.00000863943430
1.00000283867127
0.00000098736392
-0.99999913605657
1.00000345577372
-0.99999555686236
0.00000333235323
-0.99999592712383
-0.99999271819109
0.00000493681960
0.00000950337773
1.00001012048018
1.00001073758263
1.00001110784410
1.00000604760401
-0.99999777843118
0.00000802233185
0.00000394945568
1.00000876285479
1.00000431971715
0.00000703496793
1.00001197178753
0.00000592418352
-0.99999555686236
-0.99999024978129
0.00000913311626
0.00000999705969
1.00000123420490
-0.99999962973853
1.00001086100312
0.00000962679822
1.00000641786548
1.00000283867127
-0.99999296503207
0.00000000000000
-0.99999395239599
0.00001061416214
0.00000777549087
1.00000555392205
1.00000357919421
0.00000728180891
1.00000666470646
-0.99999568028285
0.00000530708107
-0.99999506318040
1.00000394945568
-0.99998901557639
1.00000506024009
-0.99999654422628
0.00001049074165
0.00001061416214
0.00001073758263

1.5684751235984256E-7
